{"timestamp":"2026-04-13T05:17:30.241070Z","level":"info","event":"DAG bundles loaded: dags-folder, example_dags","logger":"airflow.dag_processing.bundles.manager.DagBundlesManager","filename":"manager.py","lineno":209}
{"timestamp":"2026-04-13T05:17:30.245466Z","level":"info","event":"Filling up the DagBag from /opt/airflow/dags/supplychain360.py","logger":"airflow.dag_processing.dagbag.BundleDagBag","filename":"dagbag.py","lineno":469}
{"timestamp":"2026-04-13T05:17:57.198697Z","level":"warning","event":"urllib3 (2.6.3) or chardet (6.0.0.post1)/charset_normalizer (3.4.6) doesn't match a supported version!","category":"UserWarning","filename":"/home/airflow/.local/lib/python3.13/site-packages/snowflake/connector/vendored/requests/__init__.py","lineno":113,"logger":"py.warnings"}
{"timestamp":"2026-04-13T05:17:57.199221Z","level":"warning","event":"Setting email on a task is deprecated; please migrate to SmtpNotifier.","category":"UserWarning","filename":"/home/airflow/.local/lib/python3.13/site-packages/airflow/providers/standard/operators/python.py","lineno":190,"logger":"py.warnings"}
{"timestamp":"2026-04-13T05:17:57.199519Z","level":"warning","event":"Setting email_on_retry on a task is deprecated; please migrate to SmtpNotifier.","category":"UserWarning","filename":"/home/airflow/.local/lib/python3.13/site-packages/airflow/providers/standard/operators/python.py","lineno":190,"logger":"py.warnings"}
{"timestamp":"2026-04-13T05:17:57.199791Z","level":"warning","event":"Setting email_on_failure on a task is deprecated; please migrate to SmtpNotifier.","category":"UserWarning","filename":"/home/airflow/.local/lib/python3.13/site-packages/airflow/providers/standard/operators/python.py","lineno":190,"logger":"py.warnings"}
{"timestamp":"2026-04-13T05:17:57.200082Z","level":"warning","event":"Setting email on a task is deprecated; please migrate to SmtpNotifier.","category":"UserWarning","filename":"/home/airflow/.local/lib/python3.13/site-packages/airflow/providers/dbt/cloud/operators/dbt.py","lineno":131,"logger":"py.warnings"}
{"timestamp":"2026-04-13T05:17:57.200352Z","level":"warning","event":"Setting email_on_retry on a task is deprecated; please migrate to SmtpNotifier.","category":"UserWarning","filename":"/home/airflow/.local/lib/python3.13/site-packages/airflow/providers/dbt/cloud/operators/dbt.py","lineno":131,"logger":"py.warnings"}
{"timestamp":"2026-04-13T05:17:57.200744Z","level":"warning","event":"Setting email_on_failure on a task is deprecated; please migrate to SmtpNotifier.","category":"UserWarning","filename":"/home/airflow/.local/lib/python3.13/site-packages/airflow/providers/dbt/cloud/operators/dbt.py","lineno":131,"logger":"py.warnings"}
{"timestamp":"2026-04-13T05:17:57.526710Z","level":"info","event":"Task instance is in running state","logger":"task.stdout"}
{"timestamp":"2026-04-13T05:17:57.526969Z","level":"info","event":" Previous state of the Task instance: TaskInstanceState.QUEUED","logger":"task.stdout"}
{"timestamp":"2026-04-13T05:17:57.527131Z","level":"info","event":"Current task name:ingest_google_sheets","logger":"task.stdout"}
{"timestamp":"2026-04-13T05:17:57.527272Z","level":"info","event":"Dag name:supplychain360_dag","logger":"task.stdout"}
{"timestamp":"2026-04-13T05:17:57.529609Z","level":"info","event":"2026-04-13 05:17:57 | include.load.supplychain_ingestion | INFO | [line:13] | Starting Master Data Ingestion (Google Sheets)...","logger":"task.stdout"}
{"timestamp":"2026-04-13T05:17:57.530593Z","level":"info","event":"2026-04-13 05:17:57 | include.extract.google_sheets | INFO | [line:27] | Fetching from Google Sheet: 164vMPKEZARKeGf1AHyJl33gmkbtUpPfz00hSWd2x1io | Range: Sheet1!A1:F1000","logger":"task.stdout"}
{"timestamp":"2026-04-13T05:17:57.806116Z","level":"info","event":"2026-04-13 05:17:57 | include.extract.google_sheets | ERROR | [line:58] | Error extracting from Google Sheets: GSheetsHook.get_values() got an unexpected keyword argument 'range_name'","logger":"task.stdout"}
{"timestamp":"2026-04-13T05:17:57.806611Z","level":"info","event":"2026-04-13 05:17:57 | include.utils.retry | WARNING | [line:30] | GSheetsHook.get_values() got an unexpected keyword argument 'range_name', Retrying in 5 seconds...","logger":"task.stdout"}
{"timestamp":"2026-04-13T05:18:02.807444Z","level":"info","event":"2026-04-13 05:18:02 | include.extract.google_sheets | INFO | [line:27] | Fetching from Google Sheet: 164vMPKEZARKeGf1AHyJl33gmkbtUpPfz00hSWd2x1io | Range: Sheet1!A1:F1000","logger":"task.stdout"}
{"timestamp":"2026-04-13T05:18:02.893674Z","level":"info","event":"2026-04-13 05:18:02 | include.extract.google_sheets | ERROR | [line:58] | Error extracting from Google Sheets: GSheetsHook.get_values() got an unexpected keyword argument 'range_name'","logger":"task.stdout"}
{"timestamp":"2026-04-13T05:18:02.893993Z","level":"info","event":"2026-04-13 05:18:02 | include.utils.retry | WARNING | [line:30] | GSheetsHook.get_values() got an unexpected keyword argument 'range_name', Retrying in 10 seconds...","logger":"task.stdout"}
{"timestamp":"2026-04-13T05:18:13.775085Z","level":"info","event":"2026-04-13 05:18:13 | include.extract.google_sheets | INFO | [line:27] | Fetching from Google Sheet: 164vMPKEZARKeGf1AHyJl33gmkbtUpPfz00hSWd2x1io | Range: Sheet1!A1:F1000","logger":"task.stdout"}
{"timestamp":"2026-04-13T05:18:13.841198Z","level":"info","event":"2026-04-13 05:18:13 | include.extract.google_sheets | ERROR | [line:58] | Error extracting from Google Sheets: GSheetsHook.get_values() got an unexpected keyword argument 'range_name'","logger":"task.stdout"}
{"timestamp":"2026-04-13T05:18:13.841465Z","level":"error","event":"Task failed with exception","logger":"task","filename":"task_runner.py","lineno":1347,"error_detail":[{"exc_type":"TypeError","exc_value":"GSheetsHook.get_values() got an unexpected keyword argument 'range_name'","exc_notes":[],"syntax_error":null,"is_cause":false,"frames":[{"filename":"/home/airflow/.local/lib/python3.13/site-packages/airflow/sdk/execution_time/task_runner.py","lineno":1263,"name":"run"},{"filename":"/home/airflow/.local/lib/python3.13/site-packages/airflow/sdk/execution_time/task_runner.py","lineno":1678,"name":"_execute_task"},{"filename":"/home/airflow/.local/lib/python3.13/site-packages/airflow/sdk/bases/operator.py","lineno":443,"name":"wrapper"},{"filename":"/home/airflow/.local/lib/python3.13/site-packages/airflow/providers/standard/operators/python.py","lineno":227,"name":"execute"},{"filename":"/home/airflow/.local/lib/python3.13/site-packages/airflow/providers/standard/operators/python.py","lineno":250,"name":"execute_callable"},{"filename":"/home/airflow/.local/lib/python3.13/site-packages/airflow/sdk/execution_time/callback_runner.py","lineno":97,"name":"run"},{"filename":"/opt/airflow/dags/include/load/supplychain_ingestion.py","lineno":14,"name":"ingest_master_data"},{"filename":"/opt/airflow/dags/include/utils/retry.py","lineno":34,"name":"wrapper"},{"filename":"/opt/airflow/dags/include/extract/google_sheets.py","lineno":32,"name":"fetch_sheets_data"}],"is_group":false,"exceptions":[]}]}
{"timestamp":"2026-04-13T05:18:13.901221Z","level":"info","event":"Task instance in failure state","logger":"task.stdout"}
{"timestamp":"2026-04-13T05:18:13.901847Z","level":"info","event":"Task start","logger":"task.stdout"}
{"timestamp":"2026-04-13T05:18:13.902025Z","level":"info","event":"Task:<Task(PythonOperator): ingest_google_sheets>","logger":"task.stdout"}
{"timestamp":"2026-04-13T05:18:13.902157Z","level":"info","event":"Failure caused by GSheetsHook.get_values() got an unexpected keyword argument 'range_name'","logger":"task.stdout"}
