{"timestamp":"2026-04-14T10:12:07.682629Z","level":"info","event":"DAG bundles loaded: dags-folder, example_dags","logger":"airflow.dag_processing.bundles.manager.DagBundlesManager","filename":"manager.py","lineno":209}
{"timestamp":"2026-04-14T10:12:07.685012Z","level":"info","event":"Filling up the DagBag from /opt/airflow/dags/supplychain360.py","logger":"airflow.dag_processing.dagbag.BundleDagBag","filename":"dagbag.py","lineno":469}
{"timestamp":"2026-04-14T10:12:29.841148Z","level":"warning","event":"urllib3 (2.6.3) or chardet (6.0.0.post1)/charset_normalizer (3.4.6) doesn't match a supported version!","category":"UserWarning","filename":"/home/airflow/.local/lib/python3.13/site-packages/snowflake/connector/vendored/requests/__init__.py","lineno":113,"logger":"py.warnings"}
{"timestamp":"2026-04-14T10:12:29.841483Z","level":"warning","event":"Setting email on a task is deprecated; please migrate to SmtpNotifier.","category":"UserWarning","filename":"/home/airflow/.local/lib/python3.13/site-packages/airflow/providers/standard/operators/python.py","lineno":190,"logger":"py.warnings"}
{"timestamp":"2026-04-14T10:12:29.841712Z","level":"warning","event":"Setting email_on_retry on a task is deprecated; please migrate to SmtpNotifier.","category":"UserWarning","filename":"/home/airflow/.local/lib/python3.13/site-packages/airflow/providers/standard/operators/python.py","lineno":190,"logger":"py.warnings"}
{"timestamp":"2026-04-14T10:12:29.841956Z","level":"warning","event":"Setting email_on_failure on a task is deprecated; please migrate to SmtpNotifier.","category":"UserWarning","filename":"/home/airflow/.local/lib/python3.13/site-packages/airflow/providers/standard/operators/python.py","lineno":190,"logger":"py.warnings"}
{"timestamp":"2026-04-14T10:12:29.842163Z","level":"warning","event":"Setting email on a task is deprecated; please migrate to SmtpNotifier.","category":"UserWarning","filename":"/home/airflow/.local/lib/python3.13/site-packages/airflow/providers/dbt/cloud/operators/dbt.py","lineno":131,"logger":"py.warnings"}
{"timestamp":"2026-04-14T10:12:29.842371Z","level":"warning","event":"Setting email_on_retry on a task is deprecated; please migrate to SmtpNotifier.","category":"UserWarning","filename":"/home/airflow/.local/lib/python3.13/site-packages/airflow/providers/dbt/cloud/operators/dbt.py","lineno":131,"logger":"py.warnings"}
{"timestamp":"2026-04-14T10:12:29.842569Z","level":"warning","event":"Setting email_on_failure on a task is deprecated; please migrate to SmtpNotifier.","category":"UserWarning","filename":"/home/airflow/.local/lib/python3.13/site-packages/airflow/providers/dbt/cloud/operators/dbt.py","lineno":131,"logger":"py.warnings"}
{"timestamp":"2026-04-14T10:12:30.006624Z","level":"info","event":"Task instance is in running state","logger":"task.stdout"}
{"timestamp":"2026-04-14T10:12:30.006938Z","level":"info","event":" Previous state of the Task instance: TaskInstanceState.QUEUED","logger":"task.stdout"}
{"timestamp":"2026-04-14T10:12:30.007111Z","level":"info","event":"Current task name:ingest_postgres_sales","logger":"task.stdout"}
{"timestamp":"2026-04-14T10:12:30.007314Z","level":"info","event":"Dag name:supplychain360_dag","logger":"task.stdout"}
{"timestamp":"2026-04-14T10:12:30.008978Z","level":"info","event":"2026-04-14 10:12:30 | include.load.ingest_store_sales | INFO | [line:50] | Starting Incremental Sales Ingestion to Snowflake","logger":"task.stdout"}
{"timestamp":"2026-04-14T10:12:30.010339Z","level":"info","event":"2026-04-14 10:12:30 | include.extract.postgres_sales | INFO | [line:71] | Listing sales tables from source schema public","logger":"task.stdout"}
{"timestamp":"2026-04-14T10:12:30.143193Z","level":"info","event":"AWS Connection (conn_id='aws_source', conn_type='aws') credentials retrieved from login and password.","logger":"airflow.providers.amazon.aws.utils.connection_wrapper.AwsConnectionWrapper","filename":"connection_wrapper.py","lineno":331}
{"timestamp":"2026-04-14T10:12:32.553413Z","level":"info","event":"2026-04-14 10:12:32 | include.extract.postgres_sales | INFO | [line:89] | Discovered 7 sales tables.","logger":"task.stdout"}
{"timestamp":"2026-04-14T10:12:32.606786Z","level":"info","event":"2026-04-14 10:12:32 | include.load.ingest_store_sales | WARNING | [line:41] | Could not fetch metadata from Snowflake (likely table doesn't exist): Password was given but private key is not encrypted.","logger":"task.stdout"}
{"timestamp":"2026-04-14T10:12:32.607177Z","level":"info","event":"2026-04-14 10:12:32 | include.load.ingest_store_sales | INFO | [line:64] | Processing sales_2026_03_10...","logger":"task.stdout"}
{"timestamp":"2026-04-14T10:12:32.607494Z","level":"info","event":"2026-04-14 10:12:32 | include.extract.postgres_sales | INFO | [line:137] | Fetching source sales table public.sales_2026_03_10","logger":"task.stdout"}
{"timestamp":"2026-04-14T10:12:46.149837Z","level":"info","event":"2026-04-14 10:12:46 | include.extract.postgres_sales | INFO | [line:148] | Fetched 200000 rows and 11 columns from sales_2026_03_10","logger":"task.stdout"}
{"timestamp":"2026-04-14T10:12:46.346406Z","level":"info","event":"AWS Connection (conn_id='aws_destination', conn_type='aws') credentials retrieved from login and password.","logger":"airflow.providers.amazon.aws.utils.connection_wrapper.AwsConnectionWrapper","filename":"connection_wrapper.py","lineno":331}
{"timestamp":"2026-04-14T10:12:46.923091Z","level":"info","event":"2026-04-14 10:12:46 | include.load.ingest_store_sales | ERROR | [line:85] | Failed to ingest sales_2026_03_10: (\"Expected bytes, got a 'UUID' object\", 'Conversion failed for column transaction_id with type object')","logger":"task.stdout"}
{"timestamp":"2026-04-14T10:12:46.923521Z","level":"info","event":"2026-04-14 10:12:46 | include.load.ingest_store_sales | INFO | [line:64] | Processing sales_2026_03_11...","logger":"task.stdout"}
{"timestamp":"2026-04-14T10:12:46.923675Z","level":"info","event":"2026-04-14 10:12:46 | include.extract.postgres_sales | INFO | [line:137] | Fetching source sales table public.sales_2026_03_11","logger":"task.stdout"}
{"timestamp":"2026-04-14T10:13:11.515512Z","level":"info","event":"2026-04-14 10:13:11 | include.extract.postgres_sales | INFO | [line:148] | Fetched 200000 rows and 11 columns from sales_2026_03_11","logger":"task.stdout"}
{"timestamp":"2026-04-14T10:13:11.738442Z","level":"info","event":"AWS Connection (conn_id='aws_destination', conn_type='aws') credentials retrieved from login and password.","logger":"airflow.providers.amazon.aws.utils.connection_wrapper.AwsConnectionWrapper","filename":"connection_wrapper.py","lineno":331}
{"timestamp":"2026-04-14T10:13:12.673735Z","level":"info","event":"2026-04-14 10:13:12 | include.load.ingest_store_sales | ERROR | [line:85] | Failed to ingest sales_2026_03_11: (\"Expected bytes, got a 'UUID' object\", 'Conversion failed for column transaction_id with type object')","logger":"task.stdout"}
{"timestamp":"2026-04-14T10:13:12.694822Z","level":"info","event":"2026-04-14 10:13:12 | include.load.ingest_store_sales | INFO | [line:64] | Processing sales_2026_03_12...","logger":"task.stdout"}
{"timestamp":"2026-04-14T10:13:12.695370Z","level":"info","event":"2026-04-14 10:13:12 | include.extract.postgres_sales | INFO | [line:137] | Fetching source sales table public.sales_2026_03_12","logger":"task.stdout"}
{"timestamp":"2026-04-14T10:13:23.517223Z","level":"info","event":"2026-04-14 10:13:23 | include.extract.postgres_sales | INFO | [line:148] | Fetched 200000 rows and 11 columns from sales_2026_03_12","logger":"task.stdout"}
{"timestamp":"2026-04-14T10:13:23.708688Z","level":"info","event":"AWS Connection (conn_id='aws_destination', conn_type='aws') credentials retrieved from login and password.","logger":"airflow.providers.amazon.aws.utils.connection_wrapper.AwsConnectionWrapper","filename":"connection_wrapper.py","lineno":331}
{"timestamp":"2026-04-14T10:13:24.175378Z","level":"info","event":"2026-04-14 10:13:24 | include.load.ingest_store_sales | ERROR | [line:85] | Failed to ingest sales_2026_03_12: (\"Expected bytes, got a 'UUID' object\", 'Conversion failed for column transaction_id with type object')","logger":"task.stdout"}
{"timestamp":"2026-04-14T10:13:24.176805Z","level":"info","event":"2026-04-14 10:13:24 | include.load.ingest_store_sales | INFO | [line:64] | Processing sales_2026_03_13...","logger":"task.stdout"}
{"timestamp":"2026-04-14T10:13:24.177338Z","level":"info","event":"2026-04-14 10:13:24 | include.extract.postgres_sales | INFO | [line:137] | Fetching source sales table public.sales_2026_03_13","logger":"task.stdout"}
{"timestamp":"2026-04-14T10:13:33.837125Z","level":"info","event":"2026-04-14 10:13:33 | include.extract.postgres_sales | INFO | [line:148] | Fetched 200000 rows and 11 columns from sales_2026_03_13","logger":"task.stdout"}
{"timestamp":"2026-04-14T10:13:34.035786Z","level":"info","event":"AWS Connection (conn_id='aws_destination', conn_type='aws') credentials retrieved from login and password.","logger":"airflow.providers.amazon.aws.utils.connection_wrapper.AwsConnectionWrapper","filename":"connection_wrapper.py","lineno":331}
{"timestamp":"2026-04-14T10:13:34.415447Z","level":"info","event":"2026-04-14 10:13:34 | include.load.ingest_store_sales | ERROR | [line:85] | Failed to ingest sales_2026_03_13: (\"Expected bytes, got a 'UUID' object\", 'Conversion failed for column transaction_id with type object')","logger":"task.stdout"}
{"timestamp":"2026-04-14T10:13:34.430848Z","level":"info","event":"2026-04-14 10:13:34 | include.load.ingest_store_sales | INFO | [line:64] | Processing sales_2026_03_14...","logger":"task.stdout"}
{"timestamp":"2026-04-14T10:13:34.431051Z","level":"info","event":"2026-04-14 10:13:34 | include.extract.postgres_sales | INFO | [line:137] | Fetching source sales table public.sales_2026_03_14","logger":"task.stdout"}
{"timestamp":"2026-04-14T10:13:42.460169Z","level":"info","event":"2026-04-14 10:13:42 | include.extract.postgres_sales | INFO | [line:148] | Fetched 200000 rows and 11 columns from sales_2026_03_14","logger":"task.stdout"}
{"timestamp":"2026-04-14T10:13:42.610018Z","level":"info","event":"AWS Connection (conn_id='aws_destination', conn_type='aws') credentials retrieved from login and password.","logger":"airflow.providers.amazon.aws.utils.connection_wrapper.AwsConnectionWrapper","filename":"connection_wrapper.py","lineno":331}
{"timestamp":"2026-04-14T10:13:42.909854Z","level":"info","event":"2026-04-14 10:13:42 | include.load.ingest_store_sales | ERROR | [line:85] | Failed to ingest sales_2026_03_14: (\"Expected bytes, got a 'UUID' object\", 'Conversion failed for column transaction_id with type object')","logger":"task.stdout"}
{"timestamp":"2026-04-14T10:13:42.910247Z","level":"info","event":"2026-04-14 10:13:42 | include.load.ingest_store_sales | INFO | [line:64] | Processing sales_2026_03_15...","logger":"task.stdout"}
{"timestamp":"2026-04-14T10:13:42.910434Z","level":"info","event":"2026-04-14 10:13:42 | include.extract.postgres_sales | INFO | [line:137] | Fetching source sales table public.sales_2026_03_15","logger":"task.stdout"}
{"timestamp":"2026-04-14T10:13:52.913329Z","level":"info","event":"2026-04-14 10:13:52 | include.extract.postgres_sales | INFO | [line:148] | Fetched 200000 rows and 11 columns from sales_2026_03_15","logger":"task.stdout"}
{"timestamp":"2026-04-14T10:13:53.128394Z","level":"info","event":"AWS Connection (conn_id='aws_destination', conn_type='aws') credentials retrieved from login and password.","logger":"airflow.providers.amazon.aws.utils.connection_wrapper.AwsConnectionWrapper","filename":"connection_wrapper.py","lineno":331}
{"timestamp":"2026-04-14T10:13:53.488571Z","level":"info","event":"2026-04-14 10:13:53 | include.load.ingest_store_sales | ERROR | [line:85] | Failed to ingest sales_2026_03_15: (\"Expected bytes, got a 'UUID' object\", 'Conversion failed for column transaction_id with type object')","logger":"task.stdout"}
{"timestamp":"2026-04-14T10:13:53.488932Z","level":"info","event":"2026-04-14 10:13:53 | include.load.ingest_store_sales | INFO | [line:64] | Processing sales_2026_03_16...","logger":"task.stdout"}
{"timestamp":"2026-04-14T10:13:53.489151Z","level":"info","event":"2026-04-14 10:13:53 | include.extract.postgres_sales | INFO | [line:137] | Fetching source sales table public.sales_2026_03_16","logger":"task.stdout"}
{"timestamp":"2026-04-14T10:14:02.980375Z","level":"info","event":"2026-04-14 10:14:02 | include.extract.postgres_sales | INFO | [line:148] | Fetched 200000 rows and 11 columns from sales_2026_03_16","logger":"task.stdout"}
{"timestamp":"2026-04-14T10:14:03.132224Z","level":"info","event":"AWS Connection (conn_id='aws_destination', conn_type='aws') credentials retrieved from login and password.","logger":"airflow.providers.amazon.aws.utils.connection_wrapper.AwsConnectionWrapper","filename":"connection_wrapper.py","lineno":331}
{"timestamp":"2026-04-14T10:14:03.542794Z","level":"info","event":"2026-04-14 10:14:03 | include.load.ingest_store_sales | ERROR | [line:85] | Failed to ingest sales_2026_03_16: (\"Expected bytes, got a 'UUID' object\", 'Conversion failed for column transaction_id with type object')","logger":"task.stdout"}
{"timestamp":"2026-04-14T10:14:03.542919Z","level":"info","event":"Done. Returned value was: None","logger":"airflow.task.operators.airflow.providers.standard.operators.python.PythonOperator","filename":"python.py","lineno":229}
{"timestamp":"2026-04-14T10:14:03.583474Z","level":"info","event":"Task instance in success state","logger":"task.stdout"}
{"timestamp":"2026-04-14T10:14:03.583671Z","level":"info","event":" Previous state of the Task instance: TaskInstanceState.RUNNING","logger":"task.stdout"}
{"timestamp":"2026-04-14T10:14:03.583998Z","level":"info","event":"Task operator:<Task(PythonOperator): ingest_postgres_sales>","logger":"task.stdout"}
