{"timestamp":"2026-04-14T10:14:05.640739Z","level":"info","event":"DAG bundles loaded: dags-folder, example_dags","logger":"airflow.dag_processing.bundles.manager.DagBundlesManager","filename":"manager.py","lineno":209}
{"timestamp":"2026-04-14T10:14:05.643261Z","level":"info","event":"Filling up the DagBag from /opt/airflow/dags/supplychain360.py","logger":"airflow.dag_processing.dagbag.BundleDagBag","filename":"dagbag.py","lineno":469}
{"timestamp":"2026-04-14T10:14:13.630357Z","level":"warning","event":"urllib3 (2.6.3) or chardet (6.0.0.post1)/charset_normalizer (3.4.6) doesn't match a supported version!","category":"UserWarning","filename":"/home/airflow/.local/lib/python3.13/site-packages/snowflake/connector/vendored/requests/__init__.py","lineno":113,"logger":"py.warnings"}
{"timestamp":"2026-04-14T10:14:13.631199Z","level":"warning","event":"Setting email on a task is deprecated; please migrate to SmtpNotifier.","category":"UserWarning","filename":"/home/airflow/.local/lib/python3.13/site-packages/airflow/providers/standard/operators/python.py","lineno":190,"logger":"py.warnings"}
{"timestamp":"2026-04-14T10:14:13.631595Z","level":"warning","event":"Setting email_on_retry on a task is deprecated; please migrate to SmtpNotifier.","category":"UserWarning","filename":"/home/airflow/.local/lib/python3.13/site-packages/airflow/providers/standard/operators/python.py","lineno":190,"logger":"py.warnings"}
{"timestamp":"2026-04-14T10:14:13.631909Z","level":"warning","event":"Setting email_on_failure on a task is deprecated; please migrate to SmtpNotifier.","category":"UserWarning","filename":"/home/airflow/.local/lib/python3.13/site-packages/airflow/providers/standard/operators/python.py","lineno":190,"logger":"py.warnings"}
{"timestamp":"2026-04-14T10:14:13.632167Z","level":"warning","event":"Setting email on a task is deprecated; please migrate to SmtpNotifier.","category":"UserWarning","filename":"/home/airflow/.local/lib/python3.13/site-packages/airflow/providers/dbt/cloud/operators/dbt.py","lineno":131,"logger":"py.warnings"}
{"timestamp":"2026-04-14T10:14:13.632471Z","level":"warning","event":"Setting email_on_retry on a task is deprecated; please migrate to SmtpNotifier.","category":"UserWarning","filename":"/home/airflow/.local/lib/python3.13/site-packages/airflow/providers/dbt/cloud/operators/dbt.py","lineno":131,"logger":"py.warnings"}
{"timestamp":"2026-04-14T10:14:13.632760Z","level":"warning","event":"Setting email_on_failure on a task is deprecated; please migrate to SmtpNotifier.","category":"UserWarning","filename":"/home/airflow/.local/lib/python3.13/site-packages/airflow/providers/dbt/cloud/operators/dbt.py","lineno":131,"logger":"py.warnings"}
{"timestamp":"2026-04-14T10:14:13.744265Z","level":"info","event":"Task instance is in running state","logger":"task.stdout"}
{"timestamp":"2026-04-14T10:14:13.744872Z","level":"info","event":" Previous state of the Task instance: TaskInstanceState.QUEUED","logger":"task.stdout"}
{"timestamp":"2026-04-14T10:14:13.745302Z","level":"info","event":"Current task name:run_dbt_transformation","logger":"task.stdout"}
{"timestamp":"2026-04-14T10:14:13.745594Z","level":"info","event":"Dag name:supplychain360_dag","logger":"task.stdout"}
{"timestamp":"2026-04-14T10:14:13.810873Z","level":"warning","event":"ProvidersManager.hooks is deprecated. Use ProvidersManagerTaskRuntime.hooks from task-sdk instead.","category":"DeprecatedImportWarning","filename":"/home/airflow/.local/lib/python3.13/site-packages/airflow/providers/dbt/cloud/hooks/dbt.py","lineno":76,"logger":"py.warnings"}
{"timestamp":"2026-04-14T10:14:14.542315Z","level":"info","event":"Waiting for job run 70471874374463 to terminate.","logger":"airflow.task.operators.airflow.providers.dbt.cloud.operators.dbt.DbtCloudRunJobOperator","filename":"dbt.py","lineno":206}
{"timestamp":"2026-04-14T10:14:14.542745Z","level":"info","event":"Getting the status of job run 70471874374463.","logger":"airflow.task.hooks.airflow.providers.dbt.cloud.hooks.dbt.DbtCloudHook","filename":"dbt.py","lineno":790}
{"timestamp":"2026-04-14T10:14:15.004927Z","level":"info","event":"Current status of job run 70471874374463: STARTING","logger":"airflow.task.hooks.airflow.providers.dbt.cloud.hooks.dbt.DbtCloudHook","filename":"dbt.py","lineno":795}
{"timestamp":"2026-04-14T10:14:45.007719Z","level":"info","event":"Getting the status of job run 70471874374463.","logger":"airflow.task.hooks.airflow.providers.dbt.cloud.hooks.dbt.DbtCloudHook","filename":"dbt.py","lineno":790}
{"timestamp":"2026-04-14T10:14:45.522680Z","level":"info","event":"Current status of job run 70471874374463: ERROR","logger":"airflow.task.hooks.airflow.providers.dbt.cloud.hooks.dbt.DbtCloudHook","filename":"dbt.py","lineno":795}
{"timestamp":"2026-04-14T10:14:45.525527Z","level":"error","event":"Task failed with exception","logger":"task","filename":"task_runner.py","lineno":1325,"error_detail":[{"exc_type":"DbtCloudJobRunException","exc_value":"Job run 70471874374463 reached terminal status ERROR before reaching expected statuses (10,)","exc_notes":[],"syntax_error":null,"is_cause":false,"frames":[{"filename":"/home/airflow/.local/lib/python3.13/site-packages/airflow/sdk/execution_time/task_runner.py","lineno":1263,"name":"run"},{"filename":"/home/airflow/.local/lib/python3.13/site-packages/airflow/sdk/execution_time/task_runner.py","lineno":1678,"name":"_execute_task"},{"filename":"/home/airflow/.local/lib/python3.13/site-packages/airflow/sdk/bases/operator.py","lineno":443,"name":"wrapper"},{"filename":"/home/airflow/.local/lib/python3.13/site-packages/airflow/providers/dbt/cloud/operators/dbt.py","lineno":208,"name":"execute"},{"filename":"/home/airflow/.local/lib/python3.13/site-packages/airflow/providers/dbt/cloud/hooks/dbt.py","lineno":837,"name":"wait_for_job_run_status"}],"is_group":false,"exceptions":[]}]}
{"timestamp":"2026-04-14T10:14:45.691856Z","level":"info","event":"Task instance in failure state","logger":"task.stdout"}
{"timestamp":"2026-04-14T10:14:45.692514Z","level":"info","event":"Task start","logger":"task.stdout"}
{"timestamp":"2026-04-14T10:14:45.692729Z","level":"info","event":"Task:<Task(DbtCloudRunJobOperator): run_dbt_transformation>","logger":"task.stdout"}
{"timestamp":"2026-04-14T10:14:45.693055Z","level":"info","event":"Failure caused by Job run 70471874374463 reached terminal status ERROR before reaching expected statuses (10,)","logger":"task.stdout"}
