{"timestamp":"2026-04-14T09:18:49.825297Z","level":"info","event":"DAG bundles loaded: dags-folder, example_dags","logger":"airflow.dag_processing.bundles.manager.DagBundlesManager","filename":"manager.py","lineno":209}
{"timestamp":"2026-04-14T09:18:49.829605Z","level":"info","event":"Filling up the DagBag from /opt/airflow/dags/supplychain360.py","logger":"airflow.dag_processing.dagbag.BundleDagBag","filename":"dagbag.py","lineno":469}
{"timestamp":"2026-04-14T09:19:12.025695Z","level":"warning","event":"urllib3 (2.6.3) or chardet (6.0.0.post1)/charset_normalizer (3.4.6) doesn't match a supported version!","category":"UserWarning","filename":"/home/airflow/.local/lib/python3.13/site-packages/snowflake/connector/vendored/requests/__init__.py","lineno":113,"logger":"py.warnings"}
{"timestamp":"2026-04-14T09:19:12.026194Z","level":"warning","event":"Setting email on a task is deprecated; please migrate to SmtpNotifier.","category":"UserWarning","filename":"/home/airflow/.local/lib/python3.13/site-packages/airflow/providers/standard/operators/python.py","lineno":190,"logger":"py.warnings"}
{"timestamp":"2026-04-14T09:19:12.026492Z","level":"warning","event":"Setting email_on_retry on a task is deprecated; please migrate to SmtpNotifier.","category":"UserWarning","filename":"/home/airflow/.local/lib/python3.13/site-packages/airflow/providers/standard/operators/python.py","lineno":190,"logger":"py.warnings"}
{"timestamp":"2026-04-14T09:19:12.026773Z","level":"warning","event":"Setting email_on_failure on a task is deprecated; please migrate to SmtpNotifier.","category":"UserWarning","filename":"/home/airflow/.local/lib/python3.13/site-packages/airflow/providers/standard/operators/python.py","lineno":190,"logger":"py.warnings"}
{"timestamp":"2026-04-14T09:19:12.027098Z","level":"warning","event":"Setting email on a task is deprecated; please migrate to SmtpNotifier.","category":"UserWarning","filename":"/home/airflow/.local/lib/python3.13/site-packages/airflow/providers/dbt/cloud/operators/dbt.py","lineno":131,"logger":"py.warnings"}
{"timestamp":"2026-04-14T09:19:12.027368Z","level":"warning","event":"Setting email_on_retry on a task is deprecated; please migrate to SmtpNotifier.","category":"UserWarning","filename":"/home/airflow/.local/lib/python3.13/site-packages/airflow/providers/dbt/cloud/operators/dbt.py","lineno":131,"logger":"py.warnings"}
{"timestamp":"2026-04-14T09:19:12.027637Z","level":"warning","event":"Setting email_on_failure on a task is deprecated; please migrate to SmtpNotifier.","category":"UserWarning","filename":"/home/airflow/.local/lib/python3.13/site-packages/airflow/providers/dbt/cloud/operators/dbt.py","lineno":131,"logger":"py.warnings"}
{"timestamp":"2026-04-14T09:19:12.221664Z","level":"info","event":"Task instance is in running state","logger":"task.stdout"}
{"timestamp":"2026-04-14T09:19:12.222503Z","level":"info","event":" Previous state of the Task instance: TaskInstanceState.QUEUED","logger":"task.stdout"}
{"timestamp":"2026-04-14T09:19:12.222919Z","level":"info","event":"Current task name:ingest_source_s3_datasets","logger":"task.stdout"}
{"timestamp":"2026-04-14T09:19:12.223459Z","level":"info","event":"Dag name:supplychain360_dag","logger":"task.stdout"}
{"timestamp":"2026-04-14T09:19:12.230101Z","level":"info","event":"2026-04-14 09:19:12 | include.load.ingest_s3_datasets | INFO | [line:24] | Processing S3 Dataset: suppliers","logger":"task.stdout"}
{"timestamp":"2026-04-14T09:19:12.231465Z","level":"info","event":"2026-04-14 09:19:12 | include.extract.fetch_s3 | INFO | [line:24] | Fetching csv data from s3://supplychain360-data/raw/suppliers/suppliers.csv","logger":"task.stdout"}
{"timestamp":"2026-04-14T09:19:12.353412Z","level":"info","event":"AWS Connection (conn_id='aws_source', conn_type='aws') credentials retrieved from login and password.","logger":"airflow.providers.amazon.aws.utils.connection_wrapper.AwsConnectionWrapper","filename":"connection_wrapper.py","lineno":331}
{"timestamp":"2026-04-14T09:19:13.858034Z","level":"info","event":"AWS Connection (conn_id='aws_destination', conn_type='aws') credentials retrieved from login and password.","logger":"airflow.providers.amazon.aws.utils.connection_wrapper.AwsConnectionWrapper","filename":"connection_wrapper.py","lineno":331}
{"timestamp":"2026-04-14T09:19:15.594771Z","level":"info","event":"2026-04-14 09:19:15 | include.utils.write_to_s3 | INFO | [line:47] | Successfully wrote 12 rows to s3://supplychain360-raw-dev/raw/suppliers/source_object=suppliers/data.parquet","logger":"task.stdout"}
{"timestamp":"2026-04-14T09:19:15.638316Z","level":"info","event":"2026-04-14 09:19:15 | include.load.snowflake_loader | ERROR | [line:38] | Snowflake Load Error for suppliers: Password was given but private key is not encrypted.","logger":"task.stdout"}
{"timestamp":"2026-04-14T09:19:15.639088Z","level":"info","event":"2026-04-14 09:19:15 | include.load.ingest_s3_datasets | ERROR | [line:47] | Failed to ingest S3 dataset suppliers: Password was given but private key is not encrypted.","logger":"task.stdout"}
{"timestamp":"2026-04-14T09:19:15.639392Z","level":"info","event":"2026-04-14 09:19:15 | include.load.ingest_s3_datasets | INFO | [line:24] | Processing S3 Dataset: warehouses","logger":"task.stdout"}
{"timestamp":"2026-04-14T09:19:15.639862Z","level":"info","event":"2026-04-14 09:19:15 | include.extract.fetch_s3 | INFO | [line:24] | Fetching csv data from s3://supplychain360-data/raw/warehouses/warehouses.csv","logger":"task.stdout"}
{"timestamp":"2026-04-14T09:19:15.695374Z","level":"info","event":"AWS Connection (conn_id='aws_source', conn_type='aws') credentials retrieved from login and password.","logger":"airflow.providers.amazon.aws.utils.connection_wrapper.AwsConnectionWrapper","filename":"connection_wrapper.py","lineno":331}
{"timestamp":"2026-04-14T09:19:16.385965Z","level":"info","event":"AWS Connection (conn_id='aws_destination', conn_type='aws') credentials retrieved from login and password.","logger":"airflow.providers.amazon.aws.utils.connection_wrapper.AwsConnectionWrapper","filename":"connection_wrapper.py","lineno":331}
{"timestamp":"2026-04-14T09:19:16.975705Z","level":"info","event":"2026-04-14 09:19:16 | include.utils.write_to_s3 | INFO | [line:47] | Successfully wrote 10 rows to s3://supplychain360-raw-dev/raw/warehouses/source_object=warehouses/data.parquet","logger":"task.stdout"}
{"timestamp":"2026-04-14T09:19:16.999468Z","level":"info","event":"2026-04-14 09:19:16 | include.load.snowflake_loader | ERROR | [line:38] | Snowflake Load Error for warehouses: Password was given but private key is not encrypted.","logger":"task.stdout"}
{"timestamp":"2026-04-14T09:19:16.999992Z","level":"info","event":"2026-04-14 09:19:16 | include.load.ingest_s3_datasets | ERROR | [line:47] | Failed to ingest S3 dataset warehouses: Password was given but private key is not encrypted.","logger":"task.stdout"}
{"timestamp":"2026-04-14T09:19:17.000312Z","level":"info","event":"2026-04-14 09:19:16 | include.load.ingest_s3_datasets | INFO | [line:24] | Processing S3 Dataset: products","logger":"task.stdout"}
{"timestamp":"2026-04-14T09:19:17.000470Z","level":"info","event":"2026-04-14 09:19:16 | include.extract.fetch_s3 | INFO | [line:24] | Fetching csv data from s3://supplychain360-data/raw/products/products.csv","logger":"task.stdout"}
{"timestamp":"2026-04-14T09:19:17.021691Z","level":"info","event":"AWS Connection (conn_id='aws_source', conn_type='aws') credentials retrieved from login and password.","logger":"airflow.providers.amazon.aws.utils.connection_wrapper.AwsConnectionWrapper","filename":"connection_wrapper.py","lineno":331}
{"timestamp":"2026-04-14T09:19:17.793727Z","level":"info","event":"AWS Connection (conn_id='aws_destination', conn_type='aws') credentials retrieved from login and password.","logger":"airflow.providers.amazon.aws.utils.connection_wrapper.AwsConnectionWrapper","filename":"connection_wrapper.py","lineno":331}
{"timestamp":"2026-04-14T09:19:18.362260Z","level":"info","event":"2026-04-14 09:19:18 | include.utils.write_to_s3 | INFO | [line:47] | Successfully wrote 63 rows to s3://supplychain360-raw-dev/raw/products/source_object=products/data.parquet","logger":"task.stdout"}
{"timestamp":"2026-04-14T09:19:18.450157Z","level":"info","event":"2026-04-14 09:19:18 | include.load.snowflake_loader | ERROR | [line:38] | Snowflake Load Error for products: Password was given but private key is not encrypted.","logger":"task.stdout"}
{"timestamp":"2026-04-14T09:19:18.450727Z","level":"info","event":"2026-04-14 09:19:18 | include.load.ingest_s3_datasets | ERROR | [line:47] | Failed to ingest S3 dataset products: Password was given but private key is not encrypted.","logger":"task.stdout"}
{"timestamp":"2026-04-14T09:19:18.451042Z","level":"info","event":"2026-04-14 09:19:18 | include.load.ingest_s3_datasets | INFO | [line:24] | Processing S3 Dataset: inventory","logger":"task.stdout"}
{"timestamp":"2026-04-14T09:19:18.451527Z","level":"info","event":"2026-04-14 09:19:18 | include.extract.fetch_s3 | INFO | [line:24] | Fetching csv data from s3://supplychain360-data/raw/inventory/","logger":"task.stdout"}
{"timestamp":"2026-04-14T09:19:18.481450Z","level":"info","event":"AWS Connection (conn_id='aws_source', conn_type='aws') credentials retrieved from login and password.","logger":"airflow.providers.amazon.aws.utils.connection_wrapper.AwsConnectionWrapper","filename":"connection_wrapper.py","lineno":331}
{"timestamp":"2026-04-14T09:19:20.682317Z","level":"info","event":"AWS Connection (conn_id='aws_destination', conn_type='aws') credentials retrieved from login and password.","logger":"airflow.providers.amazon.aws.utils.connection_wrapper.AwsConnectionWrapper","filename":"connection_wrapper.py","lineno":331}
{"timestamp":"2026-04-14T09:19:21.885897Z","level":"info","event":"2026-04-14 09:19:21 | include.utils.write_to_s3 | INFO | [line:47] | Successfully wrote 56100 rows to s3://supplychain360-raw-dev/raw/inventory/source_object=inventory/data.parquet","logger":"task.stdout"}
{"timestamp":"2026-04-14T09:19:21.962594Z","level":"info","event":"2026-04-14 09:19:21 | include.load.snowflake_loader | ERROR | [line:38] | Snowflake Load Error for inventory: Password was given but private key is not encrypted.","logger":"task.stdout"}
{"timestamp":"2026-04-14T09:19:21.963270Z","level":"info","event":"2026-04-14 09:19:21 | include.load.ingest_s3_datasets | ERROR | [line:47] | Failed to ingest S3 dataset inventory: Password was given but private key is not encrypted.","logger":"task.stdout"}
{"timestamp":"2026-04-14T09:19:21.963750Z","level":"info","event":"2026-04-14 09:19:21 | include.load.ingest_s3_datasets | INFO | [line:24] | Processing S3 Dataset: shipments","logger":"task.stdout"}
{"timestamp":"2026-04-14T09:19:21.963983Z","level":"info","event":"2026-04-14 09:19:21 | include.extract.fetch_s3 | INFO | [line:24] | Fetching json data from s3://supplychain360-data/raw/shipments/","logger":"task.stdout"}
{"timestamp":"2026-04-14T09:19:21.983413Z","level":"info","event":"AWS Connection (conn_id='aws_source', conn_type='aws') credentials retrieved from login and password.","logger":"airflow.providers.amazon.aws.utils.connection_wrapper.AwsConnectionWrapper","filename":"connection_wrapper.py","lineno":331}
{"timestamp":"2026-04-14T09:19:54.049292Z","level":"info","event":"AWS Connection (conn_id='aws_destination', conn_type='aws') credentials retrieved from login and password.","logger":"airflow.providers.amazon.aws.utils.connection_wrapper.AwsConnectionWrapper","filename":"connection_wrapper.py","lineno":331}
{"timestamp":"2026-04-14T09:20:00.581977Z","level":"info","event":"2026-04-14 09:20:00 | include.utils.write_to_s3 | INFO | [line:47] | Successfully wrote 350000 rows to s3://supplychain360-raw-dev/raw/shipments/source_object=shipments/data.parquet","logger":"task.stdout"}
{"timestamp":"2026-04-14T09:20:00.699104Z","level":"info","event":"2026-04-14 09:20:00 | include.load.snowflake_loader | ERROR | [line:38] | Snowflake Load Error for shipments: Password was given but private key is not encrypted.","logger":"task.stdout"}
{"timestamp":"2026-04-14T09:20:00.699548Z","level":"info","event":"2026-04-14 09:20:00 | include.load.ingest_s3_datasets | ERROR | [line:47] | Failed to ingest S3 dataset shipments: Password was given but private key is not encrypted.","logger":"task.stdout"}
{"timestamp":"2026-04-14T09:20:00.954728Z","level":"info","event":"Done. Returned value was: None","logger":"airflow.task.operators.airflow.providers.standard.operators.python.PythonOperator","filename":"python.py","lineno":229}
{"timestamp":"2026-04-14T09:20:00.994002Z","level":"info","event":"Task instance in success state","logger":"task.stdout"}
{"timestamp":"2026-04-14T09:20:00.994485Z","level":"info","event":" Previous state of the Task instance: TaskInstanceState.RUNNING","logger":"task.stdout"}
{"timestamp":"2026-04-14T09:20:00.994866Z","level":"info","event":"Task operator:<Task(PythonOperator): ingest_source_s3_datasets>","logger":"task.stdout"}
