{"timestamp":"2026-04-14T03:52:26.351485Z","level":"info","event":"DAG bundles loaded: dags-folder, example_dags","logger":"airflow.dag_processing.bundles.manager.DagBundlesManager","filename":"manager.py","lineno":209}
{"timestamp":"2026-04-14T03:52:26.354266Z","level":"info","event":"Filling up the DagBag from /opt/airflow/dags/supplychain360.py","logger":"airflow.dag_processing.dagbag.BundleDagBag","filename":"dagbag.py","lineno":469}
{"timestamp":"2026-04-14T03:52:45.169671Z","level":"warning","event":"urllib3 (2.6.3) or chardet (6.0.0.post1)/charset_normalizer (3.4.6) doesn't match a supported version!","category":"UserWarning","filename":"/home/airflow/.local/lib/python3.13/site-packages/snowflake/connector/vendored/requests/__init__.py","lineno":113,"logger":"py.warnings"}
{"timestamp":"2026-04-14T03:52:45.171074Z","level":"warning","event":"Setting email on a task is deprecated; please migrate to SmtpNotifier.","category":"UserWarning","filename":"/home/airflow/.local/lib/python3.13/site-packages/airflow/providers/standard/operators/python.py","lineno":190,"logger":"py.warnings"}
{"timestamp":"2026-04-14T03:52:45.171429Z","level":"warning","event":"Setting email_on_retry on a task is deprecated; please migrate to SmtpNotifier.","category":"UserWarning","filename":"/home/airflow/.local/lib/python3.13/site-packages/airflow/providers/standard/operators/python.py","lineno":190,"logger":"py.warnings"}
{"timestamp":"2026-04-14T03:52:45.171745Z","level":"warning","event":"Setting email_on_failure on a task is deprecated; please migrate to SmtpNotifier.","category":"UserWarning","filename":"/home/airflow/.local/lib/python3.13/site-packages/airflow/providers/standard/operators/python.py","lineno":190,"logger":"py.warnings"}
{"timestamp":"2026-04-14T03:52:45.172042Z","level":"warning","event":"Setting email on a task is deprecated; please migrate to SmtpNotifier.","category":"UserWarning","filename":"/home/airflow/.local/lib/python3.13/site-packages/airflow/providers/dbt/cloud/operators/dbt.py","lineno":131,"logger":"py.warnings"}
{"timestamp":"2026-04-14T03:52:45.172423Z","level":"warning","event":"Setting email_on_retry on a task is deprecated; please migrate to SmtpNotifier.","category":"UserWarning","filename":"/home/airflow/.local/lib/python3.13/site-packages/airflow/providers/dbt/cloud/operators/dbt.py","lineno":131,"logger":"py.warnings"}
{"timestamp":"2026-04-14T03:52:45.172732Z","level":"warning","event":"Setting email_on_failure on a task is deprecated; please migrate to SmtpNotifier.","category":"UserWarning","filename":"/home/airflow/.local/lib/python3.13/site-packages/airflow/providers/dbt/cloud/operators/dbt.py","lineno":131,"logger":"py.warnings"}
{"timestamp":"2026-04-14T03:52:45.392069Z","level":"info","event":"Task instance is in running state","logger":"task.stdout"}
{"timestamp":"2026-04-14T03:52:45.392447Z","level":"info","event":" Previous state of the Task instance: TaskInstanceState.QUEUED","logger":"task.stdout"}
{"timestamp":"2026-04-14T03:52:45.393090Z","level":"info","event":"Current task name:ingest_source_s3_datasets","logger":"task.stdout"}
{"timestamp":"2026-04-14T03:52:45.393379Z","level":"info","event":"Dag name:supplychain360_dag","logger":"task.stdout"}
{"timestamp":"2026-04-14T03:52:45.400871Z","level":"info","event":"2026-04-14 03:52:45 | include.load.ingest_s3_datasets | INFO | [line:24] | Processing S3 Dataset: suppliers","logger":"task.stdout"}
{"timestamp":"2026-04-14T03:52:45.401346Z","level":"info","event":"2026-04-14 03:52:45 | include.extract.fetch_s3 | INFO | [line:24] | Fetching csv data from s3://supplychain360-data/raw/suppliers/suppliers.csv","logger":"task.stdout"}
{"timestamp":"2026-04-14T03:52:45.615435Z","level":"info","event":"AWS Connection (conn_id='aws_source', conn_type='aws') credentials retrieved from login and password.","logger":"airflow.providers.amazon.aws.utils.connection_wrapper.AwsConnectionWrapper","filename":"connection_wrapper.py","lineno":331}
{"timestamp":"2026-04-14T03:52:48.255262Z","level":"info","event":"2026-04-14 03:52:48 | include.utils.retry | WARNING | [line:30] | Unable to locate credentials, Retrying in 5 seconds...","logger":"task.stdout"}
{"timestamp":"2026-04-14T03:52:53.256204Z","level":"info","event":"2026-04-14 03:52:53 | include.extract.fetch_s3 | INFO | [line:24] | Fetching csv data from s3://supplychain360-data/raw/suppliers/suppliers.csv","logger":"task.stdout"}
{"timestamp":"2026-04-14T03:52:53.307839Z","level":"info","event":"AWS Connection (conn_id='aws_source', conn_type='aws') credentials retrieved from login and password.","logger":"airflow.providers.amazon.aws.utils.connection_wrapper.AwsConnectionWrapper","filename":"connection_wrapper.py","lineno":331}
{"timestamp":"2026-04-14T03:52:55.786637Z","level":"info","event":"2026-04-14 03:52:55 | include.utils.retry | WARNING | [line:30] | Unable to locate credentials, Retrying in 10 seconds...","logger":"task.stdout"}
{"timestamp":"2026-04-14T03:53:05.787845Z","level":"info","event":"2026-04-14 03:53:05 | include.extract.fetch_s3 | INFO | [line:24] | Fetching csv data from s3://supplychain360-data/raw/suppliers/suppliers.csv","logger":"task.stdout"}
{"timestamp":"2026-04-14T03:53:05.849720Z","level":"info","event":"AWS Connection (conn_id='aws_source', conn_type='aws') credentials retrieved from login and password.","logger":"airflow.providers.amazon.aws.utils.connection_wrapper.AwsConnectionWrapper","filename":"connection_wrapper.py","lineno":331}
{"timestamp":"2026-04-14T03:53:08.198687Z","level":"info","event":"2026-04-14 03:53:08 | include.load.ingest_s3_datasets | ERROR | [line:47] | Failed to ingest S3 dataset suppliers: Unable to locate credentials","logger":"task.stdout"}
{"timestamp":"2026-04-14T03:53:08.199621Z","level":"info","event":"2026-04-14 03:53:08 | include.load.ingest_s3_datasets | INFO | [line:24] | Processing S3 Dataset: warehouses","logger":"task.stdout"}
{"timestamp":"2026-04-14T03:53:08.200176Z","level":"info","event":"2026-04-14 03:53:08 | include.extract.fetch_s3 | INFO | [line:24] | Fetching csv data from s3://supplychain360-data/raw/warehouses/warehouses.csv","logger":"task.stdout"}
{"timestamp":"2026-04-14T03:53:08.234344Z","level":"info","event":"AWS Connection (conn_id='aws_source', conn_type='aws') credentials retrieved from login and password.","logger":"airflow.providers.amazon.aws.utils.connection_wrapper.AwsConnectionWrapper","filename":"connection_wrapper.py","lineno":331}
{"timestamp":"2026-04-14T03:53:10.573751Z","level":"info","event":"2026-04-14 03:53:10 | include.utils.retry | WARNING | [line:30] | Unable to locate credentials, Retrying in 5 seconds...","logger":"task.stdout"}
{"timestamp":"2026-04-14T03:53:15.575389Z","level":"info","event":"2026-04-14 03:53:15 | include.extract.fetch_s3 | INFO | [line:24] | Fetching csv data from s3://supplychain360-data/raw/warehouses/warehouses.csv","logger":"task.stdout"}
{"timestamp":"2026-04-14T03:53:15.658447Z","level":"info","event":"AWS Connection (conn_id='aws_source', conn_type='aws') credentials retrieved from login and password.","logger":"airflow.providers.amazon.aws.utils.connection_wrapper.AwsConnectionWrapper","filename":"connection_wrapper.py","lineno":331}
{"timestamp":"2026-04-14T03:53:18.209715Z","level":"info","event":"2026-04-14 03:53:18 | include.utils.retry | WARNING | [line:30] | Unable to locate credentials, Retrying in 10 seconds...","logger":"task.stdout"}
{"timestamp":"2026-04-14T03:53:28.211168Z","level":"info","event":"2026-04-14 03:53:28 | include.extract.fetch_s3 | INFO | [line:24] | Fetching csv data from s3://supplychain360-data/raw/warehouses/warehouses.csv","logger":"task.stdout"}
{"timestamp":"2026-04-14T03:53:28.274801Z","level":"info","event":"AWS Connection (conn_id='aws_source', conn_type='aws') credentials retrieved from login and password.","logger":"airflow.providers.amazon.aws.utils.connection_wrapper.AwsConnectionWrapper","filename":"connection_wrapper.py","lineno":331}
{"timestamp":"2026-04-14T03:53:30.729076Z","level":"info","event":"2026-04-14 03:53:30 | include.load.ingest_s3_datasets | ERROR | [line:47] | Failed to ingest S3 dataset warehouses: Unable to locate credentials","logger":"task.stdout"}
{"timestamp":"2026-04-14T03:53:30.732243Z","level":"info","event":"2026-04-14 03:53:30 | include.load.ingest_s3_datasets | INFO | [line:24] | Processing S3 Dataset: products","logger":"task.stdout"}
{"timestamp":"2026-04-14T03:53:30.733138Z","level":"info","event":"2026-04-14 03:53:30 | include.extract.fetch_s3 | INFO | [line:24] | Fetching csv data from s3://supplychain360-data/raw/products/products.csv","logger":"task.stdout"}
{"timestamp":"2026-04-14T03:53:30.762145Z","level":"info","event":"AWS Connection (conn_id='aws_source', conn_type='aws') credentials retrieved from login and password.","logger":"airflow.providers.amazon.aws.utils.connection_wrapper.AwsConnectionWrapper","filename":"connection_wrapper.py","lineno":331}
{"timestamp":"2026-04-14T03:53:33.381713Z","level":"info","event":"2026-04-14 03:53:33 | include.utils.retry | WARNING | [line:30] | Unable to locate credentials, Retrying in 5 seconds...","logger":"task.stdout"}
{"timestamp":"2026-04-14T03:53:38.390115Z","level":"info","event":"2026-04-14 03:53:38 | include.extract.fetch_s3 | INFO | [line:24] | Fetching csv data from s3://supplychain360-data/raw/products/products.csv","logger":"task.stdout"}
{"timestamp":"2026-04-14T03:53:38.455993Z","level":"info","event":"AWS Connection (conn_id='aws_source', conn_type='aws') credentials retrieved from login and password.","logger":"airflow.providers.amazon.aws.utils.connection_wrapper.AwsConnectionWrapper","filename":"connection_wrapper.py","lineno":331}
{"timestamp":"2026-04-14T03:53:40.833481Z","level":"info","event":"2026-04-14 03:53:40 | include.utils.retry | WARNING | [line:30] | Unable to locate credentials, Retrying in 10 seconds...","logger":"task.stdout"}
{"timestamp":"2026-04-14T03:53:50.834931Z","level":"info","event":"2026-04-14 03:53:50 | include.extract.fetch_s3 | INFO | [line:24] | Fetching csv data from s3://supplychain360-data/raw/products/products.csv","logger":"task.stdout"}
{"timestamp":"2026-04-14T03:53:50.904580Z","level":"info","event":"AWS Connection (conn_id='aws_source', conn_type='aws') credentials retrieved from login and password.","logger":"airflow.providers.amazon.aws.utils.connection_wrapper.AwsConnectionWrapper","filename":"connection_wrapper.py","lineno":331}
{"timestamp":"2026-04-14T03:53:53.308926Z","level":"info","event":"2026-04-14 03:53:53 | include.load.ingest_s3_datasets | ERROR | [line:47] | Failed to ingest S3 dataset products: Unable to locate credentials","logger":"task.stdout"}
{"timestamp":"2026-04-14T03:53:53.309835Z","level":"info","event":"2026-04-14 03:53:53 | include.load.ingest_s3_datasets | INFO | [line:24] | Processing S3 Dataset: inventory","logger":"task.stdout"}
{"timestamp":"2026-04-14T03:53:53.310106Z","level":"info","event":"2026-04-14 03:53:53 | include.extract.fetch_s3 | INFO | [line:24] | Fetching csv data from s3://supplychain360-data/raw/inventory/","logger":"task.stdout"}
{"timestamp":"2026-04-14T03:53:53.338216Z","level":"info","event":"AWS Connection (conn_id='aws_source', conn_type='aws') credentials retrieved from login and password.","logger":"airflow.providers.amazon.aws.utils.connection_wrapper.AwsConnectionWrapper","filename":"connection_wrapper.py","lineno":331}
{"timestamp":"2026-04-14T03:53:55.804469Z","level":"info","event":"2026-04-14 03:53:55 | include.utils.retry | WARNING | [line:30] | Unable to locate credentials, Retrying in 5 seconds...","logger":"task.stdout"}
{"timestamp":"2026-04-14T03:54:00.805865Z","level":"info","event":"2026-04-14 03:54:00 | include.extract.fetch_s3 | INFO | [line:24] | Fetching csv data from s3://supplychain360-data/raw/inventory/","logger":"task.stdout"}
{"timestamp":"2026-04-14T03:54:00.850733Z","level":"info","event":"AWS Connection (conn_id='aws_source', conn_type='aws') credentials retrieved from login and password.","logger":"airflow.providers.amazon.aws.utils.connection_wrapper.AwsConnectionWrapper","filename":"connection_wrapper.py","lineno":331}
{"timestamp":"2026-04-14T03:54:03.157932Z","level":"info","event":"2026-04-14 03:54:03 | include.utils.retry | WARNING | [line:30] | Unable to locate credentials, Retrying in 10 seconds...","logger":"task.stdout"}
{"timestamp":"2026-04-14T03:54:13.160732Z","level":"info","event":"2026-04-14 03:54:13 | include.extract.fetch_s3 | INFO | [line:24] | Fetching csv data from s3://supplychain360-data/raw/inventory/","logger":"task.stdout"}
{"timestamp":"2026-04-14T03:54:13.253834Z","level":"info","event":"AWS Connection (conn_id='aws_source', conn_type='aws') credentials retrieved from login and password.","logger":"airflow.providers.amazon.aws.utils.connection_wrapper.AwsConnectionWrapper","filename":"connection_wrapper.py","lineno":331}
{"timestamp":"2026-04-14T03:54:15.821353Z","level":"info","event":"2026-04-14 03:54:15 | include.load.ingest_s3_datasets | ERROR | [line:47] | Failed to ingest S3 dataset inventory: Unable to locate credentials","logger":"task.stdout"}
{"timestamp":"2026-04-14T03:54:15.822274Z","level":"info","event":"2026-04-14 03:54:15 | include.load.ingest_s3_datasets | INFO | [line:24] | Processing S3 Dataset: shipments","logger":"task.stdout"}
{"timestamp":"2026-04-14T03:54:15.822827Z","level":"info","event":"2026-04-14 03:54:15 | include.extract.fetch_s3 | INFO | [line:24] | Fetching json data from s3://supplychain360-data/raw/shipments/","logger":"task.stdout"}
{"timestamp":"2026-04-14T03:54:15.849266Z","level":"info","event":"AWS Connection (conn_id='aws_source', conn_type='aws') credentials retrieved from login and password.","logger":"airflow.providers.amazon.aws.utils.connection_wrapper.AwsConnectionWrapper","filename":"connection_wrapper.py","lineno":331}
{"timestamp":"2026-04-14T03:54:18.192538Z","level":"info","event":"2026-04-14 03:54:18 | include.utils.retry | WARNING | [line:30] | Unable to locate credentials, Retrying in 5 seconds...","logger":"task.stdout"}
{"timestamp":"2026-04-14T03:54:23.193929Z","level":"info","event":"2026-04-14 03:54:23 | include.extract.fetch_s3 | INFO | [line:24] | Fetching json data from s3://supplychain360-data/raw/shipments/","logger":"task.stdout"}
{"timestamp":"2026-04-14T03:54:23.256044Z","level":"info","event":"AWS Connection (conn_id='aws_source', conn_type='aws') credentials retrieved from login and password.","logger":"airflow.providers.amazon.aws.utils.connection_wrapper.AwsConnectionWrapper","filename":"connection_wrapper.py","lineno":331}
{"timestamp":"2026-04-14T03:54:25.672067Z","level":"info","event":"2026-04-14 03:54:25 | include.utils.retry | WARNING | [line:30] | Unable to locate credentials, Retrying in 10 seconds...","logger":"task.stdout"}
{"timestamp":"2026-04-14T03:54:35.673724Z","level":"info","event":"2026-04-14 03:54:35 | include.extract.fetch_s3 | INFO | [line:24] | Fetching json data from s3://supplychain360-data/raw/shipments/","logger":"task.stdout"}
{"timestamp":"2026-04-14T03:54:35.725077Z","level":"info","event":"AWS Connection (conn_id='aws_source', conn_type='aws') credentials retrieved from login and password.","logger":"airflow.providers.amazon.aws.utils.connection_wrapper.AwsConnectionWrapper","filename":"connection_wrapper.py","lineno":331}
{"timestamp":"2026-04-14T03:54:38.040195Z","level":"info","event":"2026-04-14 03:54:38 | include.load.ingest_s3_datasets | ERROR | [line:47] | Failed to ingest S3 dataset shipments: Unable to locate credentials","logger":"task.stdout"}
{"timestamp":"2026-04-14T03:54:38.041008Z","level":"info","event":"Done. Returned value was: None","logger":"airflow.task.operators.airflow.providers.standard.operators.python.PythonOperator","filename":"python.py","lineno":229}
{"timestamp":"2026-04-14T03:54:38.095527Z","level":"info","event":"Task instance in success state","logger":"task.stdout"}
{"timestamp":"2026-04-14T03:54:38.095969Z","level":"info","event":" Previous state of the Task instance: TaskInstanceState.RUNNING","logger":"task.stdout"}
{"timestamp":"2026-04-14T03:54:38.097428Z","level":"info","event":"Task operator:<Task(PythonOperator): ingest_source_s3_datasets>","logger":"task.stdout"}
