{"timestamp":"2026-04-13T13:13:11.872689Z","level":"info","event":"DAG bundles loaded: dags-folder, example_dags","logger":"airflow.dag_processing.bundles.manager.DagBundlesManager","filename":"manager.py","lineno":209}
{"timestamp":"2026-04-13T13:13:11.876469Z","level":"info","event":"Filling up the DagBag from /opt/airflow/dags/supplychain360.py","logger":"airflow.dag_processing.dagbag.BundleDagBag","filename":"dagbag.py","lineno":469}
{"timestamp":"2026-04-13T13:13:30.070037Z","level":"warning","event":"urllib3 (2.6.3) or chardet (6.0.0.post1)/charset_normalizer (3.4.6) doesn't match a supported version!","category":"UserWarning","filename":"/home/airflow/.local/lib/python3.13/site-packages/snowflake/connector/vendored/requests/__init__.py","lineno":113,"logger":"py.warnings"}
{"timestamp":"2026-04-13T13:13:30.070438Z","level":"warning","event":"Setting email on a task is deprecated; please migrate to SmtpNotifier.","category":"UserWarning","filename":"/home/airflow/.local/lib/python3.13/site-packages/airflow/providers/standard/operators/python.py","lineno":190,"logger":"py.warnings"}
{"timestamp":"2026-04-13T13:13:30.071546Z","level":"warning","event":"Setting email_on_retry on a task is deprecated; please migrate to SmtpNotifier.","category":"UserWarning","filename":"/home/airflow/.local/lib/python3.13/site-packages/airflow/providers/standard/operators/python.py","lineno":190,"logger":"py.warnings"}
{"timestamp":"2026-04-13T13:13:30.072835Z","level":"warning","event":"Setting email_on_failure on a task is deprecated; please migrate to SmtpNotifier.","category":"UserWarning","filename":"/home/airflow/.local/lib/python3.13/site-packages/airflow/providers/standard/operators/python.py","lineno":190,"logger":"py.warnings"}
{"timestamp":"2026-04-13T13:13:30.074975Z","level":"warning","event":"Setting email on a task is deprecated; please migrate to SmtpNotifier.","category":"UserWarning","filename":"/home/airflow/.local/lib/python3.13/site-packages/airflow/providers/dbt/cloud/operators/dbt.py","lineno":131,"logger":"py.warnings"}
{"timestamp":"2026-04-13T13:13:30.075716Z","level":"warning","event":"Setting email_on_retry on a task is deprecated; please migrate to SmtpNotifier.","category":"UserWarning","filename":"/home/airflow/.local/lib/python3.13/site-packages/airflow/providers/dbt/cloud/operators/dbt.py","lineno":131,"logger":"py.warnings"}
{"timestamp":"2026-04-13T13:13:30.076911Z","level":"warning","event":"Setting email_on_failure on a task is deprecated; please migrate to SmtpNotifier.","category":"UserWarning","filename":"/home/airflow/.local/lib/python3.13/site-packages/airflow/providers/dbt/cloud/operators/dbt.py","lineno":131,"logger":"py.warnings"}
{"timestamp":"2026-04-13T13:13:30.340066Z","level":"info","event":"Task instance is in running state","logger":"task.stdout"}
{"timestamp":"2026-04-13T13:13:30.340878Z","level":"info","event":" Previous state of the Task instance: TaskInstanceState.QUEUED","logger":"task.stdout"}
{"timestamp":"2026-04-13T13:13:30.341566Z","level":"info","event":"Current task name:ingest_source_s3_datasets","logger":"task.stdout"}
{"timestamp":"2026-04-13T13:13:30.342175Z","level":"info","event":"Dag name:supplychain360_dag","logger":"task.stdout"}
{"timestamp":"2026-04-13T13:13:30.343883Z","level":"info","event":"2026-04-13 13:13:30 | include.load.ingest_s3_datasets | INFO | [line:24] | Processing S3 Dataset: suppliers","logger":"task.stdout"}
{"timestamp":"2026-04-13T13:13:30.345308Z","level":"info","event":"2026-04-13 13:13:30 | include.extract.fetch_s3 | INFO | [line:21] | Fetching csv data from s3://supplychain360-data/raw/suppliers/suppliers.csv","logger":"task.stdout"}
{"timestamp":"2026-04-13T13:13:30.505584Z","level":"info","event":"AWS Connection (conn_id='aws_source', conn_type='aws') credentials retrieved from login and password.","logger":"airflow.providers.amazon.aws.utils.connection_wrapper.AwsConnectionWrapper","filename":"connection_wrapper.py","lineno":331}
{"timestamp":"2026-04-13T13:13:30.622000Z","level":"info","event":"2026-04-13 13:13:30 | include.utils.retry | WARNING | [line:30] | Following arguments are not supported in distributed mode with engine `EngineEnum.RAY`: `boto3_session`., Retrying in 5 seconds...","logger":"task.stdout"}
{"timestamp":"2026-04-13T13:13:35.624410Z","level":"info","event":"2026-04-13 13:13:35 | include.extract.fetch_s3 | INFO | [line:21] | Fetching csv data from s3://supplychain360-data/raw/suppliers/suppliers.csv","logger":"task.stdout"}
{"timestamp":"2026-04-13T13:13:35.673193Z","level":"info","event":"AWS Connection (conn_id='aws_source', conn_type='aws') credentials retrieved from login and password.","logger":"airflow.providers.amazon.aws.utils.connection_wrapper.AwsConnectionWrapper","filename":"connection_wrapper.py","lineno":331}
{"timestamp":"2026-04-13T13:13:35.709694Z","level":"info","event":"2026-04-13 13:13:35 | include.utils.retry | WARNING | [line:30] | Following arguments are not supported in distributed mode with engine `EngineEnum.RAY`: `boto3_session`., Retrying in 10 seconds...","logger":"task.stdout"}
{"timestamp":"2026-04-13T13:13:45.045386Z","level":"info","event":"2026-04-13 13:13:45 | include.extract.fetch_s3 | INFO | [line:21] | Fetching csv data from s3://supplychain360-data/raw/suppliers/suppliers.csv","logger":"task.stdout"}
{"timestamp":"2026-04-13T13:13:45.092428Z","level":"info","event":"AWS Connection (conn_id='aws_source', conn_type='aws') credentials retrieved from login and password.","logger":"airflow.providers.amazon.aws.utils.connection_wrapper.AwsConnectionWrapper","filename":"connection_wrapper.py","lineno":331}
{"timestamp":"2026-04-13T13:13:45.155796Z","level":"info","event":"2026-04-13 13:13:45 | include.load.ingest_s3_datasets | ERROR | [line:47] | Failed to ingest S3 dataset suppliers: Following arguments are not supported in distributed mode with engine `EngineEnum.RAY`: `boto3_session`.","logger":"task.stdout"}
{"timestamp":"2026-04-13T13:13:45.156392Z","level":"info","event":"2026-04-13 13:13:45 | include.load.ingest_s3_datasets | INFO | [line:24] | Processing S3 Dataset: warehouses","logger":"task.stdout"}
{"timestamp":"2026-04-13T13:13:45.156600Z","level":"info","event":"2026-04-13 13:13:45 | include.extract.fetch_s3 | INFO | [line:21] | Fetching csv data from s3://supplychain360-data/raw/warehouses/warehouses.csv","logger":"task.stdout"}
{"timestamp":"2026-04-13T13:13:45.185389Z","level":"info","event":"AWS Connection (conn_id='aws_source', conn_type='aws') credentials retrieved from login and password.","logger":"airflow.providers.amazon.aws.utils.connection_wrapper.AwsConnectionWrapper","filename":"connection_wrapper.py","lineno":331}
{"timestamp":"2026-04-13T13:13:45.245106Z","level":"info","event":"2026-04-13 13:13:45 | include.utils.retry | WARNING | [line:30] | Following arguments are not supported in distributed mode with engine `EngineEnum.RAY`: `boto3_session`., Retrying in 5 seconds...","logger":"task.stdout"}
{"timestamp":"2026-04-13T13:13:50.245688Z","level":"info","event":"2026-04-13 13:13:50 | include.extract.fetch_s3 | INFO | [line:21] | Fetching csv data from s3://supplychain360-data/raw/warehouses/warehouses.csv","logger":"task.stdout"}
{"timestamp":"2026-04-13T13:13:50.285114Z","level":"info","event":"AWS Connection (conn_id='aws_source', conn_type='aws') credentials retrieved from login and password.","logger":"airflow.providers.amazon.aws.utils.connection_wrapper.AwsConnectionWrapper","filename":"connection_wrapper.py","lineno":331}
{"timestamp":"2026-04-13T13:13:50.329644Z","level":"info","event":"2026-04-13 13:13:50 | include.utils.retry | WARNING | [line:30] | Following arguments are not supported in distributed mode with engine `EngineEnum.RAY`: `boto3_session`., Retrying in 10 seconds...","logger":"task.stdout"}
{"timestamp":"2026-04-13T13:14:00.330488Z","level":"info","event":"2026-04-13 13:14:00 | include.extract.fetch_s3 | INFO | [line:21] | Fetching csv data from s3://supplychain360-data/raw/warehouses/warehouses.csv","logger":"task.stdout"}
{"timestamp":"2026-04-13T13:14:00.423313Z","level":"info","event":"AWS Connection (conn_id='aws_source', conn_type='aws') credentials retrieved from login and password.","logger":"airflow.providers.amazon.aws.utils.connection_wrapper.AwsConnectionWrapper","filename":"connection_wrapper.py","lineno":331}
{"timestamp":"2026-04-13T13:14:00.514963Z","level":"info","event":"2026-04-13 13:14:00 | include.load.ingest_s3_datasets | ERROR | [line:47] | Failed to ingest S3 dataset warehouses: Following arguments are not supported in distributed mode with engine `EngineEnum.RAY`: `boto3_session`.","logger":"task.stdout"}
{"timestamp":"2026-04-13T13:14:00.516239Z","level":"info","event":"2026-04-13 13:14:00 | include.load.ingest_s3_datasets | INFO | [line:24] | Processing S3 Dataset: products","logger":"task.stdout"}
{"timestamp":"2026-04-13T13:14:00.517035Z","level":"info","event":"2026-04-13 13:14:00 | include.extract.fetch_s3 | INFO | [line:21] | Fetching csv data from s3://supplychain360-data/raw/products/products.csv","logger":"task.stdout"}
{"timestamp":"2026-04-13T13:14:00.545661Z","level":"info","event":"AWS Connection (conn_id='aws_source', conn_type='aws') credentials retrieved from login and password.","logger":"airflow.providers.amazon.aws.utils.connection_wrapper.AwsConnectionWrapper","filename":"connection_wrapper.py","lineno":331}
{"timestamp":"2026-04-13T13:14:00.616094Z","level":"info","event":"2026-04-13 13:14:00 | include.utils.retry | WARNING | [line:30] | Following arguments are not supported in distributed mode with engine `EngineEnum.RAY`: `boto3_session`., Retrying in 5 seconds...","logger":"task.stdout"}
{"timestamp":"2026-04-13T13:14:05.617513Z","level":"info","event":"2026-04-13 13:14:05 | include.extract.fetch_s3 | INFO | [line:21] | Fetching csv data from s3://supplychain360-data/raw/products/products.csv","logger":"task.stdout"}
{"timestamp":"2026-04-13T13:14:05.682661Z","level":"info","event":"AWS Connection (conn_id='aws_source', conn_type='aws') credentials retrieved from login and password.","logger":"airflow.providers.amazon.aws.utils.connection_wrapper.AwsConnectionWrapper","filename":"connection_wrapper.py","lineno":331}
{"timestamp":"2026-04-13T13:14:05.765370Z","level":"info","event":"2026-04-13 13:14:05 | include.utils.retry | WARNING | [line:30] | Following arguments are not supported in distributed mode with engine `EngineEnum.RAY`: `boto3_session`., Retrying in 10 seconds...","logger":"task.stdout"}
{"timestamp":"2026-04-13T13:14:15.096884Z","level":"info","event":"2026-04-13 13:14:15 | include.extract.fetch_s3 | INFO | [line:21] | Fetching csv data from s3://supplychain360-data/raw/products/products.csv","logger":"task.stdout"}
{"timestamp":"2026-04-13T13:14:15.165452Z","level":"info","event":"AWS Connection (conn_id='aws_source', conn_type='aws') credentials retrieved from login and password.","logger":"airflow.providers.amazon.aws.utils.connection_wrapper.AwsConnectionWrapper","filename":"connection_wrapper.py","lineno":331}
{"timestamp":"2026-04-13T13:14:15.220918Z","level":"info","event":"2026-04-13 13:14:15 | include.load.ingest_s3_datasets | ERROR | [line:47] | Failed to ingest S3 dataset products: Following arguments are not supported in distributed mode with engine `EngineEnum.RAY`: `boto3_session`.","logger":"task.stdout"}
{"timestamp":"2026-04-13T13:14:15.221842Z","level":"info","event":"2026-04-13 13:14:15 | include.load.ingest_s3_datasets | INFO | [line:24] | Processing S3 Dataset: inventory","logger":"task.stdout"}
{"timestamp":"2026-04-13T13:14:15.222335Z","level":"info","event":"2026-04-13 13:14:15 | include.extract.fetch_s3 | INFO | [line:21] | Fetching csv data from s3://supplychain360-data/raw/inventory/","logger":"task.stdout"}
{"timestamp":"2026-04-13T13:14:15.253768Z","level":"info","event":"AWS Connection (conn_id='aws_source', conn_type='aws') credentials retrieved from login and password.","logger":"airflow.providers.amazon.aws.utils.connection_wrapper.AwsConnectionWrapper","filename":"connection_wrapper.py","lineno":331}
{"timestamp":"2026-04-13T13:14:15.310140Z","level":"info","event":"2026-04-13 13:14:15 | include.utils.retry | WARNING | [line:30] | Following arguments are not supported in distributed mode with engine `EngineEnum.RAY`: `boto3_session`., Retrying in 5 seconds...","logger":"task.stdout"}
{"timestamp":"2026-04-13T13:14:20.311251Z","level":"info","event":"2026-04-13 13:14:20 | include.extract.fetch_s3 | INFO | [line:21] | Fetching csv data from s3://supplychain360-data/raw/inventory/","logger":"task.stdout"}
{"timestamp":"2026-04-13T13:14:20.388708Z","level":"info","event":"AWS Connection (conn_id='aws_source', conn_type='aws') credentials retrieved from login and password.","logger":"airflow.providers.amazon.aws.utils.connection_wrapper.AwsConnectionWrapper","filename":"connection_wrapper.py","lineno":331}
{"timestamp":"2026-04-13T13:14:20.456264Z","level":"info","event":"2026-04-13 13:14:20 | include.utils.retry | WARNING | [line:30] | Following arguments are not supported in distributed mode with engine `EngineEnum.RAY`: `boto3_session`., Retrying in 10 seconds...","logger":"task.stdout"}
{"timestamp":"2026-04-13T13:14:30.457002Z","level":"info","event":"2026-04-13 13:14:30 | include.extract.fetch_s3 | INFO | [line:21] | Fetching csv data from s3://supplychain360-data/raw/inventory/","logger":"task.stdout"}
{"timestamp":"2026-04-13T13:14:30.496131Z","level":"info","event":"AWS Connection (conn_id='aws_source', conn_type='aws') credentials retrieved from login and password.","logger":"airflow.providers.amazon.aws.utils.connection_wrapper.AwsConnectionWrapper","filename":"connection_wrapper.py","lineno":331}
{"timestamp":"2026-04-13T13:14:30.528008Z","level":"info","event":"2026-04-13 13:14:30 | include.load.ingest_s3_datasets | ERROR | [line:47] | Failed to ingest S3 dataset inventory: Following arguments are not supported in distributed mode with engine `EngineEnum.RAY`: `boto3_session`.","logger":"task.stdout"}
{"timestamp":"2026-04-13T13:14:30.528436Z","level":"info","event":"2026-04-13 13:14:30 | include.load.ingest_s3_datasets | INFO | [line:24] | Processing S3 Dataset: shipments","logger":"task.stdout"}
{"timestamp":"2026-04-13T13:14:30.528705Z","level":"info","event":"2026-04-13 13:14:30 | include.extract.fetch_s3 | INFO | [line:21] | Fetching json data from s3://supplychain360-data/raw/shipments/","logger":"task.stdout"}
{"timestamp":"2026-04-13T13:14:30.549458Z","level":"info","event":"AWS Connection (conn_id='aws_source', conn_type='aws') credentials retrieved from login and password.","logger":"airflow.providers.amazon.aws.utils.connection_wrapper.AwsConnectionWrapper","filename":"connection_wrapper.py","lineno":331}
{"timestamp":"2026-04-13T13:14:30.588534Z","level":"info","event":"2026-04-13 13:14:30 | include.utils.retry | WARNING | [line:30] | Following arguments are not supported in distributed mode with engine `EngineEnum.RAY`: `boto3_session`., Retrying in 5 seconds...","logger":"task.stdout"}
{"timestamp":"2026-04-13T13:14:35.589246Z","level":"info","event":"2026-04-13 13:14:35 | include.extract.fetch_s3 | INFO | [line:21] | Fetching json data from s3://supplychain360-data/raw/shipments/","logger":"task.stdout"}
{"timestamp":"2026-04-13T13:14:35.635030Z","level":"info","event":"AWS Connection (conn_id='aws_source', conn_type='aws') credentials retrieved from login and password.","logger":"airflow.providers.amazon.aws.utils.connection_wrapper.AwsConnectionWrapper","filename":"connection_wrapper.py","lineno":331}
{"timestamp":"2026-04-13T13:14:35.686803Z","level":"info","event":"2026-04-13 13:14:35 | include.utils.retry | WARNING | [line:30] | Following arguments are not supported in distributed mode with engine `EngineEnum.RAY`: `boto3_session`., Retrying in 10 seconds...","logger":"task.stdout"}
{"timestamp":"2026-04-13T13:14:45.010298Z","level":"info","event":"2026-04-13 13:14:45 | include.extract.fetch_s3 | INFO | [line:21] | Fetching json data from s3://supplychain360-data/raw/shipments/","logger":"task.stdout"}
{"timestamp":"2026-04-13T13:14:45.056388Z","level":"info","event":"AWS Connection (conn_id='aws_source', conn_type='aws') credentials retrieved from login and password.","logger":"airflow.providers.amazon.aws.utils.connection_wrapper.AwsConnectionWrapper","filename":"connection_wrapper.py","lineno":331}
{"timestamp":"2026-04-13T13:14:45.127259Z","level":"info","event":"2026-04-13 13:14:45 | include.load.ingest_s3_datasets | ERROR | [line:47] | Failed to ingest S3 dataset shipments: Following arguments are not supported in distributed mode with engine `EngineEnum.RAY`: `boto3_session`.","logger":"task.stdout"}
{"timestamp":"2026-04-13T13:14:45.127547Z","level":"info","event":"Done. Returned value was: None","logger":"airflow.task.operators.airflow.providers.standard.operators.python.PythonOperator","filename":"python.py","lineno":229}
{"timestamp":"2026-04-13T13:14:45.220846Z","level":"info","event":"Task instance in success state","logger":"task.stdout"}
{"timestamp":"2026-04-13T13:14:45.221126Z","level":"info","event":" Previous state of the Task instance: TaskInstanceState.RUNNING","logger":"task.stdout"}
{"timestamp":"2026-04-13T13:14:45.221687Z","level":"info","event":"Task operator:<Task(PythonOperator): ingest_source_s3_datasets>","logger":"task.stdout"}
