{"timestamp":"2026-04-13T13:37:01.152564Z","level":"info","event":"DAG bundles loaded: dags-folder, example_dags","logger":"airflow.dag_processing.bundles.manager.DagBundlesManager","filename":"manager.py","lineno":209}
{"timestamp":"2026-04-13T13:37:01.154791Z","level":"info","event":"Filling up the DagBag from /opt/airflow/dags/supplychain360.py","logger":"airflow.dag_processing.dagbag.BundleDagBag","filename":"dagbag.py","lineno":469}
{"timestamp":"2026-04-13T13:37:12.566797Z","level":"warning","event":"urllib3 (2.6.3) or chardet (6.0.0.post1)/charset_normalizer (3.4.6) doesn't match a supported version!","category":"UserWarning","filename":"/home/airflow/.local/lib/python3.13/site-packages/snowflake/connector/vendored/requests/__init__.py","lineno":113,"logger":"py.warnings"}
{"timestamp":"2026-04-13T13:37:12.567106Z","level":"warning","event":"Setting email on a task is deprecated; please migrate to SmtpNotifier.","category":"UserWarning","filename":"/home/airflow/.local/lib/python3.13/site-packages/airflow/providers/standard/operators/python.py","lineno":190,"logger":"py.warnings"}
{"timestamp":"2026-04-13T13:37:12.567278Z","level":"warning","event":"Setting email_on_retry on a task is deprecated; please migrate to SmtpNotifier.","category":"UserWarning","filename":"/home/airflow/.local/lib/python3.13/site-packages/airflow/providers/standard/operators/python.py","lineno":190,"logger":"py.warnings"}
{"timestamp":"2026-04-13T13:37:12.567510Z","level":"warning","event":"Setting email_on_failure on a task is deprecated; please migrate to SmtpNotifier.","category":"UserWarning","filename":"/home/airflow/.local/lib/python3.13/site-packages/airflow/providers/standard/operators/python.py","lineno":190,"logger":"py.warnings"}
{"timestamp":"2026-04-13T13:37:12.567806Z","level":"warning","event":"Setting email on a task is deprecated; please migrate to SmtpNotifier.","category":"UserWarning","filename":"/home/airflow/.local/lib/python3.13/site-packages/airflow/providers/dbt/cloud/operators/dbt.py","lineno":131,"logger":"py.warnings"}
{"timestamp":"2026-04-13T13:37:12.568017Z","level":"warning","event":"Setting email_on_retry on a task is deprecated; please migrate to SmtpNotifier.","category":"UserWarning","filename":"/home/airflow/.local/lib/python3.13/site-packages/airflow/providers/dbt/cloud/operators/dbt.py","lineno":131,"logger":"py.warnings"}
{"timestamp":"2026-04-13T13:37:12.568208Z","level":"warning","event":"Setting email_on_failure on a task is deprecated; please migrate to SmtpNotifier.","category":"UserWarning","filename":"/home/airflow/.local/lib/python3.13/site-packages/airflow/providers/dbt/cloud/operators/dbt.py","lineno":131,"logger":"py.warnings"}
{"timestamp":"2026-04-13T13:37:12.737786Z","level":"info","event":"Task instance is in running state","logger":"task.stdout"}
{"timestamp":"2026-04-13T13:37:12.738124Z","level":"info","event":" Previous state of the Task instance: TaskInstanceState.QUEUED","logger":"task.stdout"}
{"timestamp":"2026-04-13T13:37:12.738429Z","level":"info","event":"Current task name:ingest_postgres_sales","logger":"task.stdout"}
{"timestamp":"2026-04-13T13:37:12.738605Z","level":"info","event":"Dag name:supplychain360_dag","logger":"task.stdout"}
{"timestamp":"2026-04-13T13:37:12.743206Z","level":"info","event":"2026-04-13 13:37:12 | include.load.ingest_store_sales | INFO | [line:50] | Starting Incremental Sales Ingestion to Snowflake","logger":"task.stdout"}
{"timestamp":"2026-04-13T13:37:12.745685Z","level":"info","event":"2026-04-13 13:37:12 | include.extract.postgres_sales | INFO | [line:64] | Listing sales tables from source schema public","logger":"task.stdout"}
{"timestamp":"2026-04-13T13:37:12.892060Z","level":"info","event":"AWS Connection (conn_id='aws_source', conn_type='aws') credentials retrieved from login and password.","logger":"airflow.providers.amazon.aws.utils.connection_wrapper.AwsConnectionWrapper","filename":"connection_wrapper.py","lineno":331}
{"timestamp":"2026-04-13T13:37:12.923980Z","level":"warning","event":"ProvidersManager.hooks is deprecated. Use ProvidersManagerTaskRuntime.hooks from task-sdk instead.","category":"DeprecatedImportWarning","filename":"/home/airflow/.local/lib/python3.13/site-packages/airflow/providers/amazon/aws/hooks/base_aws.py","lineno":520,"logger":"py.warnings"}
{"timestamp":"2026-04-13T13:37:15.196041Z","level":"info","event":"2026-04-13 13:37:15 | include.extract.postgres_sales | INFO | [line:83] | Discovered 7 sales tables.","logger":"task.stdout"}
{"timestamp":"2026-04-13T13:37:15.225402Z","level":"info","event":"2026-04-13 13:37:15 | include.load.ingest_store_sales | WARNING | [line:41] | Could not fetch metadata from Snowflake (likely table doesn't exist): Password was given but private key is not encrypted.","logger":"task.stdout"}
{"timestamp":"2026-04-13T13:37:15.226360Z","level":"info","event":"2026-04-13 13:37:15 | include.load.ingest_store_sales | INFO | [line:64] | Processing sales_2026_03_10...","logger":"task.stdout"}
{"timestamp":"2026-04-13T13:37:15.227137Z","level":"info","event":"2026-04-13 13:37:15 | include.extract.postgres_sales | INFO | [line:134] | Fetching source sales table public.sales_2026_03_10","logger":"task.stdout"}
{"timestamp":"2026-04-13T13:37:15.248952Z","level":"info","event":"AWS Connection (conn_id='aws_source', conn_type='aws') credentials retrieved from login and password.","logger":"airflow.providers.amazon.aws.utils.connection_wrapper.AwsConnectionWrapper","filename":"connection_wrapper.py","lineno":331}
{"timestamp":"2026-04-13T13:40:11.909887Z","level":"info","event":"2026-04-13 13:40:11 | include.extract.postgres_sales | INFO | [line:145] | Fetched 200000 rows and 11 columns from sales_2026_03_10","logger":"task.stdout"}
{"timestamp":"2026-04-13T13:40:12.535888Z","level":"info","event":"AWS Connection (conn_id='aws_destination', conn_type='aws') credentials retrieved from login and password.","logger":"airflow.providers.amazon.aws.utils.connection_wrapper.AwsConnectionWrapper","filename":"connection_wrapper.py","lineno":331}
{"timestamp":"2026-04-13T13:40:16.263016Z","level":"info","event":"Initializing a Ray instance","logger":"awswrangler.distributed.ray._core","filename":"_core.py","lineno":202}
{"timestamp":"2026-04-13T13:40:30.205271Z","level":"error","event":"2026-04-13 13:40:30,197\tWARNING services.py:2168 -- WARNING: The object store is using /tmp instead of /dev/shm because /dev/shm has only 67043328 bytes available. This will harm performance! You may be able to free up space by deleting files in /dev/shm. If you are inside a Docker container, you can increase /dev/shm size by passing '--shm-size=1.58gb' to 'docker run' (or add it to the run_options list in a Ray cluster config). Make sure to set this to more than 30% of available RAM.","logger":"task.stderr"}
{"timestamp":"2026-04-13T13:41:01.759631Z","level":"error","event":"2026-04-13 13:41:00,957\tINFO node.py:375 -- Failed to get node info b'RPC error: Deadline Exceeded'","logger":"task.stderr"}
{"timestamp":"2026-04-13T13:41:01.888412Z","level":"info","event":"2026-04-13 13:41:01 | include.load.ingest_store_sales | ERROR | [line:85] | Failed to ingest sales_2026_03_10: The current node timed out during startup. This could happen because some of the raylet failed to startup or the GCS has become overloaded.","logger":"task.stdout"}
{"timestamp":"2026-04-13T13:41:01.959928Z","level":"info","event":"2026-04-13 13:41:01 | include.load.ingest_store_sales | INFO | [line:64] | Processing sales_2026_03_11...","logger":"task.stdout"}
{"timestamp":"2026-04-13T13:41:01.976555Z","level":"info","event":"2026-04-13 13:41:01 | include.extract.postgres_sales | INFO | [line:134] | Fetching source sales table public.sales_2026_03_11","logger":"task.stdout"}
{"timestamp":"2026-04-13T13:41:03.043189Z","level":"info","event":"AWS Connection (conn_id='aws_source', conn_type='aws') credentials retrieved from login and password.","logger":"airflow.providers.amazon.aws.utils.connection_wrapper.AwsConnectionWrapper","filename":"connection_wrapper.py","lineno":331}
{"timestamp":"2026-04-13T13:41:03.703262Z","level":"warning","event":"ProvidersManager.hooks is deprecated. Use ProvidersManagerTaskRuntime.hooks from task-sdk instead.","category":"DeprecatedImportWarning","filename":"/home/airflow/.local/lib/python3.13/site-packages/airflow/providers/amazon/aws/hooks/base_aws.py","lineno":520,"logger":"py.warnings"}
{"timestamp":"2026-04-13T13:51:33.012432Z","level":"info","event":"2026-04-13 13:51:33 | include.extract.postgres_sales | ERROR | [line:155] | Error fetching table sales_2026_03_11: (psycopg2.OperationalError) server closed the connection unexpectedly","logger":"task.stdout"}
{"timestamp":"2026-04-13T13:51:33.020722Z","level":"info","event":"\tThis probably means the server terminated abnormally","logger":"task.stdout"}
{"timestamp":"2026-04-13T13:51:33.021208Z","level":"info","event":"\tbefore or while processing the request.","logger":"task.stdout"}
{"timestamp":"2026-04-13T13:51:33.021452Z","level":"info","event":"server closed the connection unexpectedly","logger":"task.stdout"}
{"timestamp":"2026-04-13T13:51:33.021642Z","level":"info","event":"\tThis probably means the server terminated abnormally","logger":"task.stdout"}
{"timestamp":"2026-04-13T13:51:33.021950Z","level":"info","event":"\tbefore or while processing the request.","logger":"task.stdout"}
{"timestamp":"2026-04-13T13:51:33.022144Z","level":"info","event":"","logger":"task.stdout"}
{"timestamp":"2026-04-13T13:51:33.022331Z","level":"info","event":"(Background on this error at: https://sqlalche.me/e/20/e3q8)","logger":"task.stdout"}
{"timestamp":"2026-04-13T13:51:33.022700Z","level":"info","event":"2026-04-13 13:51:33 | include.utils.retry | WARNING | [line:30] | (psycopg2.OperationalError) server closed the connection unexpectedly","logger":"task.stdout"}
{"timestamp":"2026-04-13T13:51:33.023380Z","level":"info","event":"\tThis probably means the server terminated abnormally","logger":"task.stdout"}
{"timestamp":"2026-04-13T13:51:33.023716Z","level":"info","event":"\tbefore or while processing the request.","logger":"task.stdout"}
{"timestamp":"2026-04-13T13:51:33.023916Z","level":"info","event":"server closed the connection unexpectedly","logger":"task.stdout"}
{"timestamp":"2026-04-13T13:51:33.024134Z","level":"info","event":"\tThis probably means the server terminated abnormally","logger":"task.stdout"}
{"timestamp":"2026-04-13T13:51:33.024307Z","level":"info","event":"\tbefore or while processing the request.","logger":"task.stdout"}
{"timestamp":"2026-04-13T13:51:33.024489Z","level":"info","event":"","logger":"task.stdout"}
{"timestamp":"2026-04-13T13:51:33.024673Z","level":"info","event":"(Background on this error at: https://sqlalche.me/e/20/e3q8), Retrying in 5 seconds...","logger":"task.stdout"}
{"timestamp":"2026-04-13T13:51:38.009862Z","level":"info","event":"2026-04-13 13:51:38 | include.extract.postgres_sales | INFO | [line:134] | Fetching source sales table public.sales_2026_03_11","logger":"task.stdout"}
{"timestamp":"2026-04-13T13:51:38.239600Z","level":"info","event":"AWS Connection (conn_id='aws_source', conn_type='aws') credentials retrieved from login and password.","logger":"airflow.providers.amazon.aws.utils.connection_wrapper.AwsConnectionWrapper","filename":"connection_wrapper.py","lineno":331}
{"timestamp":"2026-04-13T13:51:51.371581Z","level":"info","event":"2026-04-13 13:51:51 | include.extract.postgres_sales | INFO | [line:145] | Fetched 200000 rows and 11 columns from sales_2026_03_11","logger":"task.stdout"}
{"timestamp":"2026-04-13T13:51:52.135876Z","level":"info","event":"AWS Connection (conn_id='aws_destination', conn_type='aws') credentials retrieved from login and password.","logger":"airflow.providers.amazon.aws.utils.connection_wrapper.AwsConnectionWrapper","filename":"connection_wrapper.py","lineno":331}
{"timestamp":"2026-04-13T13:51:54.402372Z","level":"info","event":"Initializing a Ray instance","logger":"awswrangler.distributed.ray._core","filename":"_core.py","lineno":202}
{"timestamp":"2026-04-13T13:51:58.019095Z","level":"error","event":"2026-04-13 13:51:58,018\tWARNING services.py:2168 -- WARNING: The object store is using /tmp instead of /dev/shm because /dev/shm has only 67043328 bytes available. This will harm performance! You may be able to free up space by deleting files in /dev/shm. If you are inside a Docker container, you can increase /dev/shm size by passing '--shm-size=1.46gb' to 'docker run' (or add it to the run_options list in a Ray cluster config). Make sure to set this to more than 30% of available RAM.","logger":"task.stderr"}
{"timestamp":"2026-04-13T13:52:05.263898Z","level":"error","event":"2026-04-13 13:52:05,262\tINFO worker.py:2013 -- Started a local Ray instance.","logger":"task.stderr"}
{"timestamp":"2026-04-13T13:52:08.586860Z","level":"warning","event":"Tip: In future versions of Ray, Ray will no longer override accelerator visible devices env var if num_gpus=0 or num_gpus=None (default). To enable this behavior and turn off this error message, set RAY_ACCEL_ENV_VAR_OVERRIDE_ON_ZERO=0","category":"FutureWarning","filename":"/home/airflow/.local/lib/python3.13/site-packages/ray/_private/worker.py","lineno":2052,"logger":"py.warnings"}
{"timestamp":"2026-04-13T13:52:09.239197Z","level":"info","event":"2026-04-13 13:52:09 | include.load.ingest_store_sales | ERROR | [line:85] | Failed to ingest sales_2026_03_11: (\"Expected bytes, got a 'UUID' object\", 'Conversion failed for column transaction_id with type object')","logger":"task.stdout"}
{"timestamp":"2026-04-13T13:52:09.239767Z","level":"info","event":"2026-04-13 13:52:09 | include.load.ingest_store_sales | INFO | [line:64] | Processing sales_2026_03_12...","logger":"task.stdout"}
{"timestamp":"2026-04-13T13:52:09.240459Z","level":"info","event":"2026-04-13 13:52:09 | include.extract.postgres_sales | INFO | [line:134] | Fetching source sales table public.sales_2026_03_12","logger":"task.stdout"}
{"timestamp":"2026-04-13T13:52:09.300358Z","level":"info","event":"AWS Connection (conn_id='aws_source', conn_type='aws') credentials retrieved from login and password.","logger":"airflow.providers.amazon.aws.utils.connection_wrapper.AwsConnectionWrapper","filename":"connection_wrapper.py","lineno":331}
{"timestamp":"2026-04-13T13:52:09.364843Z","level":"warning","event":"ProvidersManager.hooks is deprecated. Use ProvidersManagerTaskRuntime.hooks from task-sdk instead.","category":"DeprecatedImportWarning","filename":"/home/airflow/.local/lib/python3.13/site-packages/airflow/providers/amazon/aws/hooks/base_aws.py","lineno":520,"logger":"py.warnings"}
{"timestamp":"2026-04-13T13:52:25.179301Z","level":"info","event":"2026-04-13 13:52:25 | include.extract.postgres_sales | INFO | [line:145] | Fetched 200000 rows and 11 columns from sales_2026_03_12","logger":"task.stdout"}
{"timestamp":"2026-04-13T13:52:25.526446Z","level":"info","event":"AWS Connection (conn_id='aws_destination', conn_type='aws') credentials retrieved from login and password.","logger":"airflow.providers.amazon.aws.utils.connection_wrapper.AwsConnectionWrapper","filename":"connection_wrapper.py","lineno":331}
{"timestamp":"2026-04-13T13:52:28.474076Z","level":"info","event":"2026-04-13 13:52:28 | include.load.ingest_store_sales | ERROR | [line:85] | Failed to ingest sales_2026_03_12: (\"Expected bytes, got a 'UUID' object\", 'Conversion failed for column transaction_id with type object')","logger":"task.stdout"}
{"timestamp":"2026-04-13T13:52:28.477060Z","level":"info","event":"2026-04-13 13:52:28 | include.load.ingest_store_sales | INFO | [line:64] | Processing sales_2026_03_13...","logger":"task.stdout"}
{"timestamp":"2026-04-13T13:52:28.477424Z","level":"info","event":"2026-04-13 13:52:28 | include.extract.postgres_sales | INFO | [line:134] | Fetching source sales table public.sales_2026_03_13","logger":"task.stdout"}
{"timestamp":"2026-04-13T13:52:28.520524Z","level":"info","event":"AWS Connection (conn_id='aws_source', conn_type='aws') credentials retrieved from login and password.","logger":"airflow.providers.amazon.aws.utils.connection_wrapper.AwsConnectionWrapper","filename":"connection_wrapper.py","lineno":331}
{"timestamp":"2026-04-13T13:52:28.644846Z","level":"warning","event":"ProvidersManager.hooks is deprecated. Use ProvidersManagerTaskRuntime.hooks from task-sdk instead.","category":"DeprecatedImportWarning","filename":"/home/airflow/.local/lib/python3.13/site-packages/airflow/providers/amazon/aws/hooks/base_aws.py","lineno":520,"logger":"py.warnings"}
{"timestamp":"2026-04-13T13:52:44.645862Z","level":"info","event":"2026-04-13 13:52:44 | include.extract.postgres_sales | INFO | [line:145] | Fetched 200000 rows and 11 columns from sales_2026_03_13","logger":"task.stdout"}
{"timestamp":"2026-04-13T13:52:45.005524Z","level":"info","event":"AWS Connection (conn_id='aws_destination', conn_type='aws') credentials retrieved from login and password.","logger":"airflow.providers.amazon.aws.utils.connection_wrapper.AwsConnectionWrapper","filename":"connection_wrapper.py","lineno":331}
{"timestamp":"2026-04-13T13:52:47.844210Z","level":"info","event":"2026-04-13 13:52:47 | include.load.ingest_store_sales | ERROR | [line:85] | Failed to ingest sales_2026_03_13: (\"Expected bytes, got a 'UUID' object\", 'Conversion failed for column transaction_id with type object')","logger":"task.stdout"}
{"timestamp":"2026-04-13T13:52:47.845805Z","level":"info","event":"2026-04-13 13:52:47 | include.load.ingest_store_sales | INFO | [line:64] | Processing sales_2026_03_14...","logger":"task.stdout"}
{"timestamp":"2026-04-13T13:52:47.846427Z","level":"info","event":"2026-04-13 13:52:47 | include.extract.postgres_sales | INFO | [line:134] | Fetching source sales table public.sales_2026_03_14","logger":"task.stdout"}
{"timestamp":"2026-04-13T13:52:47.906382Z","level":"info","event":"AWS Connection (conn_id='aws_source', conn_type='aws') credentials retrieved from login and password.","logger":"airflow.providers.amazon.aws.utils.connection_wrapper.AwsConnectionWrapper","filename":"connection_wrapper.py","lineno":331}
{"timestamp":"2026-04-13T13:52:47.969059Z","level":"warning","event":"ProvidersManager.hooks is deprecated. Use ProvidersManagerTaskRuntime.hooks from task-sdk instead.","category":"DeprecatedImportWarning","filename":"/home/airflow/.local/lib/python3.13/site-packages/airflow/providers/amazon/aws/hooks/base_aws.py","lineno":520,"logger":"py.warnings"}
{"timestamp":"2026-04-13T13:53:19.474499Z","level":"info","event":"2026-04-13 13:53:19 | include.extract.postgres_sales | INFO | [line:145] | Fetched 200000 rows and 11 columns from sales_2026_03_14","logger":"task.stdout"}
{"timestamp":"2026-04-13T13:53:19.966883Z","level":"info","event":"AWS Connection (conn_id='aws_destination', conn_type='aws') credentials retrieved from login and password.","logger":"airflow.providers.amazon.aws.utils.connection_wrapper.AwsConnectionWrapper","filename":"connection_wrapper.py","lineno":331}
{"timestamp":"2026-04-13T13:53:23.538594Z","level":"info","event":"2026-04-13 13:53:23 | include.load.ingest_store_sales | ERROR | [line:85] | Failed to ingest sales_2026_03_14: (\"Expected bytes, got a 'UUID' object\", 'Conversion failed for column transaction_id with type object')","logger":"task.stdout"}
{"timestamp":"2026-04-13T13:53:23.540732Z","level":"info","event":"2026-04-13 13:53:23 | include.load.ingest_store_sales | INFO | [line:64] | Processing sales_2026_03_15...","logger":"task.stdout"}
{"timestamp":"2026-04-13T13:53:23.552802Z","level":"info","event":"2026-04-13 13:53:23 | include.extract.postgres_sales | INFO | [line:134] | Fetching source sales table public.sales_2026_03_15","logger":"task.stdout"}
{"timestamp":"2026-04-13T13:53:23.595739Z","level":"info","event":"AWS Connection (conn_id='aws_source', conn_type='aws') credentials retrieved from login and password.","logger":"airflow.providers.amazon.aws.utils.connection_wrapper.AwsConnectionWrapper","filename":"connection_wrapper.py","lineno":331}
{"timestamp":"2026-04-13T13:53:23.634869Z","level":"warning","event":"ProvidersManager.hooks is deprecated. Use ProvidersManagerTaskRuntime.hooks from task-sdk instead.","category":"DeprecatedImportWarning","filename":"/home/airflow/.local/lib/python3.13/site-packages/airflow/providers/amazon/aws/hooks/base_aws.py","lineno":520,"logger":"py.warnings"}
{"timestamp":"2026-04-13T13:55:21.924272Z","level":"info","event":"2026-04-13 13:55:21 | include.extract.postgres_sales | INFO | [line:145] | Fetched 200000 rows and 11 columns from sales_2026_03_15","logger":"task.stdout"}
{"timestamp":"2026-04-13T13:55:22.859470Z","level":"info","event":"AWS Connection (conn_id='aws_destination', conn_type='aws') credentials retrieved from login and password.","logger":"airflow.providers.amazon.aws.utils.connection_wrapper.AwsConnectionWrapper","filename":"connection_wrapper.py","lineno":331}
{"timestamp":"2026-04-13T14:02:41.612961Z","level":"info","event":"2026-04-13 14:02:36 | include.load.ingest_store_sales | ERROR | [line:85] | Failed to ingest sales_2026_03_15: (\"Expected bytes, got a 'UUID' object\", 'Conversion failed for column transaction_id with type object')","logger":"task.stdout"}
{"timestamp":"2026-04-13T14:02:41.621457Z","level":"info","event":"2026-04-13 14:02:36 | include.load.ingest_store_sales | INFO | [line:64] | Processing sales_2026_03_16...","logger":"task.stdout"}
{"timestamp":"2026-04-13T14:02:41.622585Z","level":"info","event":"2026-04-13 14:02:36 | include.extract.postgres_sales | INFO | [line:134] | Fetching source sales table public.sales_2026_03_16","logger":"task.stdout"}
{"timestamp":"2026-04-13T14:02:41.787682Z","level":"info","event":"AWS Connection (conn_id='aws_source', conn_type='aws') credentials retrieved from login and password.","logger":"airflow.providers.amazon.aws.utils.connection_wrapper.AwsConnectionWrapper","filename":"connection_wrapper.py","lineno":331}
{"timestamp":"2026-04-13T14:02:41.894244Z","level":"warning","event":"ProvidersManager.hooks is deprecated. Use ProvidersManagerTaskRuntime.hooks from task-sdk instead.","category":"DeprecatedImportWarning","filename":"/home/airflow/.local/lib/python3.13/site-packages/airflow/providers/amazon/aws/hooks/base_aws.py","lineno":520,"logger":"py.warnings"}
{"timestamp":"2026-04-13T14:08:49.680657Z","level":"info","event":"2026-04-13 14:08:43 | include.extract.postgres_sales | ERROR | [line:155] | Error fetching table sales_2026_03_16: (psycopg2.OperationalError) server closed the connection unexpectedly","logger":"task.stdout"}
{"timestamp":"2026-04-13T14:08:49.683493Z","level":"info","event":"\tThis probably means the server terminated abnormally","logger":"task.stdout"}
{"timestamp":"2026-04-13T14:08:49.683766Z","level":"info","event":"\tbefore or while processing the request.","logger":"task.stdout"}
{"timestamp":"2026-04-13T14:08:49.683946Z","level":"info","event":"server closed the connection unexpectedly","logger":"task.stdout"}
{"timestamp":"2026-04-13T14:08:49.684237Z","level":"info","event":"\tThis probably means the server terminated abnormally","logger":"task.stdout"}
{"timestamp":"2026-04-13T14:08:49.684443Z","level":"info","event":"\tbefore or while processing the request.","logger":"task.stdout"}
{"timestamp":"2026-04-13T14:08:49.684832Z","level":"info","event":"","logger":"task.stdout"}
{"timestamp":"2026-04-13T14:08:49.685765Z","level":"info","event":"(Background on this error at: https://sqlalche.me/e/20/e3q8)","logger":"task.stdout"}
{"timestamp":"2026-04-13T14:08:49.686648Z","level":"info","event":"2026-04-13 14:08:43 | include.utils.retry | WARNING | [line:30] | (psycopg2.OperationalError) server closed the connection unexpectedly","logger":"task.stdout"}
{"timestamp":"2026-04-13T14:08:49.687047Z","level":"info","event":"\tThis probably means the server terminated abnormally","logger":"task.stdout"}
{"timestamp":"2026-04-13T14:08:49.687315Z","level":"info","event":"\tbefore or while processing the request.","logger":"task.stdout"}
{"timestamp":"2026-04-13T14:08:49.687719Z","level":"info","event":"server closed the connection unexpectedly","logger":"task.stdout"}
{"timestamp":"2026-04-13T14:08:49.687892Z","level":"info","event":"\tThis probably means the server terminated abnormally","logger":"task.stdout"}
{"timestamp":"2026-04-13T14:08:49.688158Z","level":"info","event":"\tbefore or while processing the request.","logger":"task.stdout"}
{"timestamp":"2026-04-13T14:08:49.688278Z","level":"info","event":"","logger":"task.stdout"}
{"timestamp":"2026-04-13T14:08:49.688423Z","level":"info","event":"(Background on this error at: https://sqlalche.me/e/20/e3q8), Retrying in 5 seconds...","logger":"task.stdout"}
{"timestamp":"2026-04-13T14:08:49.688584Z","level":"info","event":"2026-04-13 14:08:48 | include.extract.postgres_sales | INFO | [line:134] | Fetching source sales table public.sales_2026_03_16","logger":"task.stdout"}
{"timestamp":"2026-04-13T14:08:49.745685Z","level":"info","event":"AWS Connection (conn_id='aws_source', conn_type='aws') credentials retrieved from login and password.","logger":"airflow.providers.amazon.aws.utils.connection_wrapper.AwsConnectionWrapper","filename":"connection_wrapper.py","lineno":331}
{"timestamp":"2026-04-13T14:09:02.572424Z","level":"info","event":"2026-04-13 14:09:02 | include.extract.postgres_sales | INFO | [line:145] | Fetched 200000 rows and 11 columns from sales_2026_03_16","logger":"task.stdout"}
{"timestamp":"2026-04-13T14:09:02.802134Z","level":"info","event":"AWS Connection (conn_id='aws_destination', conn_type='aws') credentials retrieved from login and password.","logger":"airflow.providers.amazon.aws.utils.connection_wrapper.AwsConnectionWrapper","filename":"connection_wrapper.py","lineno":331}
{"timestamp":"2026-04-13T14:09:05.486424Z","level":"info","event":"2026-04-13 14:09:05 | include.load.ingest_store_sales | ERROR | [line:85] | Failed to ingest sales_2026_03_16: (\"Expected bytes, got a 'UUID' object\", 'Conversion failed for column transaction_id with type object')","logger":"task.stdout"}
{"timestamp":"2026-04-13T14:09:05.486640Z","level":"info","event":"Done. Returned value was: None","logger":"airflow.task.operators.airflow.providers.standard.operators.python.PythonOperator","filename":"python.py","lineno":229}
{"timestamp":"2026-04-13T14:09:06.404271Z","level":"info","event":"Task instance in success state","logger":"task.stdout"}
{"timestamp":"2026-04-13T14:09:06.404627Z","level":"info","event":" Previous state of the Task instance: TaskInstanceState.RUNNING","logger":"task.stdout"}
{"timestamp":"2026-04-13T14:09:06.406342Z","level":"info","event":"Task operator:<Task(PythonOperator): ingest_postgres_sales>","logger":"task.stdout"}
