{"timestamp":"2026-04-13T13:13:11.873542Z","level":"info","event":"DAG bundles loaded: dags-folder, example_dags","logger":"airflow.dag_processing.bundles.manager.DagBundlesManager","filename":"manager.py","lineno":209}
{"timestamp":"2026-04-13T13:13:11.876798Z","level":"info","event":"Filling up the DagBag from /opt/airflow/dags/supplychain360.py","logger":"airflow.dag_processing.dagbag.BundleDagBag","filename":"dagbag.py","lineno":469}
{"timestamp":"2026-04-13T13:13:30.067963Z","level":"warning","event":"urllib3 (2.6.3) or chardet (6.0.0.post1)/charset_normalizer (3.4.6) doesn't match a supported version!","category":"UserWarning","filename":"/home/airflow/.local/lib/python3.13/site-packages/snowflake/connector/vendored/requests/__init__.py","lineno":113,"logger":"py.warnings"}
{"timestamp":"2026-04-13T13:13:30.068395Z","level":"warning","event":"Setting email on a task is deprecated; please migrate to SmtpNotifier.","category":"UserWarning","filename":"/home/airflow/.local/lib/python3.13/site-packages/airflow/providers/standard/operators/python.py","lineno":190,"logger":"py.warnings"}
{"timestamp":"2026-04-13T13:13:30.068942Z","level":"warning","event":"Setting email_on_retry on a task is deprecated; please migrate to SmtpNotifier.","category":"UserWarning","filename":"/home/airflow/.local/lib/python3.13/site-packages/airflow/providers/standard/operators/python.py","lineno":190,"logger":"py.warnings"}
{"timestamp":"2026-04-13T13:13:30.071689Z","level":"warning","event":"Setting email_on_failure on a task is deprecated; please migrate to SmtpNotifier.","category":"UserWarning","filename":"/home/airflow/.local/lib/python3.13/site-packages/airflow/providers/standard/operators/python.py","lineno":190,"logger":"py.warnings"}
{"timestamp":"2026-04-13T13:13:30.072206Z","level":"warning","event":"Setting email on a task is deprecated; please migrate to SmtpNotifier.","category":"UserWarning","filename":"/home/airflow/.local/lib/python3.13/site-packages/airflow/providers/dbt/cloud/operators/dbt.py","lineno":131,"logger":"py.warnings"}
{"timestamp":"2026-04-13T13:13:30.072547Z","level":"warning","event":"Setting email_on_retry on a task is deprecated; please migrate to SmtpNotifier.","category":"UserWarning","filename":"/home/airflow/.local/lib/python3.13/site-packages/airflow/providers/dbt/cloud/operators/dbt.py","lineno":131,"logger":"py.warnings"}
{"timestamp":"2026-04-13T13:13:30.072823Z","level":"warning","event":"Setting email_on_failure on a task is deprecated; please migrate to SmtpNotifier.","category":"UserWarning","filename":"/home/airflow/.local/lib/python3.13/site-packages/airflow/providers/dbt/cloud/operators/dbt.py","lineno":131,"logger":"py.warnings"}
{"timestamp":"2026-04-13T13:13:30.363862Z","level":"info","event":"Task instance is in running state","logger":"task.stdout"}
{"timestamp":"2026-04-13T13:13:30.365652Z","level":"info","event":" Previous state of the Task instance: TaskInstanceState.QUEUED","logger":"task.stdout"}
{"timestamp":"2026-04-13T13:13:30.366023Z","level":"info","event":"Current task name:ingest_postgres_sales","logger":"task.stdout"}
{"timestamp":"2026-04-13T13:13:30.366155Z","level":"info","event":"Dag name:supplychain360_dag","logger":"task.stdout"}
{"timestamp":"2026-04-13T13:13:30.371915Z","level":"info","event":"2026-04-13 13:13:30 | include.load.ingest_store_sales | INFO | [line:50] | Starting Incremental Sales Ingestion to Snowflake","logger":"task.stdout"}
{"timestamp":"2026-04-13T13:13:30.377630Z","level":"info","event":"2026-04-13 13:13:30 | include.extract.postgres_sales | INFO | [line:64] | Listing sales tables from source schema public","logger":"task.stdout"}
{"timestamp":"2026-04-13T13:13:30.504124Z","level":"info","event":"AWS Connection (conn_id='aws_source', conn_type='aws') credentials retrieved from login and password.","logger":"airflow.providers.amazon.aws.utils.connection_wrapper.AwsConnectionWrapper","filename":"connection_wrapper.py","lineno":331}
{"timestamp":"2026-04-13T13:13:30.570630Z","level":"warning","event":"ProvidersManager.hooks is deprecated. Use ProvidersManagerTaskRuntime.hooks from task-sdk instead.","category":"DeprecatedImportWarning","filename":"/home/airflow/.local/lib/python3.13/site-packages/airflow/providers/amazon/aws/hooks/base_aws.py","lineno":520,"logger":"py.warnings"}
{"timestamp":"2026-04-13T13:13:33.632831Z","level":"info","event":"2026-04-13 13:13:33 | include.extract.postgres_sales | INFO | [line:83] | Discovered 7 sales tables.","logger":"task.stdout"}
{"timestamp":"2026-04-13T13:13:33.762522Z","level":"info","event":"2026-04-13 13:13:33 | include.load.ingest_store_sales | WARNING | [line:41] | Could not fetch metadata from Snowflake (likely table doesn't exist): The private_key_file and private_key_content extra fields are mutually exclusive. Please remove one.","logger":"task.stdout"}
{"timestamp":"2026-04-13T13:13:33.762982Z","level":"info","event":"2026-04-13 13:13:33 | include.load.ingest_store_sales | INFO | [line:64] | Processing sales_2026_03_10...","logger":"task.stdout"}
{"timestamp":"2026-04-13T13:13:33.763187Z","level":"info","event":"2026-04-13 13:13:33 | include.extract.postgres_sales | INFO | [line:134] | Fetching source sales table public.sales_2026_03_10","logger":"task.stdout"}
{"timestamp":"2026-04-13T13:13:33.789398Z","level":"info","event":"AWS Connection (conn_id='aws_source', conn_type='aws') credentials retrieved from login and password.","logger":"airflow.providers.amazon.aws.utils.connection_wrapper.AwsConnectionWrapper","filename":"connection_wrapper.py","lineno":331}
{"timestamp":"2026-04-13T13:13:44.622712Z","level":"info","event":"2026-04-13 13:13:44 | include.extract.postgres_sales | INFO | [line:145] | Fetched 200000 rows and 11 columns from sales_2026_03_10","logger":"task.stdout"}
{"timestamp":"2026-04-13T13:13:45.216031Z","level":"info","event":"AWS Connection (conn_id='aws_destination', conn_type='aws') credentials retrieved from login and password.","logger":"airflow.providers.amazon.aws.utils.connection_wrapper.AwsConnectionWrapper","filename":"connection_wrapper.py","lineno":331}
{"timestamp":"2026-04-13T13:13:45.262008Z","level":"info","event":"2026-04-13 13:13:45 | include.load.ingest_store_sales | ERROR | [line:85] | Failed to ingest sales_2026_03_10: Following arguments are not supported in distributed mode with engine `EngineEnum.RAY`: `boto3_session`.","logger":"task.stdout"}
{"timestamp":"2026-04-13T13:13:45.262388Z","level":"info","event":"2026-04-13 13:13:45 | include.load.ingest_store_sales | INFO | [line:64] | Processing sales_2026_03_11...","logger":"task.stdout"}
{"timestamp":"2026-04-13T13:13:45.262547Z","level":"info","event":"2026-04-13 13:13:45 | include.extract.postgres_sales | INFO | [line:134] | Fetching source sales table public.sales_2026_03_11","logger":"task.stdout"}
{"timestamp":"2026-04-13T13:13:45.291707Z","level":"info","event":"AWS Connection (conn_id='aws_source', conn_type='aws') credentials retrieved from login and password.","logger":"airflow.providers.amazon.aws.utils.connection_wrapper.AwsConnectionWrapper","filename":"connection_wrapper.py","lineno":331}
{"timestamp":"2026-04-13T13:13:45.334325Z","level":"warning","event":"ProvidersManager.hooks is deprecated. Use ProvidersManagerTaskRuntime.hooks from task-sdk instead.","category":"DeprecatedImportWarning","filename":"/home/airflow/.local/lib/python3.13/site-packages/airflow/providers/amazon/aws/hooks/base_aws.py","lineno":520,"logger":"py.warnings"}
{"timestamp":"2026-04-13T13:13:57.610183Z","level":"info","event":"2026-04-13 13:13:57 | include.extract.postgres_sales | INFO | [line:145] | Fetched 200000 rows and 11 columns from sales_2026_03_11","logger":"task.stdout"}
{"timestamp":"2026-04-13T13:13:57.978592Z","level":"info","event":"AWS Connection (conn_id='aws_destination', conn_type='aws') credentials retrieved from login and password.","logger":"airflow.providers.amazon.aws.utils.connection_wrapper.AwsConnectionWrapper","filename":"connection_wrapper.py","lineno":331}
{"timestamp":"2026-04-13T13:13:58.060062Z","level":"info","event":"2026-04-13 13:13:58 | include.load.ingest_store_sales | ERROR | [line:85] | Failed to ingest sales_2026_03_11: Following arguments are not supported in distributed mode with engine `EngineEnum.RAY`: `boto3_session`.","logger":"task.stdout"}
{"timestamp":"2026-04-13T13:13:58.061758Z","level":"info","event":"2026-04-13 13:13:58 | include.load.ingest_store_sales | INFO | [line:64] | Processing sales_2026_03_12...","logger":"task.stdout"}
{"timestamp":"2026-04-13T13:13:58.062094Z","level":"info","event":"2026-04-13 13:13:58 | include.extract.postgres_sales | INFO | [line:134] | Fetching source sales table public.sales_2026_03_12","logger":"task.stdout"}
{"timestamp":"2026-04-13T13:13:58.103189Z","level":"info","event":"AWS Connection (conn_id='aws_source', conn_type='aws') credentials retrieved from login and password.","logger":"airflow.providers.amazon.aws.utils.connection_wrapper.AwsConnectionWrapper","filename":"connection_wrapper.py","lineno":331}
{"timestamp":"2026-04-13T13:13:58.171788Z","level":"warning","event":"ProvidersManager.hooks is deprecated. Use ProvidersManagerTaskRuntime.hooks from task-sdk instead.","category":"DeprecatedImportWarning","filename":"/home/airflow/.local/lib/python3.13/site-packages/airflow/providers/amazon/aws/hooks/base_aws.py","lineno":520,"logger":"py.warnings"}
{"timestamp":"2026-04-13T13:14:11.386160Z","level":"info","event":"2026-04-13 13:14:11 | include.extract.postgres_sales | INFO | [line:145] | Fetched 200000 rows and 11 columns from sales_2026_03_12","logger":"task.stdout"}
{"timestamp":"2026-04-13T13:14:11.561694Z","level":"info","event":"AWS Connection (conn_id='aws_destination', conn_type='aws') credentials retrieved from login and password.","logger":"airflow.providers.amazon.aws.utils.connection_wrapper.AwsConnectionWrapper","filename":"connection_wrapper.py","lineno":331}
{"timestamp":"2026-04-13T13:14:10.930668Z","level":"info","event":"2026-04-13 13:14:10 | include.load.ingest_store_sales | ERROR | [line:85] | Failed to ingest sales_2026_03_12: Following arguments are not supported in distributed mode with engine `EngineEnum.RAY`: `boto3_session`.","logger":"task.stdout"}
{"timestamp":"2026-04-13T13:14:10.931074Z","level":"info","event":"2026-04-13 13:14:10 | include.load.ingest_store_sales | INFO | [line:64] | Processing sales_2026_03_13...","logger":"task.stdout"}
{"timestamp":"2026-04-13T13:14:10.931280Z","level":"info","event":"2026-04-13 13:14:10 | include.extract.postgres_sales | INFO | [line:134] | Fetching source sales table public.sales_2026_03_13","logger":"task.stdout"}
{"timestamp":"2026-04-13T13:14:10.950692Z","level":"info","event":"AWS Connection (conn_id='aws_source', conn_type='aws') credentials retrieved from login and password.","logger":"airflow.providers.amazon.aws.utils.connection_wrapper.AwsConnectionWrapper","filename":"connection_wrapper.py","lineno":331}
{"timestamp":"2026-04-13T13:14:10.996979Z","level":"warning","event":"ProvidersManager.hooks is deprecated. Use ProvidersManagerTaskRuntime.hooks from task-sdk instead.","category":"DeprecatedImportWarning","filename":"/home/airflow/.local/lib/python3.13/site-packages/airflow/providers/amazon/aws/hooks/base_aws.py","lineno":520,"logger":"py.warnings"}
{"timestamp":"2026-04-13T13:14:23.005415Z","level":"info","event":"2026-04-13 13:14:23 | include.extract.postgres_sales | INFO | [line:145] | Fetched 200000 rows and 11 columns from sales_2026_03_13","logger":"task.stdout"}
{"timestamp":"2026-04-13T13:14:23.183913Z","level":"info","event":"AWS Connection (conn_id='aws_destination', conn_type='aws') credentials retrieved from login and password.","logger":"airflow.providers.amazon.aws.utils.connection_wrapper.AwsConnectionWrapper","filename":"connection_wrapper.py","lineno":331}
{"timestamp":"2026-04-13T13:14:23.235189Z","level":"info","event":"2026-04-13 13:14:23 | include.load.ingest_store_sales | ERROR | [line:85] | Failed to ingest sales_2026_03_13: Following arguments are not supported in distributed mode with engine `EngineEnum.RAY`: `boto3_session`.","logger":"task.stdout"}
{"timestamp":"2026-04-13T13:14:23.235660Z","level":"info","event":"2026-04-13 13:14:23 | include.load.ingest_store_sales | INFO | [line:64] | Processing sales_2026_03_14...","logger":"task.stdout"}
{"timestamp":"2026-04-13T13:14:23.235974Z","level":"info","event":"2026-04-13 13:14:23 | include.extract.postgres_sales | INFO | [line:134] | Fetching source sales table public.sales_2026_03_14","logger":"task.stdout"}
{"timestamp":"2026-04-13T13:14:23.255829Z","level":"info","event":"AWS Connection (conn_id='aws_source', conn_type='aws') credentials retrieved from login and password.","logger":"airflow.providers.amazon.aws.utils.connection_wrapper.AwsConnectionWrapper","filename":"connection_wrapper.py","lineno":331}
{"timestamp":"2026-04-13T13:14:23.293243Z","level":"warning","event":"ProvidersManager.hooks is deprecated. Use ProvidersManagerTaskRuntime.hooks from task-sdk instead.","category":"DeprecatedImportWarning","filename":"/home/airflow/.local/lib/python3.13/site-packages/airflow/providers/amazon/aws/hooks/base_aws.py","lineno":520,"logger":"py.warnings"}
{"timestamp":"2026-04-13T13:14:34.652118Z","level":"info","event":"2026-04-13 13:14:34 | include.extract.postgres_sales | INFO | [line:145] | Fetched 200000 rows and 11 columns from sales_2026_03_14","logger":"task.stdout"}
{"timestamp":"2026-04-13T13:14:34.839590Z","level":"info","event":"AWS Connection (conn_id='aws_destination', conn_type='aws') credentials retrieved from login and password.","logger":"airflow.providers.amazon.aws.utils.connection_wrapper.AwsConnectionWrapper","filename":"connection_wrapper.py","lineno":331}
{"timestamp":"2026-04-13T13:14:34.868540Z","level":"info","event":"2026-04-13 13:14:34 | include.load.ingest_store_sales | ERROR | [line:85] | Failed to ingest sales_2026_03_14: Following arguments are not supported in distributed mode with engine `EngineEnum.RAY`: `boto3_session`.","logger":"task.stdout"}
{"timestamp":"2026-04-13T13:14:34.868936Z","level":"info","event":"2026-04-13 13:14:34 | include.load.ingest_store_sales | INFO | [line:64] | Processing sales_2026_03_15...","logger":"task.stdout"}
{"timestamp":"2026-04-13T13:14:34.869119Z","level":"info","event":"2026-04-13 13:14:34 | include.extract.postgres_sales | INFO | [line:134] | Fetching source sales table public.sales_2026_03_15","logger":"task.stdout"}
{"timestamp":"2026-04-13T13:14:34.885124Z","level":"info","event":"AWS Connection (conn_id='aws_source', conn_type='aws') credentials retrieved from login and password.","logger":"airflow.providers.amazon.aws.utils.connection_wrapper.AwsConnectionWrapper","filename":"connection_wrapper.py","lineno":331}
{"timestamp":"2026-04-13T13:14:34.921526Z","level":"warning","event":"ProvidersManager.hooks is deprecated. Use ProvidersManagerTaskRuntime.hooks from task-sdk instead.","category":"DeprecatedImportWarning","filename":"/home/airflow/.local/lib/python3.13/site-packages/airflow/providers/amazon/aws/hooks/base_aws.py","lineno":520,"logger":"py.warnings"}
{"timestamp":"2026-04-13T13:14:46.875757Z","level":"info","event":"2026-04-13 13:14:46 | include.extract.postgres_sales | INFO | [line:145] | Fetched 200000 rows and 11 columns from sales_2026_03_15","logger":"task.stdout"}
{"timestamp":"2026-04-13T13:14:47.049050Z","level":"info","event":"AWS Connection (conn_id='aws_destination', conn_type='aws') credentials retrieved from login and password.","logger":"airflow.providers.amazon.aws.utils.connection_wrapper.AwsConnectionWrapper","filename":"connection_wrapper.py","lineno":331}
{"timestamp":"2026-04-13T13:14:47.087753Z","level":"info","event":"2026-04-13 13:14:47 | include.load.ingest_store_sales | ERROR | [line:85] | Failed to ingest sales_2026_03_15: Following arguments are not supported in distributed mode with engine `EngineEnum.RAY`: `boto3_session`.","logger":"task.stdout"}
{"timestamp":"2026-04-13T13:14:47.088190Z","level":"info","event":"2026-04-13 13:14:47 | include.load.ingest_store_sales | INFO | [line:64] | Processing sales_2026_03_16...","logger":"task.stdout"}
{"timestamp":"2026-04-13T13:14:47.088372Z","level":"info","event":"2026-04-13 13:14:47 | include.extract.postgres_sales | INFO | [line:134] | Fetching source sales table public.sales_2026_03_16","logger":"task.stdout"}
{"timestamp":"2026-04-13T13:14:47.108689Z","level":"info","event":"AWS Connection (conn_id='aws_source', conn_type='aws') credentials retrieved from login and password.","logger":"airflow.providers.amazon.aws.utils.connection_wrapper.AwsConnectionWrapper","filename":"connection_wrapper.py","lineno":331}
{"timestamp":"2026-04-13T13:14:47.137937Z","level":"warning","event":"ProvidersManager.hooks is deprecated. Use ProvidersManagerTaskRuntime.hooks from task-sdk instead.","category":"DeprecatedImportWarning","filename":"/home/airflow/.local/lib/python3.13/site-packages/airflow/providers/amazon/aws/hooks/base_aws.py","lineno":520,"logger":"py.warnings"}
{"timestamp":"2026-04-13T13:14:57.342930Z","level":"info","event":"2026-04-13 13:14:57 | include.extract.postgres_sales | INFO | [line:145] | Fetched 200000 rows and 11 columns from sales_2026_03_16","logger":"task.stdout"}
{"timestamp":"2026-04-13T13:14:57.501332Z","level":"info","event":"AWS Connection (conn_id='aws_destination', conn_type='aws') credentials retrieved from login and password.","logger":"airflow.providers.amazon.aws.utils.connection_wrapper.AwsConnectionWrapper","filename":"connection_wrapper.py","lineno":331}
{"timestamp":"2026-04-13T13:14:57.531635Z","level":"info","event":"2026-04-13 13:14:57 | include.load.ingest_store_sales | ERROR | [line:85] | Failed to ingest sales_2026_03_16: Following arguments are not supported in distributed mode with engine `EngineEnum.RAY`: `boto3_session`.","logger":"task.stdout"}
{"timestamp":"2026-04-13T13:14:57.638511Z","level":"info","event":"Done. Returned value was: None","logger":"airflow.task.operators.airflow.providers.standard.operators.python.PythonOperator","filename":"python.py","lineno":229}
{"timestamp":"2026-04-13T13:14:57.677200Z","level":"info","event":"Task instance in success state","logger":"task.stdout"}
{"timestamp":"2026-04-13T13:14:57.677443Z","level":"info","event":" Previous state of the Task instance: TaskInstanceState.RUNNING","logger":"task.stdout"}
{"timestamp":"2026-04-13T13:14:57.677712Z","level":"info","event":"Task operator:<Task(PythonOperator): ingest_postgres_sales>","logger":"task.stdout"}
