{"timestamp":"2026-04-14T04:46:50.623936Z","level":"info","event":"DAG bundles loaded: dags-folder, example_dags","logger":"airflow.dag_processing.bundles.manager.DagBundlesManager","filename":"manager.py","lineno":209}
{"timestamp":"2026-04-14T04:46:50.638131Z","level":"info","event":"Filling up the DagBag from /opt/airflow/dags/supplychain360.py","logger":"airflow.dag_processing.dagbag.BundleDagBag","filename":"dagbag.py","lineno":469}
{"timestamp":"2026-04-14T04:47:19.409854Z","level":"warning","event":"urllib3 (2.6.3) or chardet (6.0.0.post1)/charset_normalizer (3.4.6) doesn't match a supported version!","category":"UserWarning","filename":"/home/airflow/.local/lib/python3.13/site-packages/snowflake/connector/vendored/requests/__init__.py","lineno":113,"logger":"py.warnings"}
{"timestamp":"2026-04-14T04:47:19.410326Z","level":"warning","event":"Setting email on a task is deprecated; please migrate to SmtpNotifier.","category":"UserWarning","filename":"/home/airflow/.local/lib/python3.13/site-packages/airflow/providers/standard/operators/python.py","lineno":190,"logger":"py.warnings"}
{"timestamp":"2026-04-14T04:47:19.410666Z","level":"warning","event":"Setting email_on_retry on a task is deprecated; please migrate to SmtpNotifier.","category":"UserWarning","filename":"/home/airflow/.local/lib/python3.13/site-packages/airflow/providers/standard/operators/python.py","lineno":190,"logger":"py.warnings"}
{"timestamp":"2026-04-14T04:47:19.410962Z","level":"warning","event":"Setting email_on_failure on a task is deprecated; please migrate to SmtpNotifier.","category":"UserWarning","filename":"/home/airflow/.local/lib/python3.13/site-packages/airflow/providers/standard/operators/python.py","lineno":190,"logger":"py.warnings"}
{"timestamp":"2026-04-14T04:47:19.417390Z","level":"warning","event":"Setting email on a task is deprecated; please migrate to SmtpNotifier.","category":"UserWarning","filename":"/home/airflow/.local/lib/python3.13/site-packages/airflow/providers/dbt/cloud/operators/dbt.py","lineno":131,"logger":"py.warnings"}
{"timestamp":"2026-04-14T04:47:19.417802Z","level":"warning","event":"Setting email_on_retry on a task is deprecated; please migrate to SmtpNotifier.","category":"UserWarning","filename":"/home/airflow/.local/lib/python3.13/site-packages/airflow/providers/dbt/cloud/operators/dbt.py","lineno":131,"logger":"py.warnings"}
{"timestamp":"2026-04-14T04:47:19.418173Z","level":"warning","event":"Setting email_on_failure on a task is deprecated; please migrate to SmtpNotifier.","category":"UserWarning","filename":"/home/airflow/.local/lib/python3.13/site-packages/airflow/providers/dbt/cloud/operators/dbt.py","lineno":131,"logger":"py.warnings"}
{"timestamp":"2026-04-14T04:47:19.800590Z","level":"info","event":"Task instance is in running state","logger":"task.stdout"}
{"timestamp":"2026-04-14T04:47:19.801155Z","level":"info","event":" Previous state of the Task instance: TaskInstanceState.QUEUED","logger":"task.stdout"}
{"timestamp":"2026-04-14T04:47:19.801409Z","level":"info","event":"Current task name:ingest_source_s3_datasets","logger":"task.stdout"}
{"timestamp":"2026-04-14T04:47:19.802482Z","level":"info","event":"Dag name:supplychain360_dag","logger":"task.stdout"}
{"timestamp":"2026-04-14T04:47:19.806390Z","level":"info","event":"2026-04-14 04:47:19 | include.load.ingest_s3_datasets | INFO | [line:24] | Processing S3 Dataset: suppliers","logger":"task.stdout"}
{"timestamp":"2026-04-14T04:47:19.808808Z","level":"info","event":"2026-04-14 04:47:19 | include.extract.fetch_s3 | INFO | [line:24] | Fetching csv data from s3://supplychain360-data/raw/suppliers/suppliers.csv","logger":"task.stdout"}
{"timestamp":"2026-04-14T04:47:19.991279Z","level":"info","event":"AWS Connection (conn_id='aws_source', conn_type='aws') credentials retrieved from login and password.","logger":"airflow.providers.amazon.aws.utils.connection_wrapper.AwsConnectionWrapper","filename":"connection_wrapper.py","lineno":331}
{"timestamp":"2026-04-14T04:47:22.986754Z","level":"info","event":"2026-04-14 04:47:22 | include.utils.retry | WARNING | [line:30] | Unable to locate credentials, Retrying in 5 seconds...","logger":"task.stdout"}
{"timestamp":"2026-04-14T04:47:27.988696Z","level":"info","event":"2026-04-14 04:47:27 | include.extract.fetch_s3 | INFO | [line:24] | Fetching csv data from s3://supplychain360-data/raw/suppliers/suppliers.csv","logger":"task.stdout"}
{"timestamp":"2026-04-14T04:47:28.174125Z","level":"info","event":"AWS Connection (conn_id='aws_source', conn_type='aws') credentials retrieved from login and password.","logger":"airflow.providers.amazon.aws.utils.connection_wrapper.AwsConnectionWrapper","filename":"connection_wrapper.py","lineno":331}
{"timestamp":"2026-04-14T04:47:30.801575Z","level":"info","event":"2026-04-14 04:47:30 | include.utils.retry | WARNING | [line:30] | Unable to locate credentials, Retrying in 10 seconds...","logger":"task.stdout"}
{"timestamp":"2026-04-14T04:47:40.802692Z","level":"info","event":"2026-04-14 04:47:40 | include.extract.fetch_s3 | INFO | [line:24] | Fetching csv data from s3://supplychain360-data/raw/suppliers/suppliers.csv","logger":"task.stdout"}
{"timestamp":"2026-04-14T04:47:40.901657Z","level":"info","event":"AWS Connection (conn_id='aws_source', conn_type='aws') credentials retrieved from login and password.","logger":"airflow.providers.amazon.aws.utils.connection_wrapper.AwsConnectionWrapper","filename":"connection_wrapper.py","lineno":331}
{"timestamp":"2026-04-14T04:47:43.520104Z","level":"info","event":"2026-04-14 04:47:43 | include.load.ingest_s3_datasets | ERROR | [line:47] | Failed to ingest S3 dataset suppliers: Unable to locate credentials","logger":"task.stdout"}
{"timestamp":"2026-04-14T04:47:43.520931Z","level":"info","event":"2026-04-14 04:47:43 | include.load.ingest_s3_datasets | INFO | [line:24] | Processing S3 Dataset: warehouses","logger":"task.stdout"}
{"timestamp":"2026-04-14T04:47:43.521360Z","level":"info","event":"2026-04-14 04:47:43 | include.extract.fetch_s3 | INFO | [line:24] | Fetching csv data from s3://supplychain360-data/raw/warehouses/warehouses.csv","logger":"task.stdout"}
{"timestamp":"2026-04-14T04:47:43.560010Z","level":"info","event":"AWS Connection (conn_id='aws_source', conn_type='aws') credentials retrieved from login and password.","logger":"airflow.providers.amazon.aws.utils.connection_wrapper.AwsConnectionWrapper","filename":"connection_wrapper.py","lineno":331}
{"timestamp":"2026-04-14T04:47:45.902254Z","level":"info","event":"2026-04-14 04:47:45 | include.utils.retry | WARNING | [line:30] | Unable to locate credentials, Retrying in 5 seconds...","logger":"task.stdout"}
{"timestamp":"2026-04-14T04:47:50.903675Z","level":"info","event":"2026-04-14 04:47:50 | include.extract.fetch_s3 | INFO | [line:24] | Fetching csv data from s3://supplychain360-data/raw/warehouses/warehouses.csv","logger":"task.stdout"}
{"timestamp":"2026-04-14T04:47:50.960850Z","level":"info","event":"AWS Connection (conn_id='aws_source', conn_type='aws') credentials retrieved from login and password.","logger":"airflow.providers.amazon.aws.utils.connection_wrapper.AwsConnectionWrapper","filename":"connection_wrapper.py","lineno":331}
{"timestamp":"2026-04-14T04:47:53.380227Z","level":"info","event":"2026-04-14 04:47:53 | include.utils.retry | WARNING | [line:30] | Unable to locate credentials, Retrying in 10 seconds...","logger":"task.stdout"}
{"timestamp":"2026-04-14T04:48:03.381583Z","level":"info","event":"2026-04-14 04:48:03 | include.extract.fetch_s3 | INFO | [line:24] | Fetching csv data from s3://supplychain360-data/raw/warehouses/warehouses.csv","logger":"task.stdout"}
{"timestamp":"2026-04-14T04:48:03.432215Z","level":"info","event":"AWS Connection (conn_id='aws_source', conn_type='aws') credentials retrieved from login and password.","logger":"airflow.providers.amazon.aws.utils.connection_wrapper.AwsConnectionWrapper","filename":"connection_wrapper.py","lineno":331}
{"timestamp":"2026-04-14T04:48:05.855668Z","level":"info","event":"2026-04-14 04:48:05 | include.load.ingest_s3_datasets | ERROR | [line:47] | Failed to ingest S3 dataset warehouses: Unable to locate credentials","logger":"task.stdout"}
{"timestamp":"2026-04-14T04:48:05.857284Z","level":"info","event":"2026-04-14 04:48:05 | include.load.ingest_s3_datasets | INFO | [line:24] | Processing S3 Dataset: products","logger":"task.stdout"}
{"timestamp":"2026-04-14T04:48:05.857561Z","level":"info","event":"2026-04-14 04:48:05 | include.extract.fetch_s3 | INFO | [line:24] | Fetching csv data from s3://supplychain360-data/raw/products/products.csv","logger":"task.stdout"}
{"timestamp":"2026-04-14T04:48:05.889185Z","level":"info","event":"AWS Connection (conn_id='aws_source', conn_type='aws') credentials retrieved from login and password.","logger":"airflow.providers.amazon.aws.utils.connection_wrapper.AwsConnectionWrapper","filename":"connection_wrapper.py","lineno":331}
{"timestamp":"2026-04-14T04:48:08.217123Z","level":"info","event":"2026-04-14 04:48:08 | include.utils.retry | WARNING | [line:30] | Unable to locate credentials, Retrying in 5 seconds...","logger":"task.stdout"}
{"timestamp":"2026-04-14T04:48:13.218492Z","level":"info","event":"2026-04-14 04:48:13 | include.extract.fetch_s3 | INFO | [line:24] | Fetching csv data from s3://supplychain360-data/raw/products/products.csv","logger":"task.stdout"}
{"timestamp":"2026-04-14T04:48:13.268628Z","level":"info","event":"AWS Connection (conn_id='aws_source', conn_type='aws') credentials retrieved from login and password.","logger":"airflow.providers.amazon.aws.utils.connection_wrapper.AwsConnectionWrapper","filename":"connection_wrapper.py","lineno":331}
{"timestamp":"2026-04-14T04:48:15.720349Z","level":"info","event":"2026-04-14 04:48:15 | include.utils.retry | WARNING | [line:30] | Unable to locate credentials, Retrying in 10 seconds...","logger":"task.stdout"}
{"timestamp":"2026-04-14T04:48:25.721424Z","level":"info","event":"2026-04-14 04:48:25 | include.extract.fetch_s3 | INFO | [line:24] | Fetching csv data from s3://supplychain360-data/raw/products/products.csv","logger":"task.stdout"}
{"timestamp":"2026-04-14T04:48:25.775753Z","level":"info","event":"AWS Connection (conn_id='aws_source', conn_type='aws') credentials retrieved from login and password.","logger":"airflow.providers.amazon.aws.utils.connection_wrapper.AwsConnectionWrapper","filename":"connection_wrapper.py","lineno":331}
{"timestamp":"2026-04-14T04:48:28.144993Z","level":"info","event":"2026-04-14 04:48:28 | include.load.ingest_s3_datasets | ERROR | [line:47] | Failed to ingest S3 dataset products: Unable to locate credentials","logger":"task.stdout"}
{"timestamp":"2026-04-14T04:48:28.146927Z","level":"info","event":"2026-04-14 04:48:28 | include.load.ingest_s3_datasets | INFO | [line:24] | Processing S3 Dataset: inventory","logger":"task.stdout"}
{"timestamp":"2026-04-14T04:48:28.147546Z","level":"info","event":"2026-04-14 04:48:28 | include.extract.fetch_s3 | INFO | [line:24] | Fetching csv data from s3://supplychain360-data/raw/inventory/","logger":"task.stdout"}
{"timestamp":"2026-04-14T04:48:28.179386Z","level":"info","event":"AWS Connection (conn_id='aws_source', conn_type='aws') credentials retrieved from login and password.","logger":"airflow.providers.amazon.aws.utils.connection_wrapper.AwsConnectionWrapper","filename":"connection_wrapper.py","lineno":331}
{"timestamp":"2026-04-14T04:48:30.810386Z","level":"info","event":"2026-04-14 04:48:30 | include.utils.retry | WARNING | [line:30] | Unable to locate credentials, Retrying in 5 seconds...","logger":"task.stdout"}
{"timestamp":"2026-04-14T04:48:35.811804Z","level":"info","event":"2026-04-14 04:48:35 | include.extract.fetch_s3 | INFO | [line:24] | Fetching csv data from s3://supplychain360-data/raw/inventory/","logger":"task.stdout"}
{"timestamp":"2026-04-14T04:48:35.875208Z","level":"info","event":"AWS Connection (conn_id='aws_source', conn_type='aws') credentials retrieved from login and password.","logger":"airflow.providers.amazon.aws.utils.connection_wrapper.AwsConnectionWrapper","filename":"connection_wrapper.py","lineno":331}
{"timestamp":"2026-04-14T04:48:38.323478Z","level":"info","event":"2026-04-14 04:48:38 | include.utils.retry | WARNING | [line:30] | Unable to locate credentials, Retrying in 10 seconds...","logger":"task.stdout"}
{"timestamp":"2026-04-14T04:48:48.327673Z","level":"info","event":"2026-04-14 04:48:48 | include.extract.fetch_s3 | INFO | [line:24] | Fetching csv data from s3://supplychain360-data/raw/inventory/","logger":"task.stdout"}
{"timestamp":"2026-04-14T04:48:48.543798Z","level":"info","event":"AWS Connection (conn_id='aws_source', conn_type='aws') credentials retrieved from login and password.","logger":"airflow.providers.amazon.aws.utils.connection_wrapper.AwsConnectionWrapper","filename":"connection_wrapper.py","lineno":331}
{"timestamp":"2026-04-14T04:48:51.057142Z","level":"info","event":"2026-04-14 04:48:51 | include.load.ingest_s3_datasets | ERROR | [line:47] | Failed to ingest S3 dataset inventory: Unable to locate credentials","logger":"task.stdout"}
{"timestamp":"2026-04-14T04:48:51.057978Z","level":"info","event":"2026-04-14 04:48:51 | include.load.ingest_s3_datasets | INFO | [line:24] | Processing S3 Dataset: shipments","logger":"task.stdout"}
{"timestamp":"2026-04-14T04:48:51.058355Z","level":"info","event":"2026-04-14 04:48:51 | include.extract.fetch_s3 | INFO | [line:24] | Fetching json data from s3://supplychain360-data/raw/shipments/","logger":"task.stdout"}
{"timestamp":"2026-04-14T04:48:51.082859Z","level":"info","event":"AWS Connection (conn_id='aws_source', conn_type='aws') credentials retrieved from login and password.","logger":"airflow.providers.amazon.aws.utils.connection_wrapper.AwsConnectionWrapper","filename":"connection_wrapper.py","lineno":331}
{"timestamp":"2026-04-14T04:48:53.471744Z","level":"info","event":"2026-04-14 04:48:53 | include.utils.retry | WARNING | [line:30] | Unable to locate credentials, Retrying in 5 seconds...","logger":"task.stdout"}
{"timestamp":"2026-04-14T04:48:58.473186Z","level":"info","event":"2026-04-14 04:48:58 | include.extract.fetch_s3 | INFO | [line:24] | Fetching json data from s3://supplychain360-data/raw/shipments/","logger":"task.stdout"}
{"timestamp":"2026-04-14T04:48:58.516979Z","level":"info","event":"AWS Connection (conn_id='aws_source', conn_type='aws') credentials retrieved from login and password.","logger":"airflow.providers.amazon.aws.utils.connection_wrapper.AwsConnectionWrapper","filename":"connection_wrapper.py","lineno":331}
{"timestamp":"2026-04-14T04:49:00.932075Z","level":"info","event":"2026-04-14 04:49:00 | include.utils.retry | WARNING | [line:30] | Unable to locate credentials, Retrying in 10 seconds...","logger":"task.stdout"}
{"timestamp":"2026-04-14T04:49:10.933047Z","level":"info","event":"2026-04-14 04:49:10 | include.extract.fetch_s3 | INFO | [line:24] | Fetching json data from s3://supplychain360-data/raw/shipments/","logger":"task.stdout"}
{"timestamp":"2026-04-14T04:49:10.986517Z","level":"info","event":"AWS Connection (conn_id='aws_source', conn_type='aws') credentials retrieved from login and password.","logger":"airflow.providers.amazon.aws.utils.connection_wrapper.AwsConnectionWrapper","filename":"connection_wrapper.py","lineno":331}
{"timestamp":"2026-04-14T04:49:13.461579Z","level":"info","event":"2026-04-14 04:49:13 | include.load.ingest_s3_datasets | ERROR | [line:47] | Failed to ingest S3 dataset shipments: Unable to locate credentials","logger":"task.stdout"}
{"timestamp":"2026-04-14T04:49:13.462242Z","level":"info","event":"Done. Returned value was: None","logger":"airflow.task.operators.airflow.providers.standard.operators.python.PythonOperator","filename":"python.py","lineno":229}
{"timestamp":"2026-04-14T04:49:13.512872Z","level":"info","event":"Task instance in success state","logger":"task.stdout"}
{"timestamp":"2026-04-14T04:49:13.513135Z","level":"info","event":" Previous state of the Task instance: TaskInstanceState.RUNNING","logger":"task.stdout"}
{"timestamp":"2026-04-14T04:49:13.514447Z","level":"info","event":"Task operator:<Task(PythonOperator): ingest_source_s3_datasets>","logger":"task.stdout"}
