{"timestamp":"2026-04-13T13:37:01.153082Z","level":"info","event":"DAG bundles loaded: dags-folder, example_dags","logger":"airflow.dag_processing.bundles.manager.DagBundlesManager","filename":"manager.py","lineno":209}
{"timestamp":"2026-04-13T13:37:01.155139Z","level":"info","event":"Filling up the DagBag from /opt/airflow/dags/supplychain360.py","logger":"airflow.dag_processing.dagbag.BundleDagBag","filename":"dagbag.py","lineno":469}
{"timestamp":"2026-04-13T13:37:12.570014Z","level":"warning","event":"urllib3 (2.6.3) or chardet (6.0.0.post1)/charset_normalizer (3.4.6) doesn't match a supported version!","category":"UserWarning","filename":"/home/airflow/.local/lib/python3.13/site-packages/snowflake/connector/vendored/requests/__init__.py","lineno":113,"logger":"py.warnings"}
{"timestamp":"2026-04-13T13:37:12.570452Z","level":"warning","event":"Setting email on a task is deprecated; please migrate to SmtpNotifier.","category":"UserWarning","filename":"/home/airflow/.local/lib/python3.13/site-packages/airflow/providers/standard/operators/python.py","lineno":190,"logger":"py.warnings"}
{"timestamp":"2026-04-13T13:37:12.570957Z","level":"warning","event":"Setting email_on_retry on a task is deprecated; please migrate to SmtpNotifier.","category":"UserWarning","filename":"/home/airflow/.local/lib/python3.13/site-packages/airflow/providers/standard/operators/python.py","lineno":190,"logger":"py.warnings"}
{"timestamp":"2026-04-13T13:37:12.571383Z","level":"warning","event":"Setting email_on_failure on a task is deprecated; please migrate to SmtpNotifier.","category":"UserWarning","filename":"/home/airflow/.local/lib/python3.13/site-packages/airflow/providers/standard/operators/python.py","lineno":190,"logger":"py.warnings"}
{"timestamp":"2026-04-13T13:37:12.571840Z","level":"warning","event":"Setting email on a task is deprecated; please migrate to SmtpNotifier.","category":"UserWarning","filename":"/home/airflow/.local/lib/python3.13/site-packages/airflow/providers/dbt/cloud/operators/dbt.py","lineno":131,"logger":"py.warnings"}
{"timestamp":"2026-04-13T13:37:12.572420Z","level":"warning","event":"Setting email_on_retry on a task is deprecated; please migrate to SmtpNotifier.","category":"UserWarning","filename":"/home/airflow/.local/lib/python3.13/site-packages/airflow/providers/dbt/cloud/operators/dbt.py","lineno":131,"logger":"py.warnings"}
{"timestamp":"2026-04-13T13:37:12.573013Z","level":"warning","event":"Setting email_on_failure on a task is deprecated; please migrate to SmtpNotifier.","category":"UserWarning","filename":"/home/airflow/.local/lib/python3.13/site-packages/airflow/providers/dbt/cloud/operators/dbt.py","lineno":131,"logger":"py.warnings"}
{"timestamp":"2026-04-13T13:37:12.748974Z","level":"info","event":"Task instance is in running state","logger":"task.stdout"}
{"timestamp":"2026-04-13T13:37:12.749273Z","level":"info","event":" Previous state of the Task instance: TaskInstanceState.QUEUED","logger":"task.stdout"}
{"timestamp":"2026-04-13T13:37:12.752274Z","level":"info","event":"Current task name:ingest_google_sheets","logger":"task.stdout"}
{"timestamp":"2026-04-13T13:37:12.752526Z","level":"info","event":"Dag name:supplychain360_dag","logger":"task.stdout"}
{"timestamp":"2026-04-13T13:37:12.752831Z","level":"info","event":"2026-04-13 13:37:12 | include.load.supplychain_ingestion | INFO | [line:13] | Starting Master Data Ingestion (Google Sheets)...","logger":"task.stdout"}
{"timestamp":"2026-04-13T13:37:12.753027Z","level":"info","event":"2026-04-13 13:37:12 | include.extract.google_sheets | INFO | [line:27] | Fetching from Google Sheet: 164vMPKEZARKeGf1AHyJl33gmkbtUpPfz00hSWd2x1io | Range: Sheet1!A1:F1000","logger":"task.stdout"}
{"timestamp":"2026-04-13T13:37:14.547686Z","level":"info","event":"2026-04-13 13:37:14 | include.extract.google_sheets | INFO | [line:54] | Successfully extracted 800 rows.","logger":"task.stdout"}
{"timestamp":"2026-04-13T13:37:14.587569Z","level":"info","event":"AWS Connection (conn_id='aws_destination', conn_type='aws') credentials retrieved from login and password.","logger":"airflow.providers.amazon.aws.utils.connection_wrapper.AwsConnectionWrapper","filename":"connection_wrapper.py","lineno":331}
{"timestamp":"2026-04-13T13:37:16.910960Z","level":"info","event":"Initializing a Ray instance","logger":"awswrangler.distributed.ray._core","filename":"_core.py","lineno":202}
{"timestamp":"2026-04-13T13:37:23.145851Z","level":"error","event":"2026-04-13 13:37:23,144\tWARNING services.py:2168 -- WARNING: The object store is using /tmp instead of /dev/shm because /dev/shm has only 67043328 bytes available. This will harm performance! You may be able to free up space by deleting files in /dev/shm. If you are inside a Docker container, you can increase /dev/shm size by passing '--shm-size=1.74gb' to 'docker run' (or add it to the run_options list in a Ray cluster config). Make sure to set this to more than 30% of available RAM.","logger":"task.stderr"}
{"timestamp":"2026-04-13T13:37:48.543558Z","level":"error","event":"2026-04-13 13:37:48,484\tINFO worker.py:2013 -- Started a local Ray instance.","logger":"task.stderr"}
