{"timestamp":"2026-04-14T10:12:07.683774Z","level":"info","event":"DAG bundles loaded: dags-folder, example_dags","logger":"airflow.dag_processing.bundles.manager.DagBundlesManager","filename":"manager.py","lineno":209}
{"timestamp":"2026-04-14T10:12:07.690240Z","level":"info","event":"Filling up the DagBag from /opt/airflow/dags/supplychain360.py","logger":"airflow.dag_processing.dagbag.BundleDagBag","filename":"dagbag.py","lineno":469}
{"timestamp":"2026-04-14T10:12:29.852547Z","level":"warning","event":"urllib3 (2.6.3) or chardet (6.0.0.post1)/charset_normalizer (3.4.6) doesn't match a supported version!","category":"UserWarning","filename":"/home/airflow/.local/lib/python3.13/site-packages/snowflake/connector/vendored/requests/__init__.py","lineno":113,"logger":"py.warnings"}
{"timestamp":"2026-04-14T10:12:29.852975Z","level":"warning","event":"Setting email on a task is deprecated; please migrate to SmtpNotifier.","category":"UserWarning","filename":"/home/airflow/.local/lib/python3.13/site-packages/airflow/providers/standard/operators/python.py","lineno":190,"logger":"py.warnings"}
{"timestamp":"2026-04-14T10:12:29.853240Z","level":"warning","event":"Setting email_on_retry on a task is deprecated; please migrate to SmtpNotifier.","category":"UserWarning","filename":"/home/airflow/.local/lib/python3.13/site-packages/airflow/providers/standard/operators/python.py","lineno":190,"logger":"py.warnings"}
{"timestamp":"2026-04-14T10:12:29.853485Z","level":"warning","event":"Setting email_on_failure on a task is deprecated; please migrate to SmtpNotifier.","category":"UserWarning","filename":"/home/airflow/.local/lib/python3.13/site-packages/airflow/providers/standard/operators/python.py","lineno":190,"logger":"py.warnings"}
{"timestamp":"2026-04-14T10:12:29.853723Z","level":"warning","event":"Setting email on a task is deprecated; please migrate to SmtpNotifier.","category":"UserWarning","filename":"/home/airflow/.local/lib/python3.13/site-packages/airflow/providers/dbt/cloud/operators/dbt.py","lineno":131,"logger":"py.warnings"}
{"timestamp":"2026-04-14T10:12:29.853946Z","level":"warning","event":"Setting email_on_retry on a task is deprecated; please migrate to SmtpNotifier.","category":"UserWarning","filename":"/home/airflow/.local/lib/python3.13/site-packages/airflow/providers/dbt/cloud/operators/dbt.py","lineno":131,"logger":"py.warnings"}
{"timestamp":"2026-04-14T10:12:29.854219Z","level":"warning","event":"Setting email_on_failure on a task is deprecated; please migrate to SmtpNotifier.","category":"UserWarning","filename":"/home/airflow/.local/lib/python3.13/site-packages/airflow/providers/dbt/cloud/operators/dbt.py","lineno":131,"logger":"py.warnings"}
{"timestamp":"2026-04-14T10:12:30.004711Z","level":"info","event":"Task instance is in running state","logger":"task.stdout"}
{"timestamp":"2026-04-14T10:12:30.004973Z","level":"info","event":" Previous state of the Task instance: TaskInstanceState.QUEUED","logger":"task.stdout"}
{"timestamp":"2026-04-14T10:12:30.005383Z","level":"info","event":"Current task name:ingest_source_s3_datasets","logger":"task.stdout"}
{"timestamp":"2026-04-14T10:12:30.005574Z","level":"info","event":"Dag name:supplychain360_dag","logger":"task.stdout"}
{"timestamp":"2026-04-14T10:12:30.008705Z","level":"info","event":"2026-04-14 10:12:30 | include.load.ingest_s3_datasets | INFO | [line:24] | Processing S3 Dataset: suppliers","logger":"task.stdout"}
{"timestamp":"2026-04-14T10:12:30.009086Z","level":"info","event":"2026-04-14 10:12:30 | include.extract.fetch_s3 | INFO | [line:24] | Fetching csv data from s3://supplychain360-data/raw/suppliers/suppliers.csv","logger":"task.stdout"}
{"timestamp":"2026-04-14T10:12:30.139425Z","level":"info","event":"AWS Connection (conn_id='aws_source', conn_type='aws') credentials retrieved from login and password.","logger":"airflow.providers.amazon.aws.utils.connection_wrapper.AwsConnectionWrapper","filename":"connection_wrapper.py","lineno":331}
{"timestamp":"2026-04-14T10:12:31.672468Z","level":"info","event":"AWS Connection (conn_id='aws_destination', conn_type='aws') credentials retrieved from login and password.","logger":"airflow.providers.amazon.aws.utils.connection_wrapper.AwsConnectionWrapper","filename":"connection_wrapper.py","lineno":331}
{"timestamp":"2026-04-14T10:12:32.524089Z","level":"info","event":"2026-04-14 10:12:32 | include.utils.write_to_s3 | INFO | [line:47] | Successfully wrote 12 rows to s3://supplychain360-raw-dev/raw/suppliers/source_object=suppliers/data.parquet","logger":"task.stdout"}
{"timestamp":"2026-04-14T10:12:32.590260Z","level":"info","event":"2026-04-14 10:12:32 | include.load.snowflake_loader | ERROR | [line:38] | Snowflake Load Error for suppliers: Password was given but private key is not encrypted.","logger":"task.stdout"}
{"timestamp":"2026-04-14T10:12:32.590787Z","level":"info","event":"2026-04-14 10:12:32 | include.load.ingest_s3_datasets | ERROR | [line:47] | Failed to ingest S3 dataset suppliers: Password was given but private key is not encrypted.","logger":"task.stdout"}
{"timestamp":"2026-04-14T10:12:32.591036Z","level":"info","event":"2026-04-14 10:12:32 | include.load.ingest_s3_datasets | INFO | [line:24] | Processing S3 Dataset: warehouses","logger":"task.stdout"}
{"timestamp":"2026-04-14T10:12:32.591355Z","level":"info","event":"2026-04-14 10:12:32 | include.extract.fetch_s3 | INFO | [line:24] | Fetching csv data from s3://supplychain360-data/raw/warehouses/warehouses.csv","logger":"task.stdout"}
{"timestamp":"2026-04-14T10:12:32.610612Z","level":"info","event":"AWS Connection (conn_id='aws_source', conn_type='aws') credentials retrieved from login and password.","logger":"airflow.providers.amazon.aws.utils.connection_wrapper.AwsConnectionWrapper","filename":"connection_wrapper.py","lineno":331}
{"timestamp":"2026-04-14T10:12:33.216694Z","level":"info","event":"AWS Connection (conn_id='aws_destination', conn_type='aws') credentials retrieved from login and password.","logger":"airflow.providers.amazon.aws.utils.connection_wrapper.AwsConnectionWrapper","filename":"connection_wrapper.py","lineno":331}
{"timestamp":"2026-04-14T10:12:33.738359Z","level":"info","event":"2026-04-14 10:12:33 | include.utils.write_to_s3 | INFO | [line:47] | Successfully wrote 10 rows to s3://supplychain360-raw-dev/raw/warehouses/source_object=warehouses/data.parquet","logger":"task.stdout"}
{"timestamp":"2026-04-14T10:12:33.759870Z","level":"info","event":"2026-04-14 10:12:33 | include.load.snowflake_loader | ERROR | [line:38] | Snowflake Load Error for warehouses: Password was given but private key is not encrypted.","logger":"task.stdout"}
{"timestamp":"2026-04-14T10:12:33.760530Z","level":"info","event":"2026-04-14 10:12:33 | include.load.ingest_s3_datasets | ERROR | [line:47] | Failed to ingest S3 dataset warehouses: Password was given but private key is not encrypted.","logger":"task.stdout"}
{"timestamp":"2026-04-14T10:12:33.760948Z","level":"info","event":"2026-04-14 10:12:33 | include.load.ingest_s3_datasets | INFO | [line:24] | Processing S3 Dataset: products","logger":"task.stdout"}
{"timestamp":"2026-04-14T10:12:33.761165Z","level":"info","event":"2026-04-14 10:12:33 | include.extract.fetch_s3 | INFO | [line:24] | Fetching csv data from s3://supplychain360-data/raw/products/products.csv","logger":"task.stdout"}
{"timestamp":"2026-04-14T10:12:33.780602Z","level":"info","event":"AWS Connection (conn_id='aws_source', conn_type='aws') credentials retrieved from login and password.","logger":"airflow.providers.amazon.aws.utils.connection_wrapper.AwsConnectionWrapper","filename":"connection_wrapper.py","lineno":331}
{"timestamp":"2026-04-14T10:12:34.539931Z","level":"info","event":"AWS Connection (conn_id='aws_destination', conn_type='aws') credentials retrieved from login and password.","logger":"airflow.providers.amazon.aws.utils.connection_wrapper.AwsConnectionWrapper","filename":"connection_wrapper.py","lineno":331}
{"timestamp":"2026-04-14T10:12:35.095026Z","level":"info","event":"2026-04-14 10:12:35 | include.utils.write_to_s3 | INFO | [line:47] | Successfully wrote 63 rows to s3://supplychain360-raw-dev/raw/products/source_object=products/data.parquet","logger":"task.stdout"}
{"timestamp":"2026-04-14T10:12:35.142607Z","level":"info","event":"2026-04-14 10:12:35 | include.load.snowflake_loader | ERROR | [line:38] | Snowflake Load Error for products: Password was given but private key is not encrypted.","logger":"task.stdout"}
{"timestamp":"2026-04-14T10:12:35.143037Z","level":"info","event":"2026-04-14 10:12:35 | include.load.ingest_s3_datasets | ERROR | [line:47] | Failed to ingest S3 dataset products: Password was given but private key is not encrypted.","logger":"task.stdout"}
{"timestamp":"2026-04-14T10:12:35.143419Z","level":"info","event":"2026-04-14 10:12:35 | include.load.ingest_s3_datasets | INFO | [line:24] | Processing S3 Dataset: inventory","logger":"task.stdout"}
{"timestamp":"2026-04-14T10:12:35.143662Z","level":"info","event":"2026-04-14 10:12:35 | include.extract.fetch_s3 | INFO | [line:24] | Fetching csv data from s3://supplychain360-data/raw/inventory/","logger":"task.stdout"}
{"timestamp":"2026-04-14T10:12:35.176923Z","level":"info","event":"AWS Connection (conn_id='aws_source', conn_type='aws') credentials retrieved from login and password.","logger":"airflow.providers.amazon.aws.utils.connection_wrapper.AwsConnectionWrapper","filename":"connection_wrapper.py","lineno":331}
{"timestamp":"2026-04-14T10:12:37.085262Z","level":"info","event":"AWS Connection (conn_id='aws_destination', conn_type='aws') credentials retrieved from login and password.","logger":"airflow.providers.amazon.aws.utils.connection_wrapper.AwsConnectionWrapper","filename":"connection_wrapper.py","lineno":331}
{"timestamp":"2026-04-14T10:12:37.842226Z","level":"info","event":"2026-04-14 10:12:37 | include.utils.write_to_s3 | INFO | [line:47] | Successfully wrote 56100 rows to s3://supplychain360-raw-dev/raw/inventory/source_object=inventory/data.parquet","logger":"task.stdout"}
{"timestamp":"2026-04-14T10:12:37.865844Z","level":"info","event":"2026-04-14 10:12:37 | include.load.snowflake_loader | ERROR | [line:38] | Snowflake Load Error for inventory: Password was given but private key is not encrypted.","logger":"task.stdout"}
{"timestamp":"2026-04-14T10:12:37.866134Z","level":"info","event":"2026-04-14 10:12:37 | include.load.ingest_s3_datasets | ERROR | [line:47] | Failed to ingest S3 dataset inventory: Password was given but private key is not encrypted.","logger":"task.stdout"}
{"timestamp":"2026-04-14T10:12:37.866299Z","level":"info","event":"2026-04-14 10:12:37 | include.load.ingest_s3_datasets | INFO | [line:24] | Processing S3 Dataset: shipments","logger":"task.stdout"}
{"timestamp":"2026-04-14T10:12:37.866389Z","level":"info","event":"2026-04-14 10:12:37 | include.extract.fetch_s3 | INFO | [line:24] | Fetching json data from s3://supplychain360-data/raw/shipments/","logger":"task.stdout"}
{"timestamp":"2026-04-14T10:12:37.884884Z","level":"info","event":"AWS Connection (conn_id='aws_source', conn_type='aws') credentials retrieved from login and password.","logger":"airflow.providers.amazon.aws.utils.connection_wrapper.AwsConnectionWrapper","filename":"connection_wrapper.py","lineno":331}
{"timestamp":"2026-04-14T10:13:02.759510Z","level":"info","event":"AWS Connection (conn_id='aws_destination', conn_type='aws') credentials retrieved from login and password.","logger":"airflow.providers.amazon.aws.utils.connection_wrapper.AwsConnectionWrapper","filename":"connection_wrapper.py","lineno":331}
{"timestamp":"2026-04-14T10:13:10.728365Z","level":"info","event":"2026-04-14 10:13:10 | include.utils.write_to_s3 | INFO | [line:47] | Successfully wrote 350000 rows to s3://supplychain360-raw-dev/raw/shipments/source_object=shipments/data.parquet","logger":"task.stdout"}
{"timestamp":"2026-04-14T10:13:10.880956Z","level":"info","event":"2026-04-14 10:13:10 | include.load.snowflake_loader | ERROR | [line:38] | Snowflake Load Error for shipments: Password was given but private key is not encrypted.","logger":"task.stdout"}
{"timestamp":"2026-04-14T10:13:10.881344Z","level":"info","event":"2026-04-14 10:13:10 | include.load.ingest_s3_datasets | ERROR | [line:47] | Failed to ingest S3 dataset shipments: Password was given but private key is not encrypted.","logger":"task.stdout"}
{"timestamp":"2026-04-14T10:13:11.166761Z","level":"info","event":"Done. Returned value was: None","logger":"airflow.task.operators.airflow.providers.standard.operators.python.PythonOperator","filename":"python.py","lineno":229}
{"timestamp":"2026-04-14T10:13:11.211405Z","level":"info","event":"Task instance in success state","logger":"task.stdout"}
{"timestamp":"2026-04-14T10:13:11.211713Z","level":"info","event":" Previous state of the Task instance: TaskInstanceState.RUNNING","logger":"task.stdout"}
{"timestamp":"2026-04-14T10:13:11.212021Z","level":"info","event":"Task operator:<Task(PythonOperator): ingest_source_s3_datasets>","logger":"task.stdout"}
