{"timestamp":"2026-04-14T07:01:33.608128Z","level":"info","event":"DAG bundles loaded: dags-folder, example_dags","logger":"airflow.dag_processing.bundles.manager.DagBundlesManager","filename":"manager.py","lineno":209}
{"timestamp":"2026-04-14T07:01:33.610673Z","level":"info","event":"Filling up the DagBag from /opt/airflow/dags/supplychain360.py","logger":"airflow.dag_processing.dagbag.BundleDagBag","filename":"dagbag.py","lineno":469}
{"timestamp":"2026-04-14T07:02:00.556917Z","level":"warning","event":"urllib3 (2.6.3) or chardet (6.0.0.post1)/charset_normalizer (3.4.6) doesn't match a supported version!","category":"UserWarning","filename":"/home/airflow/.local/lib/python3.13/site-packages/snowflake/connector/vendored/requests/__init__.py","lineno":113,"logger":"py.warnings"}
{"timestamp":"2026-04-14T07:02:00.557421Z","level":"warning","event":"Setting email on a task is deprecated; please migrate to SmtpNotifier.","category":"UserWarning","filename":"/home/airflow/.local/lib/python3.13/site-packages/airflow/providers/standard/operators/python.py","lineno":190,"logger":"py.warnings"}
{"timestamp":"2026-04-14T07:02:00.557734Z","level":"warning","event":"Setting email_on_retry on a task is deprecated; please migrate to SmtpNotifier.","category":"UserWarning","filename":"/home/airflow/.local/lib/python3.13/site-packages/airflow/providers/standard/operators/python.py","lineno":190,"logger":"py.warnings"}
{"timestamp":"2026-04-14T07:02:00.557982Z","level":"warning","event":"Setting email_on_failure on a task is deprecated; please migrate to SmtpNotifier.","category":"UserWarning","filename":"/home/airflow/.local/lib/python3.13/site-packages/airflow/providers/standard/operators/python.py","lineno":190,"logger":"py.warnings"}
{"timestamp":"2026-04-14T07:02:00.558230Z","level":"warning","event":"Setting email on a task is deprecated; please migrate to SmtpNotifier.","category":"UserWarning","filename":"/home/airflow/.local/lib/python3.13/site-packages/airflow/providers/dbt/cloud/operators/dbt.py","lineno":131,"logger":"py.warnings"}
{"timestamp":"2026-04-14T07:02:00.558479Z","level":"warning","event":"Setting email_on_retry on a task is deprecated; please migrate to SmtpNotifier.","category":"UserWarning","filename":"/home/airflow/.local/lib/python3.13/site-packages/airflow/providers/dbt/cloud/operators/dbt.py","lineno":131,"logger":"py.warnings"}
{"timestamp":"2026-04-14T07:02:00.558682Z","level":"warning","event":"Setting email_on_failure on a task is deprecated; please migrate to SmtpNotifier.","category":"UserWarning","filename":"/home/airflow/.local/lib/python3.13/site-packages/airflow/providers/dbt/cloud/operators/dbt.py","lineno":131,"logger":"py.warnings"}
{"timestamp":"2026-04-14T07:02:01.750374Z","level":"info","event":"Task instance is in running state","logger":"task.stdout"}
{"timestamp":"2026-04-14T07:02:01.750952Z","level":"info","event":" Previous state of the Task instance: TaskInstanceState.QUEUED","logger":"task.stdout"}
{"timestamp":"2026-04-14T07:02:01.751319Z","level":"info","event":"Current task name:ingest_source_s3_datasets","logger":"task.stdout"}
{"timestamp":"2026-04-14T07:02:01.751521Z","level":"info","event":"Dag name:supplychain360_dag","logger":"task.stdout"}
{"timestamp":"2026-04-14T07:02:01.751933Z","level":"info","event":"2026-04-14 07:02:01 | include.load.ingest_s3_datasets | INFO | [line:24] | Processing S3 Dataset: suppliers","logger":"task.stdout"}
{"timestamp":"2026-04-14T07:02:01.752058Z","level":"info","event":"2026-04-14 07:02:01 | include.extract.fetch_s3 | INFO | [line:24] | Fetching csv data from s3://supplychain360-data/raw/suppliers/suppliers.csv","logger":"task.stdout"}
{"timestamp":"2026-04-14T07:02:01.894376Z","level":"info","event":"AWS Connection (conn_id='aws_source', conn_type='aws') credentials retrieved from login and password.","logger":"airflow.providers.amazon.aws.utils.connection_wrapper.AwsConnectionWrapper","filename":"connection_wrapper.py","lineno":331}
{"timestamp":"2026-04-14T07:02:03.175968Z","level":"info","event":"AWS Connection (conn_id='aws_destination', conn_type='aws') credentials retrieved from login and password.","logger":"airflow.providers.amazon.aws.utils.connection_wrapper.AwsConnectionWrapper","filename":"connection_wrapper.py","lineno":331}
{"timestamp":"2026-04-14T07:02:04.178426Z","level":"info","event":"2026-04-14 07:02:04 | include.utils.write_to_s3 | INFO | [line:47] | Successfully wrote 12 rows to s3://supplychain360-raw-dev/raw/suppliers/source_object=suppliers/data.parquet","logger":"task.stdout"}
{"timestamp":"2026-04-14T07:02:04.252978Z","level":"info","event":"2026-04-14 07:02:04 | include.load.snowflake_loader | ERROR | [line:38] | Snowflake Load Error for suppliers: Password was given but private key is not encrypted.","logger":"task.stdout"}
{"timestamp":"2026-04-14T07:02:04.253553Z","level":"info","event":"2026-04-14 07:02:04 | include.load.ingest_s3_datasets | ERROR | [line:47] | Failed to ingest S3 dataset suppliers: Password was given but private key is not encrypted.","logger":"task.stdout"}
{"timestamp":"2026-04-14T07:02:04.254444Z","level":"info","event":"2026-04-14 07:02:04 | include.load.ingest_s3_datasets | INFO | [line:24] | Processing S3 Dataset: warehouses","logger":"task.stdout"}
{"timestamp":"2026-04-14T07:02:04.256673Z","level":"info","event":"2026-04-14 07:02:04 | include.extract.fetch_s3 | INFO | [line:24] | Fetching csv data from s3://supplychain360-data/raw/warehouses/warehouses.csv","logger":"task.stdout"}
{"timestamp":"2026-04-14T07:02:04.287234Z","level":"info","event":"AWS Connection (conn_id='aws_source', conn_type='aws') credentials retrieved from login and password.","logger":"airflow.providers.amazon.aws.utils.connection_wrapper.AwsConnectionWrapper","filename":"connection_wrapper.py","lineno":331}
{"timestamp":"2026-04-14T07:02:05.113121Z","level":"info","event":"AWS Connection (conn_id='aws_destination', conn_type='aws') credentials retrieved from login and password.","logger":"airflow.providers.amazon.aws.utils.connection_wrapper.AwsConnectionWrapper","filename":"connection_wrapper.py","lineno":331}
{"timestamp":"2026-04-14T07:02:05.903063Z","level":"info","event":"2026-04-14 07:02:05 | include.utils.write_to_s3 | INFO | [line:47] | Successfully wrote 10 rows to s3://supplychain360-raw-dev/raw/warehouses/source_object=warehouses/data.parquet","logger":"task.stdout"}
{"timestamp":"2026-04-14T07:02:05.937307Z","level":"info","event":"2026-04-14 07:02:05 | include.load.snowflake_loader | ERROR | [line:38] | Snowflake Load Error for warehouses: Password was given but private key is not encrypted.","logger":"task.stdout"}
{"timestamp":"2026-04-14T07:02:05.937832Z","level":"info","event":"2026-04-14 07:02:05 | include.load.ingest_s3_datasets | ERROR | [line:47] | Failed to ingest S3 dataset warehouses: Password was given but private key is not encrypted.","logger":"task.stdout"}
{"timestamp":"2026-04-14T07:02:05.938299Z","level":"info","event":"2026-04-14 07:02:05 | include.load.ingest_s3_datasets | INFO | [line:24] | Processing S3 Dataset: products","logger":"task.stdout"}
{"timestamp":"2026-04-14T07:02:05.938653Z","level":"info","event":"2026-04-14 07:02:05 | include.extract.fetch_s3 | INFO | [line:24] | Fetching csv data from s3://supplychain360-data/raw/products/products.csv","logger":"task.stdout"}
{"timestamp":"2026-04-14T07:02:05.971288Z","level":"info","event":"AWS Connection (conn_id='aws_source', conn_type='aws') credentials retrieved from login and password.","logger":"airflow.providers.amazon.aws.utils.connection_wrapper.AwsConnectionWrapper","filename":"connection_wrapper.py","lineno":331}
{"timestamp":"2026-04-14T07:02:06.997896Z","level":"info","event":"AWS Connection (conn_id='aws_destination', conn_type='aws') credentials retrieved from login and password.","logger":"airflow.providers.amazon.aws.utils.connection_wrapper.AwsConnectionWrapper","filename":"connection_wrapper.py","lineno":331}
{"timestamp":"2026-04-14T07:02:07.613225Z","level":"info","event":"2026-04-14 07:02:07 | include.utils.write_to_s3 | INFO | [line:47] | Successfully wrote 63 rows to s3://supplychain360-raw-dev/raw/products/source_object=products/data.parquet","logger":"task.stdout"}
{"timestamp":"2026-04-14T07:02:07.649139Z","level":"info","event":"2026-04-14 07:02:07 | include.load.snowflake_loader | ERROR | [line:38] | Snowflake Load Error for products: Password was given but private key is not encrypted.","logger":"task.stdout"}
{"timestamp":"2026-04-14T07:02:07.649956Z","level":"info","event":"2026-04-14 07:02:07 | include.load.ingest_s3_datasets | ERROR | [line:47] | Failed to ingest S3 dataset products: Password was given but private key is not encrypted.","logger":"task.stdout"}
{"timestamp":"2026-04-14T07:02:07.650404Z","level":"info","event":"2026-04-14 07:02:07 | include.load.ingest_s3_datasets | INFO | [line:24] | Processing S3 Dataset: inventory","logger":"task.stdout"}
{"timestamp":"2026-04-14T07:02:07.650684Z","level":"info","event":"2026-04-14 07:02:07 | include.extract.fetch_s3 | INFO | [line:24] | Fetching csv data from s3://supplychain360-data/raw/inventory/","logger":"task.stdout"}
{"timestamp":"2026-04-14T07:02:07.679140Z","level":"info","event":"AWS Connection (conn_id='aws_source', conn_type='aws') credentials retrieved from login and password.","logger":"airflow.providers.amazon.aws.utils.connection_wrapper.AwsConnectionWrapper","filename":"connection_wrapper.py","lineno":331}
{"timestamp":"2026-04-14T07:02:10.330030Z","level":"info","event":"AWS Connection (conn_id='aws_destination', conn_type='aws') credentials retrieved from login and password.","logger":"airflow.providers.amazon.aws.utils.connection_wrapper.AwsConnectionWrapper","filename":"connection_wrapper.py","lineno":331}
{"timestamp":"2026-04-14T07:02:11.137531Z","level":"info","event":"2026-04-14 07:02:11 | include.utils.write_to_s3 | INFO | [line:47] | Successfully wrote 56100 rows to s3://supplychain360-raw-dev/raw/inventory/source_object=inventory/data.parquet","logger":"task.stdout"}
{"timestamp":"2026-04-14T07:02:11.161683Z","level":"info","event":"2026-04-14 07:02:11 | include.load.snowflake_loader | ERROR | [line:38] | Snowflake Load Error for inventory: Password was given but private key is not encrypted.","logger":"task.stdout"}
{"timestamp":"2026-04-14T07:02:11.162123Z","level":"info","event":"2026-04-14 07:02:11 | include.load.ingest_s3_datasets | ERROR | [line:47] | Failed to ingest S3 dataset inventory: Password was given but private key is not encrypted.","logger":"task.stdout"}
{"timestamp":"2026-04-14T07:02:11.162325Z","level":"info","event":"2026-04-14 07:02:11 | include.load.ingest_s3_datasets | INFO | [line:24] | Processing S3 Dataset: shipments","logger":"task.stdout"}
{"timestamp":"2026-04-14T07:02:11.162475Z","level":"info","event":"2026-04-14 07:02:11 | include.extract.fetch_s3 | INFO | [line:24] | Fetching json data from s3://supplychain360-data/raw/shipments/","logger":"task.stdout"}
{"timestamp":"2026-04-14T07:02:11.182273Z","level":"info","event":"AWS Connection (conn_id='aws_source', conn_type='aws') credentials retrieved from login and password.","logger":"airflow.providers.amazon.aws.utils.connection_wrapper.AwsConnectionWrapper","filename":"connection_wrapper.py","lineno":331}
{"timestamp":"2026-04-14T07:02:38.729591Z","level":"info","event":"AWS Connection (conn_id='aws_destination', conn_type='aws') credentials retrieved from login and password.","logger":"airflow.providers.amazon.aws.utils.connection_wrapper.AwsConnectionWrapper","filename":"connection_wrapper.py","lineno":331}
{"timestamp":"2026-04-14T07:07:25.230271Z","level":"info","event":"2026-04-14 07:07:25 | include.utils.write_to_s3 | INFO | [line:47] | Successfully wrote 350000 rows to s3://supplychain360-raw-dev/raw/shipments/source_object=shipments/data.parquet","logger":"task.stdout"}
{"timestamp":"2026-04-14T07:07:26.360601Z","level":"info","event":"2026-04-14 07:07:26 | include.load.snowflake_loader | ERROR | [line:38] | Snowflake Load Error for shipments: Password was given but private key is not encrypted.","logger":"task.stdout"}
{"timestamp":"2026-04-14T07:07:26.361850Z","level":"info","event":"2026-04-14 07:07:26 | include.load.ingest_s3_datasets | ERROR | [line:47] | Failed to ingest S3 dataset shipments: Password was given but private key is not encrypted.","logger":"task.stdout"}
{"timestamp":"2026-04-14T07:07:28.055680Z","level":"info","event":"Done. Returned value was: None","logger":"airflow.task.operators.airflow.providers.standard.operators.python.PythonOperator","filename":"python.py","lineno":229}
{"timestamp":"2026-04-14T07:07:28.272658Z","level":"info","event":"Task instance in success state","logger":"task.stdout"}
{"timestamp":"2026-04-14T07:07:28.276999Z","level":"info","event":" Previous state of the Task instance: TaskInstanceState.RUNNING","logger":"task.stdout"}
{"timestamp":"2026-04-14T07:07:28.316272Z","level":"info","event":"Task operator:<Task(PythonOperator): ingest_source_s3_datasets>","logger":"task.stdout"}
