2026-04-14 03:52:45 | include.load.supplychain_ingestion | INFO | [line:13] | Starting Master Data Ingestion (Google Sheets)...
2026-04-14 03:53:34 | include.load.supplychain_ingestion | INFO | [line:13] | Starting Master Data Ingestion (Google Sheets)...
2026-04-14 03:53:34 | include.extract.google_sheets | INFO | [line:27] | Fetching from Google Sheet: 164vMPKEZARKeGf1AHyJl33gmkbtUpPfz00hSWd2x1io | Range: Sheet1!A1:F1000
2026-04-14 03:53:36 | include.extract.google_sheets | INFO | [line:54] | Successfully extracted 800 rows.
2026-04-14 03:53:40 | include.load.ingest_store_sales | INFO | [line:50] | Starting Incremental Sales Ingestion to Snowflake
2026-04-14 03:53:40 | include.extract.postgres_sales | INFO | [line:64] | Listing sales tables from source schema public
2026-04-14 03:53:51 | include.extract.postgres_sales | ERROR | [line:87] | Failed to list tables: (psycopg2.OperationalError) could not translate host name "None" to address: Temporary failure in name resolution

(Background on this error at: https://sqlalche.me/e/20/e3q8)
2026-04-14 04:47:19 | include.load.ingest_s3_datasets | INFO | [line:24] | Processing S3 Dataset: suppliers
2026-04-14 04:47:19 | include.extract.fetch_s3 | INFO | [line:24] | Fetching csv data from s3://supplychain360-data/raw/suppliers/suppliers.csv
2026-04-14 04:47:19 | include.load.ingest_store_sales | INFO | [line:50] | Starting Incremental Sales Ingestion to Snowflake
2026-04-14 04:47:19 | include.extract.postgres_sales | INFO | [line:64] | Listing sales tables from source schema public
2026-04-14 04:47:19 | include.load.supplychain_ingestion | INFO | [line:13] | Starting Master Data Ingestion (Google Sheets)...
2026-04-14 04:47:19 | include.extract.google_sheets | INFO | [line:27] | Fetching from Google Sheet: 164vMPKEZARKeGf1AHyJl33gmkbtUpPfz00hSWd2x1io | Range: Sheet1!A1:F1000
2026-04-14 04:47:22 | include.utils.retry | WARNING | [line:30] | Unable to locate credentials, Retrying in 5 seconds...
2026-04-14 04:47:24 | include.extract.google_sheets | INFO | [line:54] | Successfully extracted 800 rows.
2026-04-14 04:47:25 | include.utils.write_to_s3 | INFO | [line:47] | Successfully wrote 800 rows to s3://supplychain360-raw-dev/raw/master_data/store_locations.parquet
2026-04-14 04:47:27 | include.extract.fetch_s3 | INFO | [line:24] | Fetching csv data from s3://supplychain360-data/raw/suppliers/suppliers.csv
2026-04-14 04:47:30 | include.utils.retry | WARNING | [line:30] | Unable to locate credentials, Retrying in 10 seconds...
2026-04-14 04:47:33 | include.extract.postgres_sales | ERROR | [line:87] | Failed to list tables: (psycopg2.OperationalError) could not translate host name "None" to address: Temporary failure in name resolution

(Background on this error at: https://sqlalche.me/e/20/e3q8)
2026-04-14 04:47:40 | include.extract.fetch_s3 | INFO | [line:24] | Fetching csv data from s3://supplychain360-data/raw/suppliers/suppliers.csv
2026-04-14 04:47:43 | include.load.ingest_s3_datasets | ERROR | [line:47] | Failed to ingest S3 dataset suppliers: Unable to locate credentials
2026-04-14 04:47:43 | include.load.ingest_s3_datasets | INFO | [line:24] | Processing S3 Dataset: warehouses
2026-04-14 04:47:43 | include.extract.fetch_s3 | INFO | [line:24] | Fetching csv data from s3://supplychain360-data/raw/warehouses/warehouses.csv
2026-04-14 04:47:45 | include.utils.retry | WARNING | [line:30] | Unable to locate credentials, Retrying in 5 seconds...
2026-04-14 04:47:50 | include.extract.fetch_s3 | INFO | [line:24] | Fetching csv data from s3://supplychain360-data/raw/warehouses/warehouses.csv
2026-04-14 04:47:53 | include.utils.retry | WARNING | [line:30] | Unable to locate credentials, Retrying in 10 seconds...
2026-04-14 04:48:03 | include.extract.fetch_s3 | INFO | [line:24] | Fetching csv data from s3://supplychain360-data/raw/warehouses/warehouses.csv
2026-04-14 04:48:05 | include.load.ingest_s3_datasets | ERROR | [line:47] | Failed to ingest S3 dataset warehouses: Unable to locate credentials
2026-04-14 04:48:05 | include.load.ingest_s3_datasets | INFO | [line:24] | Processing S3 Dataset: products
2026-04-14 04:48:05 | include.extract.fetch_s3 | INFO | [line:24] | Fetching csv data from s3://supplychain360-data/raw/products/products.csv
2026-04-14 04:48:08 | include.utils.retry | WARNING | [line:30] | Unable to locate credentials, Retrying in 5 seconds...
2026-04-14 04:48:13 | include.extract.fetch_s3 | INFO | [line:24] | Fetching csv data from s3://supplychain360-data/raw/products/products.csv
2026-04-14 04:48:14 | include.load.ingest_store_sales | INFO | [line:50] | Starting Incremental Sales Ingestion to Snowflake
2026-04-14 04:48:14 | include.extract.postgres_sales | INFO | [line:64] | Listing sales tables from source schema public
2026-04-14 04:48:15 | include.utils.retry | WARNING | [line:30] | Unable to locate credentials, Retrying in 10 seconds...
2026-04-14 04:48:24 | include.extract.postgres_sales | ERROR | [line:87] | Failed to list tables: (psycopg2.OperationalError) could not translate host name "None" to address: Temporary failure in name resolution

(Background on this error at: https://sqlalche.me/e/20/e3q8)
2026-04-14 04:48:25 | include.extract.fetch_s3 | INFO | [line:24] | Fetching csv data from s3://supplychain360-data/raw/products/products.csv
2026-04-14 04:48:28 | include.load.ingest_s3_datasets | ERROR | [line:47] | Failed to ingest S3 dataset products: Unable to locate credentials
2026-04-14 04:48:28 | include.load.ingest_s3_datasets | INFO | [line:24] | Processing S3 Dataset: inventory
2026-04-14 04:48:28 | include.extract.fetch_s3 | INFO | [line:24] | Fetching csv data from s3://supplychain360-data/raw/inventory/
2026-04-14 04:48:30 | include.utils.retry | WARNING | [line:30] | Unable to locate credentials, Retrying in 5 seconds...
2026-04-14 04:48:35 | include.extract.fetch_s3 | INFO | [line:24] | Fetching csv data from s3://supplychain360-data/raw/inventory/
2026-04-14 04:48:38 | include.utils.retry | WARNING | [line:30] | Unable to locate credentials, Retrying in 10 seconds...
2026-04-14 04:48:48 | include.extract.fetch_s3 | INFO | [line:24] | Fetching csv data from s3://supplychain360-data/raw/inventory/
2026-04-14 04:48:51 | include.load.ingest_s3_datasets | ERROR | [line:47] | Failed to ingest S3 dataset inventory: Unable to locate credentials
2026-04-14 04:48:51 | include.load.ingest_s3_datasets | INFO | [line:24] | Processing S3 Dataset: shipments
2026-04-14 04:48:51 | include.extract.fetch_s3 | INFO | [line:24] | Fetching json data from s3://supplychain360-data/raw/shipments/
2026-04-14 04:48:53 | include.utils.retry | WARNING | [line:30] | Unable to locate credentials, Retrying in 5 seconds...
2026-04-14 04:48:58 | include.extract.fetch_s3 | INFO | [line:24] | Fetching json data from s3://supplychain360-data/raw/shipments/
2026-04-14 04:49:00 | include.utils.retry | WARNING | [line:30] | Unable to locate credentials, Retrying in 10 seconds...
2026-04-14 04:49:10 | include.extract.fetch_s3 | INFO | [line:24] | Fetching json data from s3://supplychain360-data/raw/shipments/
2026-04-14 04:49:13 | include.load.ingest_s3_datasets | ERROR | [line:47] | Failed to ingest S3 dataset shipments: Unable to locate credentials
2026-04-14 05:05:58 | include.load.supplychain_ingestion | INFO | [line:13] | Starting Master Data Ingestion (Google Sheets)...
2026-04-14 05:05:58 | include.extract.google_sheets | INFO | [line:27] | Fetching from Google Sheet: 164vMPKEZARKeGf1AHyJl33gmkbtUpPfz00hSWd2x1io | Range: Sheet1!A1:F1000
2026-04-14 05:05:58 | include.load.ingest_s3_datasets | INFO | [line:24] | Processing S3 Dataset: suppliers
2026-04-14 05:05:58 | include.extract.fetch_s3 | INFO | [line:24] | Fetching csv data from s3://supplychain360-data/raw/suppliers/suppliers.csv
2026-04-14 05:05:58 | include.load.ingest_store_sales | INFO | [line:50] | Starting Incremental Sales Ingestion to Snowflake
2026-04-14 05:05:58 | include.extract.postgres_sales | INFO | [line:64] | Listing sales tables from source schema public
2026-04-14 05:06:00 | include.extract.google_sheets | INFO | [line:54] | Successfully extracted 800 rows.
2026-04-14 05:06:00 | include.utils.write_to_s3 | INFO | [line:47] | Successfully wrote 12 rows to s3://supplychain360-raw-dev/raw/suppliers/source_object=suppliers/data.parquet
2026-04-14 05:06:01 | include.load.snowflake_loader | ERROR | [line:38] | Snowflake Load Error for suppliers: Password was given but private key is not encrypted.
2026-04-14 05:06:01 | include.load.ingest_s3_datasets | ERROR | [line:47] | Failed to ingest S3 dataset suppliers: Password was given but private key is not encrypted.
2026-04-14 05:06:01 | include.load.ingest_s3_datasets | INFO | [line:24] | Processing S3 Dataset: warehouses
2026-04-14 05:06:01 | include.extract.fetch_s3 | INFO | [line:24] | Fetching csv data from s3://supplychain360-data/raw/warehouses/warehouses.csv
2026-04-14 05:06:01 | include.utils.write_to_s3 | INFO | [line:47] | Successfully wrote 800 rows to s3://supplychain360-raw-dev/raw/master_data/store_locations.parquet
2026-04-14 05:06:02 | include.utils.write_to_s3 | INFO | [line:47] | Successfully wrote 10 rows to s3://supplychain360-raw-dev/raw/warehouses/source_object=warehouses/data.parquet
2026-04-14 05:06:02 | include.load.snowflake_loader | ERROR | [line:38] | Snowflake Load Error for warehouses: Password was given but private key is not encrypted.
2026-04-14 05:06:02 | include.load.ingest_s3_datasets | ERROR | [line:47] | Failed to ingest S3 dataset warehouses: Password was given but private key is not encrypted.
2026-04-14 05:06:02 | include.load.ingest_s3_datasets | INFO | [line:24] | Processing S3 Dataset: products
2026-04-14 05:06:02 | include.extract.fetch_s3 | INFO | [line:24] | Fetching csv data from s3://supplychain360-data/raw/products/products.csv
2026-04-14 05:06:03 | include.utils.write_to_s3 | INFO | [line:47] | Successfully wrote 63 rows to s3://supplychain360-raw-dev/raw/products/source_object=products/data.parquet
2026-04-14 05:06:03 | include.load.snowflake_loader | ERROR | [line:38] | Snowflake Load Error for products: Password was given but private key is not encrypted.
2026-04-14 05:06:03 | include.load.ingest_s3_datasets | ERROR | [line:47] | Failed to ingest S3 dataset products: Password was given but private key is not encrypted.
2026-04-14 05:06:03 | include.load.ingest_s3_datasets | INFO | [line:24] | Processing S3 Dataset: inventory
2026-04-14 05:06:03 | include.extract.fetch_s3 | INFO | [line:24] | Fetching csv data from s3://supplychain360-data/raw/inventory/
2026-04-14 05:06:05 | include.utils.write_to_s3 | INFO | [line:47] | Successfully wrote 56100 rows to s3://supplychain360-raw-dev/raw/inventory/source_object=inventory/data.parquet
2026-04-14 05:06:05 | include.load.snowflake_loader | ERROR | [line:38] | Snowflake Load Error for inventory: Password was given but private key is not encrypted.
2026-04-14 05:06:05 | include.load.ingest_s3_datasets | ERROR | [line:47] | Failed to ingest S3 dataset inventory: Password was given but private key is not encrypted.
2026-04-14 05:06:05 | include.load.ingest_s3_datasets | INFO | [line:24] | Processing S3 Dataset: shipments
2026-04-14 05:06:05 | include.extract.fetch_s3 | INFO | [line:24] | Fetching json data from s3://supplychain360-data/raw/shipments/
2026-04-14 05:06:09 | include.extract.postgres_sales | ERROR | [line:87] | Failed to list tables: (psycopg2.OperationalError) could not translate host name "None" to address: Temporary failure in name resolution

(Background on this error at: https://sqlalche.me/e/20/e3q8)
2026-04-14 05:06:36 | include.utils.write_to_s3 | INFO | [line:47] | Successfully wrote 350000 rows to s3://supplychain360-raw-dev/raw/shipments/source_object=shipments/data.parquet
2026-04-14 05:06:36 | include.load.snowflake_loader | ERROR | [line:38] | Snowflake Load Error for shipments: Password was given but private key is not encrypted.
2026-04-14 05:06:36 | include.load.ingest_s3_datasets | ERROR | [line:47] | Failed to ingest S3 dataset shipments: Password was given but private key is not encrypted.
2026-04-14 05:06:47 | include.load.ingest_store_sales | INFO | [line:50] | Starting Incremental Sales Ingestion to Snowflake
2026-04-14 05:06:47 | include.extract.postgres_sales | INFO | [line:64] | Listing sales tables from source schema public
2026-04-14 05:06:57 | include.extract.postgres_sales | ERROR | [line:87] | Failed to list tables: (psycopg2.OperationalError) could not translate host name "None" to address: Temporary failure in name resolution

(Background on this error at: https://sqlalche.me/e/20/e3q8)
2026-04-14 06:23:29 | include.load.ingest_store_sales | INFO | [line:50] | Starting Incremental Sales Ingestion to Snowflake
2026-04-14 06:23:29 | include.load.ingest_s3_datasets | INFO | [line:24] | Processing S3 Dataset: suppliers
2026-04-14 06:23:29 | include.extract.fetch_s3 | INFO | [line:24] | Fetching csv data from s3://supplychain360-data/raw/suppliers/suppliers.csv
2026-04-14 06:23:29 | include.extract.postgres_sales | INFO | [line:71] | Listing sales tables from source schema public
2026-04-14 06:23:29 | include.load.supplychain_ingestion | INFO | [line:13] | Starting Master Data Ingestion (Google Sheets)...
2026-04-14 06:23:29 | include.extract.google_sheets | INFO | [line:27] | Fetching from Google Sheet: 164vMPKEZARKeGf1AHyJl33gmkbtUpPfz00hSWd2x1io | Range: Sheet1!A1:F1000
2026-04-14 06:23:31 | include.utils.write_to_s3 | INFO | [line:47] | Successfully wrote 12 rows to s3://supplychain360-raw-dev/raw/suppliers/source_object=suppliers/data.parquet
2026-04-14 06:23:31 | include.extract.google_sheets | INFO | [line:54] | Successfully extracted 800 rows.
2026-04-14 06:23:31 | include.load.snowflake_loader | ERROR | [line:38] | Snowflake Load Error for suppliers: Password was given but private key is not encrypted.
2026-04-14 06:23:31 | include.load.ingest_s3_datasets | ERROR | [line:47] | Failed to ingest S3 dataset suppliers: Password was given but private key is not encrypted.
2026-04-14 06:23:31 | include.load.ingest_s3_datasets | INFO | [line:24] | Processing S3 Dataset: warehouses
2026-04-14 06:23:31 | include.extract.fetch_s3 | INFO | [line:24] | Fetching csv data from s3://supplychain360-data/raw/warehouses/warehouses.csv
2026-04-14 06:23:31 | include.extract.postgres_sales | INFO | [line:89] | Discovered 7 sales tables.
2026-04-14 06:23:31 | include.load.ingest_store_sales | WARNING | [line:41] | Could not fetch metadata from Snowflake (likely table doesn't exist): Password was given but private key is not encrypted.
2026-04-14 06:23:31 | include.load.ingest_store_sales | INFO | [line:64] | Processing sales_2026_03_10...
2026-04-14 06:23:31 | include.extract.postgres_sales | INFO | [line:137] | Fetching source sales table public.sales_2026_03_10
2026-04-14 06:23:32 | include.utils.write_to_s3 | INFO | [line:47] | Successfully wrote 800 rows to s3://supplychain360-raw-dev/raw/master_data/store_locations.parquet
2026-04-14 06:23:32 | include.utils.write_to_s3 | INFO | [line:47] | Successfully wrote 10 rows to s3://supplychain360-raw-dev/raw/warehouses/source_object=warehouses/data.parquet
2026-04-14 06:23:32 | include.load.snowflake_loader | ERROR | [line:38] | Snowflake Load Error for warehouses: Password was given but private key is not encrypted.
2026-04-14 06:23:32 | include.load.ingest_s3_datasets | ERROR | [line:47] | Failed to ingest S3 dataset warehouses: Password was given but private key is not encrypted.
2026-04-14 06:23:32 | include.load.ingest_s3_datasets | INFO | [line:24] | Processing S3 Dataset: products
2026-04-14 06:23:32 | include.extract.fetch_s3 | INFO | [line:24] | Fetching csv data from s3://supplychain360-data/raw/products/products.csv
2026-04-14 06:23:34 | include.utils.write_to_s3 | INFO | [line:47] | Successfully wrote 63 rows to s3://supplychain360-raw-dev/raw/products/source_object=products/data.parquet
2026-04-14 06:23:34 | include.load.snowflake_loader | ERROR | [line:38] | Snowflake Load Error for products: Password was given but private key is not encrypted.
2026-04-14 06:23:34 | include.load.ingest_s3_datasets | ERROR | [line:47] | Failed to ingest S3 dataset products: Password was given but private key is not encrypted.
2026-04-14 06:23:34 | include.load.ingest_s3_datasets | INFO | [line:24] | Processing S3 Dataset: inventory
2026-04-14 06:23:34 | include.extract.fetch_s3 | INFO | [line:24] | Fetching csv data from s3://supplychain360-data/raw/inventory/
2026-04-14 06:23:36 | include.utils.write_to_s3 | INFO | [line:47] | Successfully wrote 56100 rows to s3://supplychain360-raw-dev/raw/inventory/source_object=inventory/data.parquet
2026-04-14 06:23:36 | include.load.snowflake_loader | ERROR | [line:38] | Snowflake Load Error for inventory: Password was given but private key is not encrypted.
2026-04-14 06:23:36 | include.load.ingest_s3_datasets | ERROR | [line:47] | Failed to ingest S3 dataset inventory: Password was given but private key is not encrypted.
2026-04-14 06:23:36 | include.load.ingest_s3_datasets | INFO | [line:24] | Processing S3 Dataset: shipments
2026-04-14 06:23:36 | include.extract.fetch_s3 | INFO | [line:24] | Fetching json data from s3://supplychain360-data/raw/shipments/
2026-04-14 06:23:45 | include.extract.postgres_sales | INFO | [line:148] | Fetched 200000 rows and 11 columns from sales_2026_03_10
2026-04-14 06:23:46 | include.load.ingest_store_sales | ERROR | [line:85] | Failed to ingest sales_2026_03_10: ("Expected bytes, got a 'UUID' object", 'Conversion failed for column transaction_id with type object')
2026-04-14 06:23:46 | include.load.ingest_store_sales | INFO | [line:64] | Processing sales_2026_03_11...
2026-04-14 06:23:46 | include.extract.postgres_sales | INFO | [line:137] | Fetching source sales table public.sales_2026_03_11
2026-04-14 06:30:03 | include.utils.retry | WARNING | [line:30] | (psycopg2.OperationalError) SSL SYSCALL error: EOF detected

[SQL: SELECT * FROM "public"."sales_2026_03_11"]
(Background on this error at: https://sqlalche.me/e/20/e3q8), Retrying in 5 seconds...
2026-04-14 06:30:08 | include.extract.postgres_sales | INFO | [line:137] | Fetching source sales table public.sales_2026_03_11
2026-04-14 06:30:44 | include.extract.postgres_sales | INFO | [line:148] | Fetched 200000 rows and 11 columns from sales_2026_03_11
2026-04-14 06:30:44 | include.utils.write_to_s3 | INFO | [line:47] | Successfully wrote 350000 rows to s3://supplychain360-raw-dev/raw/shipments/source_object=shipments/data.parquet
2026-04-14 06:30:45 | include.load.snowflake_loader | ERROR | [line:38] | Snowflake Load Error for shipments: Password was given but private key is not encrypted.
2026-04-14 06:30:45 | include.load.ingest_s3_datasets | ERROR | [line:47] | Failed to ingest S3 dataset shipments: Password was given but private key is not encrypted.
2026-04-14 06:30:47 | include.load.ingest_store_sales | ERROR | [line:85] | Failed to ingest sales_2026_03_11: ("Expected bytes, got a 'UUID' object", 'Conversion failed for column transaction_id with type object')
2026-04-14 06:30:47 | include.load.ingest_store_sales | INFO | [line:64] | Processing sales_2026_03_12...
2026-04-14 06:30:47 | include.extract.postgres_sales | INFO | [line:137] | Fetching source sales table public.sales_2026_03_12
2026-04-14 06:31:03 | include.extract.postgres_sales | INFO | [line:148] | Fetched 200000 rows and 11 columns from sales_2026_03_12
2026-04-14 06:31:04 | include.load.ingest_store_sales | ERROR | [line:85] | Failed to ingest sales_2026_03_12: ("Expected bytes, got a 'UUID' object", 'Conversion failed for column transaction_id with type object')
2026-04-14 06:31:04 | include.load.ingest_store_sales | INFO | [line:64] | Processing sales_2026_03_13...
2026-04-14 06:31:04 | include.extract.postgres_sales | INFO | [line:137] | Fetching source sales table public.sales_2026_03_13
2026-04-14 06:31:17 | include.extract.postgres_sales | INFO | [line:148] | Fetched 200000 rows and 11 columns from sales_2026_03_13
2026-04-14 06:31:18 | include.load.ingest_store_sales | ERROR | [line:85] | Failed to ingest sales_2026_03_13: ("Expected bytes, got a 'UUID' object", 'Conversion failed for column transaction_id with type object')
2026-04-14 06:31:18 | include.load.ingest_store_sales | INFO | [line:64] | Processing sales_2026_03_14...
2026-04-14 06:31:18 | include.extract.postgres_sales | INFO | [line:137] | Fetching source sales table public.sales_2026_03_14
2026-04-14 06:31:28 | include.extract.postgres_sales | INFO | [line:148] | Fetched 200000 rows and 11 columns from sales_2026_03_14
2026-04-14 06:31:29 | include.load.ingest_store_sales | ERROR | [line:85] | Failed to ingest sales_2026_03_14: ("Expected bytes, got a 'UUID' object", 'Conversion failed for column transaction_id with type object')
2026-04-14 06:31:29 | include.load.ingest_store_sales | INFO | [line:64] | Processing sales_2026_03_15...
2026-04-14 06:31:29 | include.extract.postgres_sales | INFO | [line:137] | Fetching source sales table public.sales_2026_03_15
2026-04-14 06:31:42 | include.extract.postgres_sales | INFO | [line:148] | Fetched 200000 rows and 11 columns from sales_2026_03_15
2026-04-14 06:31:43 | include.load.ingest_store_sales | ERROR | [line:85] | Failed to ingest sales_2026_03_15: ("Expected bytes, got a 'UUID' object", 'Conversion failed for column transaction_id with type object')
2026-04-14 06:31:43 | include.load.ingest_store_sales | INFO | [line:64] | Processing sales_2026_03_16...
2026-04-14 06:31:43 | include.extract.postgres_sales | INFO | [line:137] | Fetching source sales table public.sales_2026_03_16
2026-04-14 06:31:56 | include.extract.postgres_sales | INFO | [line:148] | Fetched 200000 rows and 11 columns from sales_2026_03_16
2026-04-14 06:31:57 | include.load.ingest_store_sales | ERROR | [line:85] | Failed to ingest sales_2026_03_16: ("Expected bytes, got a 'UUID' object", 'Conversion failed for column transaction_id with type object')
2026-04-14 07:02:01 | include.load.ingest_store_sales | INFO | [line:50] | Starting Incremental Sales Ingestion to Snowflake
2026-04-14 07:02:01 | include.extract.postgres_sales | INFO | [line:71] | Listing sales tables from source schema public
2026-04-14 07:02:01 | include.load.ingest_s3_datasets | INFO | [line:24] | Processing S3 Dataset: suppliers
2026-04-14 07:02:01 | include.extract.fetch_s3 | INFO | [line:24] | Fetching csv data from s3://supplychain360-data/raw/suppliers/suppliers.csv
2026-04-14 07:02:01 | include.load.supplychain_ingestion | INFO | [line:13] | Starting Master Data Ingestion (Google Sheets)...
2026-04-14 07:02:01 | include.extract.google_sheets | INFO | [line:27] | Fetching from Google Sheet: 164vMPKEZARKeGf1AHyJl33gmkbtUpPfz00hSWd2x1io | Range: Sheet1!A1:F1000
2026-04-14 07:02:01 | include.extract.google_sheets | ERROR | [line:58] | Error extracting from Google Sheets: [Errno 2] No such file or directory: '/opt/airflow/service_account.json'
2026-04-14 07:02:01 | include.utils.retry | WARNING | [line:30] | [Errno 2] No such file or directory: '/opt/airflow/service_account.json', Retrying in 5 seconds...
2026-04-14 07:02:04 | include.extract.postgres_sales | INFO | [line:89] | Discovered 7 sales tables.
2026-04-14 07:02:04 | include.load.ingest_store_sales | WARNING | [line:41] | Could not fetch metadata from Snowflake (likely table doesn't exist): Password was given but private key is not encrypted.
2026-04-14 07:02:04 | include.load.ingest_store_sales | INFO | [line:64] | Processing sales_2026_03_10...
2026-04-14 07:02:04 | include.extract.postgres_sales | INFO | [line:137] | Fetching source sales table public.sales_2026_03_10
2026-04-14 07:02:04 | include.utils.write_to_s3 | INFO | [line:47] | Successfully wrote 12 rows to s3://supplychain360-raw-dev/raw/suppliers/source_object=suppliers/data.parquet
2026-04-14 07:02:04 | include.load.snowflake_loader | ERROR | [line:38] | Snowflake Load Error for suppliers: Password was given but private key is not encrypted.
2026-04-14 07:02:04 | include.load.ingest_s3_datasets | ERROR | [line:47] | Failed to ingest S3 dataset suppliers: Password was given but private key is not encrypted.
2026-04-14 07:02:04 | include.load.ingest_s3_datasets | INFO | [line:24] | Processing S3 Dataset: warehouses
2026-04-14 07:02:04 | include.extract.fetch_s3 | INFO | [line:24] | Fetching csv data from s3://supplychain360-data/raw/warehouses/warehouses.csv
2026-04-14 07:02:05 | include.utils.write_to_s3 | INFO | [line:47] | Successfully wrote 10 rows to s3://supplychain360-raw-dev/raw/warehouses/source_object=warehouses/data.parquet
2026-04-14 07:02:05 | include.load.snowflake_loader | ERROR | [line:38] | Snowflake Load Error for warehouses: Password was given but private key is not encrypted.
2026-04-14 07:02:05 | include.load.ingest_s3_datasets | ERROR | [line:47] | Failed to ingest S3 dataset warehouses: Password was given but private key is not encrypted.
2026-04-14 07:02:05 | include.load.ingest_s3_datasets | INFO | [line:24] | Processing S3 Dataset: products
2026-04-14 07:02:05 | include.extract.fetch_s3 | INFO | [line:24] | Fetching csv data from s3://supplychain360-data/raw/products/products.csv
2026-04-14 07:02:06 | include.extract.google_sheets | INFO | [line:27] | Fetching from Google Sheet: 164vMPKEZARKeGf1AHyJl33gmkbtUpPfz00hSWd2x1io | Range: Sheet1!A1:F1000
2026-04-14 07:02:06 | include.extract.google_sheets | ERROR | [line:58] | Error extracting from Google Sheets: [Errno 2] No such file or directory: '/opt/airflow/service_account.json'
2026-04-14 07:02:06 | include.utils.retry | WARNING | [line:30] | [Errno 2] No such file or directory: '/opt/airflow/service_account.json', Retrying in 10 seconds...
2026-04-14 07:02:07 | include.utils.write_to_s3 | INFO | [line:47] | Successfully wrote 63 rows to s3://supplychain360-raw-dev/raw/products/source_object=products/data.parquet
2026-04-14 07:02:07 | include.load.snowflake_loader | ERROR | [line:38] | Snowflake Load Error for products: Password was given but private key is not encrypted.
2026-04-14 07:02:07 | include.load.ingest_s3_datasets | ERROR | [line:47] | Failed to ingest S3 dataset products: Password was given but private key is not encrypted.
2026-04-14 07:02:07 | include.load.ingest_s3_datasets | INFO | [line:24] | Processing S3 Dataset: inventory
2026-04-14 07:02:07 | include.extract.fetch_s3 | INFO | [line:24] | Fetching csv data from s3://supplychain360-data/raw/inventory/
2026-04-14 07:02:11 | include.utils.write_to_s3 | INFO | [line:47] | Successfully wrote 56100 rows to s3://supplychain360-raw-dev/raw/inventory/source_object=inventory/data.parquet
2026-04-14 07:02:11 | include.load.snowflake_loader | ERROR | [line:38] | Snowflake Load Error for inventory: Password was given but private key is not encrypted.
2026-04-14 07:02:11 | include.load.ingest_s3_datasets | ERROR | [line:47] | Failed to ingest S3 dataset inventory: Password was given but private key is not encrypted.
2026-04-14 07:02:11 | include.load.ingest_s3_datasets | INFO | [line:24] | Processing S3 Dataset: shipments
2026-04-14 07:02:11 | include.extract.fetch_s3 | INFO | [line:24] | Fetching json data from s3://supplychain360-data/raw/shipments/
2026-04-14 07:02:16 | include.extract.google_sheets | INFO | [line:27] | Fetching from Google Sheet: 164vMPKEZARKeGf1AHyJl33gmkbtUpPfz00hSWd2x1io | Range: Sheet1!A1:F1000
2026-04-14 07:02:17 | include.extract.google_sheets | ERROR | [line:58] | Error extracting from Google Sheets: [Errno 2] No such file or directory: '/opt/airflow/service_account.json'
2026-04-14 07:02:17 | include.extract.postgres_sales | INFO | [line:148] | Fetched 200000 rows and 11 columns from sales_2026_03_10
2026-04-14 07:02:18 | include.load.ingest_store_sales | ERROR | [line:85] | Failed to ingest sales_2026_03_10: ("Expected bytes, got a 'UUID' object", 'Conversion failed for column transaction_id with type object')
2026-04-14 07:02:18 | include.load.ingest_store_sales | INFO | [line:64] | Processing sales_2026_03_11...
2026-04-14 07:02:18 | include.extract.postgres_sales | INFO | [line:137] | Fetching source sales table public.sales_2026_03_11
2026-04-14 07:07:25 | include.utils.write_to_s3 | INFO | [line:47] | Successfully wrote 350000 rows to s3://supplychain360-raw-dev/raw/shipments/source_object=shipments/data.parquet
2026-04-14 07:07:26 | include.load.snowflake_loader | ERROR | [line:38] | Snowflake Load Error for shipments: Password was given but private key is not encrypted.
2026-04-14 07:07:26 | include.load.ingest_s3_datasets | ERROR | [line:47] | Failed to ingest S3 dataset shipments: Password was given but private key is not encrypted.
2026-04-14 07:07:27 | include.extract.postgres_sales | INFO | [line:148] | Fetched 200000 rows and 11 columns from sales_2026_03_11
2026-04-14 07:07:32 | include.load.ingest_store_sales | ERROR | [line:85] | Failed to ingest sales_2026_03_11: ("Expected bytes, got a 'UUID' object", 'Conversion failed for column transaction_id with type object')
2026-04-14 07:07:32 | include.load.ingest_store_sales | INFO | [line:64] | Processing sales_2026_03_12...
2026-04-14 07:07:32 | include.extract.postgres_sales | INFO | [line:137] | Fetching source sales table public.sales_2026_03_12
2026-04-14 07:08:01 | include.extract.postgres_sales | INFO | [line:148] | Fetched 200000 rows and 11 columns from sales_2026_03_12
2026-04-14 07:08:02 | include.load.ingest_store_sales | ERROR | [line:85] | Failed to ingest sales_2026_03_12: ("Expected bytes, got a 'UUID' object", 'Conversion failed for column transaction_id with type object')
2026-04-14 07:08:02 | include.load.ingest_store_sales | INFO | [line:64] | Processing sales_2026_03_13...
2026-04-14 07:08:02 | include.extract.postgres_sales | INFO | [line:137] | Fetching source sales table public.sales_2026_03_13
2026-04-14 07:08:15 | include.extract.postgres_sales | INFO | [line:148] | Fetched 200000 rows and 11 columns from sales_2026_03_13
2026-04-14 07:08:16 | include.load.ingest_store_sales | ERROR | [line:85] | Failed to ingest sales_2026_03_13: ("Expected bytes, got a 'UUID' object", 'Conversion failed for column transaction_id with type object')
2026-04-14 07:08:16 | include.load.ingest_store_sales | INFO | [line:64] | Processing sales_2026_03_14...
2026-04-14 07:08:16 | include.extract.postgres_sales | INFO | [line:137] | Fetching source sales table public.sales_2026_03_14
2026-04-14 07:08:27 | include.extract.postgres_sales | INFO | [line:148] | Fetched 200000 rows and 11 columns from sales_2026_03_14
2026-04-14 07:08:28 | include.load.ingest_store_sales | ERROR | [line:85] | Failed to ingest sales_2026_03_14: ("Expected bytes, got a 'UUID' object", 'Conversion failed for column transaction_id with type object')
2026-04-14 07:08:28 | include.load.ingest_store_sales | INFO | [line:64] | Processing sales_2026_03_15...
2026-04-14 07:08:28 | include.extract.postgres_sales | INFO | [line:137] | Fetching source sales table public.sales_2026_03_15
2026-04-14 07:08:39 | include.extract.postgres_sales | INFO | [line:148] | Fetched 200000 rows and 11 columns from sales_2026_03_15
2026-04-14 07:08:39 | include.load.ingest_store_sales | ERROR | [line:85] | Failed to ingest sales_2026_03_15: ("Expected bytes, got a 'UUID' object", 'Conversion failed for column transaction_id with type object')
2026-04-14 07:08:39 | include.load.ingest_store_sales | INFO | [line:64] | Processing sales_2026_03_16...
2026-04-14 07:08:39 | include.extract.postgres_sales | INFO | [line:137] | Fetching source sales table public.sales_2026_03_16
2026-04-14 07:08:51 | include.extract.postgres_sales | INFO | [line:148] | Fetched 200000 rows and 11 columns from sales_2026_03_16
2026-04-14 07:08:51 | include.load.ingest_store_sales | ERROR | [line:85] | Failed to ingest sales_2026_03_16: ("Expected bytes, got a 'UUID' object", 'Conversion failed for column transaction_id with type object')
2026-04-14 07:09:10 | include.load.supplychain_ingestion | INFO | [line:13] | Starting Master Data Ingestion (Google Sheets)...
2026-04-14 07:09:10 | include.extract.google_sheets | INFO | [line:27] | Fetching from Google Sheet: 164vMPKEZARKeGf1AHyJl33gmkbtUpPfz00hSWd2x1io | Range: Sheet1!A1:F1000
2026-04-14 07:09:10 | include.extract.google_sheets | ERROR | [line:58] | Error extracting from Google Sheets: [Errno 2] No such file or directory: '/opt/airflow/service_account.json'
2026-04-14 07:09:10 | include.utils.retry | WARNING | [line:30] | [Errno 2] No such file or directory: '/opt/airflow/service_account.json', Retrying in 5 seconds...
2026-04-14 07:09:15 | include.extract.google_sheets | INFO | [line:27] | Fetching from Google Sheet: 164vMPKEZARKeGf1AHyJl33gmkbtUpPfz00hSWd2x1io | Range: Sheet1!A1:F1000
2026-04-14 07:09:16 | include.extract.google_sheets | ERROR | [line:58] | Error extracting from Google Sheets: [Errno 2] No such file or directory: '/opt/airflow/service_account.json'
2026-04-14 07:09:16 | include.utils.retry | WARNING | [line:30] | [Errno 2] No such file or directory: '/opt/airflow/service_account.json', Retrying in 10 seconds...
2026-04-14 07:09:26 | include.extract.google_sheets | INFO | [line:27] | Fetching from Google Sheet: 164vMPKEZARKeGf1AHyJl33gmkbtUpPfz00hSWd2x1io | Range: Sheet1!A1:F1000
2026-04-14 07:09:26 | include.extract.google_sheets | ERROR | [line:58] | Error extracting from Google Sheets: [Errno 2] No such file or directory: '/opt/airflow/service_account.json'
2026-04-14 08:06:23 | include.load.supplychain_ingestion | INFO | [line:13] | Starting Master Data Ingestion (Google Sheets)...
2026-04-14 08:06:23 | include.extract.google_sheets | INFO | [line:27] | Fetching from Google Sheet: 164vMPKEZARKeGf1AHyJl33gmkbtUpPfz00hSWd2x1io | Range: Sheet1!A1:F1000
2026-04-14 08:06:23 | include.load.ingest_s3_datasets | INFO | [line:24] | Processing S3 Dataset: suppliers
2026-04-14 08:06:23 | include.extract.fetch_s3 | INFO | [line:24] | Fetching csv data from s3://supplychain360-data/raw/suppliers/suppliers.csv
2026-04-14 08:06:23 | include.load.ingest_store_sales | INFO | [line:50] | Starting Incremental Sales Ingestion to Snowflake
2026-04-14 08:06:23 | include.extract.postgres_sales | INFO | [line:71] | Listing sales tables from source schema public
2026-04-14 08:06:23 | include.extract.google_sheets | ERROR | [line:58] | Error extracting from Google Sheets: [Errno 21] Is a directory: '/opt/airflow/service_account.json'
2026-04-14 08:06:23 | include.utils.retry | WARNING | [line:30] | [Errno 21] Is a directory: '/opt/airflow/service_account.json', Retrying in 5 seconds...
2026-04-14 08:06:26 | include.utils.write_to_s3 | INFO | [line:47] | Successfully wrote 12 rows to s3://supplychain360-raw-dev/raw/suppliers/source_object=suppliers/data.parquet
2026-04-14 08:06:26 | include.extract.postgres_sales | INFO | [line:89] | Discovered 7 sales tables.
2026-04-14 08:06:26 | include.load.snowflake_loader | ERROR | [line:38] | Snowflake Load Error for suppliers: Password was given but private key is not encrypted.
2026-04-14 08:06:26 | include.load.ingest_s3_datasets | ERROR | [line:47] | Failed to ingest S3 dataset suppliers: Password was given but private key is not encrypted.
2026-04-14 08:06:26 | include.load.ingest_s3_datasets | INFO | [line:24] | Processing S3 Dataset: warehouses
2026-04-14 08:06:26 | include.extract.fetch_s3 | INFO | [line:24] | Fetching csv data from s3://supplychain360-data/raw/warehouses/warehouses.csv
2026-04-14 08:06:26 | include.load.ingest_store_sales | WARNING | [line:41] | Could not fetch metadata from Snowflake (likely table doesn't exist): Password was given but private key is not encrypted.
2026-04-14 08:06:26 | include.load.ingest_store_sales | INFO | [line:64] | Processing sales_2026_03_10...
2026-04-14 08:06:26 | include.extract.postgres_sales | INFO | [line:137] | Fetching source sales table public.sales_2026_03_10
2026-04-14 08:06:27 | include.utils.write_to_s3 | INFO | [line:47] | Successfully wrote 10 rows to s3://supplychain360-raw-dev/raw/warehouses/source_object=warehouses/data.parquet
2026-04-14 08:06:27 | include.load.snowflake_loader | ERROR | [line:38] | Snowflake Load Error for warehouses: Password was given but private key is not encrypted.
2026-04-14 08:06:27 | include.load.ingest_s3_datasets | ERROR | [line:47] | Failed to ingest S3 dataset warehouses: Password was given but private key is not encrypted.
2026-04-14 08:06:27 | include.load.ingest_s3_datasets | INFO | [line:24] | Processing S3 Dataset: products
2026-04-14 08:06:27 | include.extract.fetch_s3 | INFO | [line:24] | Fetching csv data from s3://supplychain360-data/raw/products/products.csv
2026-04-14 08:06:28 | include.extract.google_sheets | INFO | [line:27] | Fetching from Google Sheet: 164vMPKEZARKeGf1AHyJl33gmkbtUpPfz00hSWd2x1io | Range: Sheet1!A1:F1000
2026-04-14 08:06:28 | include.extract.google_sheets | ERROR | [line:58] | Error extracting from Google Sheets: [Errno 21] Is a directory: '/opt/airflow/service_account.json'
2026-04-14 08:06:28 | include.utils.retry | WARNING | [line:30] | [Errno 21] Is a directory: '/opt/airflow/service_account.json', Retrying in 10 seconds...
2026-04-14 08:06:28 | include.utils.write_to_s3 | INFO | [line:47] | Successfully wrote 63 rows to s3://supplychain360-raw-dev/raw/products/source_object=products/data.parquet
2026-04-14 08:06:28 | include.load.snowflake_loader | ERROR | [line:38] | Snowflake Load Error for products: Password was given but private key is not encrypted.
2026-04-14 08:06:28 | include.load.ingest_s3_datasets | ERROR | [line:47] | Failed to ingest S3 dataset products: Password was given but private key is not encrypted.
2026-04-14 08:06:28 | include.load.ingest_s3_datasets | INFO | [line:24] | Processing S3 Dataset: inventory
2026-04-14 08:06:28 | include.extract.fetch_s3 | INFO | [line:24] | Fetching csv data from s3://supplychain360-data/raw/inventory/
2026-04-14 08:06:31 | include.utils.write_to_s3 | INFO | [line:47] | Successfully wrote 56100 rows to s3://supplychain360-raw-dev/raw/inventory/source_object=inventory/data.parquet
2026-04-14 08:06:31 | include.load.snowflake_loader | ERROR | [line:38] | Snowflake Load Error for inventory: Password was given but private key is not encrypted.
2026-04-14 08:06:31 | include.load.ingest_s3_datasets | ERROR | [line:47] | Failed to ingest S3 dataset inventory: Password was given but private key is not encrypted.
2026-04-14 08:06:31 | include.load.ingest_s3_datasets | INFO | [line:24] | Processing S3 Dataset: shipments
2026-04-14 08:06:31 | include.extract.fetch_s3 | INFO | [line:24] | Fetching json data from s3://supplychain360-data/raw/shipments/
2026-04-14 08:06:39 | include.extract.google_sheets | INFO | [line:27] | Fetching from Google Sheet: 164vMPKEZARKeGf1AHyJl33gmkbtUpPfz00hSWd2x1io | Range: Sheet1!A1:F1000
2026-04-14 08:06:39 | include.extract.google_sheets | ERROR | [line:58] | Error extracting from Google Sheets: [Errno 21] Is a directory: '/opt/airflow/service_account.json'
2026-04-14 08:06:48 | include.extract.postgres_sales | INFO | [line:148] | Fetched 200000 rows and 11 columns from sales_2026_03_10
2026-04-14 08:06:48 | include.load.ingest_store_sales | ERROR | [line:85] | Failed to ingest sales_2026_03_10: ("Expected bytes, got a 'UUID' object", 'Conversion failed for column transaction_id with type object')
2026-04-14 08:06:48 | include.load.ingest_store_sales | INFO | [line:64] | Processing sales_2026_03_11...
2026-04-14 08:06:48 | include.extract.postgres_sales | INFO | [line:137] | Fetching source sales table public.sales_2026_03_11
2026-04-14 08:07:03 | include.utils.write_to_s3 | INFO | [line:47] | Successfully wrote 350000 rows to s3://supplychain360-raw-dev/raw/shipments/source_object=shipments/data.parquet
2026-04-14 08:07:03 | include.load.snowflake_loader | ERROR | [line:38] | Snowflake Load Error for shipments: Password was given but private key is not encrypted.
2026-04-14 08:07:03 | include.load.ingest_s3_datasets | ERROR | [line:47] | Failed to ingest S3 dataset shipments: Password was given but private key is not encrypted.
2026-04-14 08:07:06 | include.extract.postgres_sales | INFO | [line:148] | Fetched 200000 rows and 11 columns from sales_2026_03_11
2026-04-14 08:07:07 | include.load.ingest_store_sales | ERROR | [line:85] | Failed to ingest sales_2026_03_11: ("Expected bytes, got a 'UUID' object", 'Conversion failed for column transaction_id with type object')
2026-04-14 08:07:07 | include.load.ingest_store_sales | INFO | [line:64] | Processing sales_2026_03_12...
2026-04-14 08:07:07 | include.extract.postgres_sales | INFO | [line:137] | Fetching source sales table public.sales_2026_03_12
2026-04-14 08:07:19 | include.extract.postgres_sales | INFO | [line:148] | Fetched 200000 rows and 11 columns from sales_2026_03_12
2026-04-14 08:07:19 | include.load.ingest_store_sales | ERROR | [line:85] | Failed to ingest sales_2026_03_12: ("Expected bytes, got a 'UUID' object", 'Conversion failed for column transaction_id with type object')
2026-04-14 08:07:19 | include.load.ingest_store_sales | INFO | [line:64] | Processing sales_2026_03_13...
2026-04-14 08:07:19 | include.extract.postgres_sales | INFO | [line:137] | Fetching source sales table public.sales_2026_03_13
2026-04-14 08:07:21 | include.load.supplychain_ingestion | INFO | [line:13] | Starting Master Data Ingestion (Google Sheets)...
2026-04-14 08:07:21 | include.extract.google_sheets | INFO | [line:27] | Fetching from Google Sheet: 164vMPKEZARKeGf1AHyJl33gmkbtUpPfz00hSWd2x1io | Range: Sheet1!A1:F1000
2026-04-14 08:07:21 | include.extract.google_sheets | ERROR | [line:58] | Error extracting from Google Sheets: [Errno 21] Is a directory: '/opt/airflow/service_account.json'
2026-04-14 08:07:21 | include.utils.retry | WARNING | [line:30] | [Errno 21] Is a directory: '/opt/airflow/service_account.json', Retrying in 5 seconds...
2026-04-14 08:07:26 | include.extract.google_sheets | INFO | [line:27] | Fetching from Google Sheet: 164vMPKEZARKeGf1AHyJl33gmkbtUpPfz00hSWd2x1io | Range: Sheet1!A1:F1000
2026-04-14 08:07:26 | include.extract.google_sheets | ERROR | [line:58] | Error extracting from Google Sheets: [Errno 21] Is a directory: '/opt/airflow/service_account.json'
2026-04-14 08:07:26 | include.utils.retry | WARNING | [line:30] | [Errno 21] Is a directory: '/opt/airflow/service_account.json', Retrying in 10 seconds...
2026-04-14 08:07:29 | include.extract.postgres_sales | INFO | [line:148] | Fetched 200000 rows and 11 columns from sales_2026_03_13
2026-04-14 08:07:29 | include.load.ingest_store_sales | ERROR | [line:85] | Failed to ingest sales_2026_03_13: ("Expected bytes, got a 'UUID' object", 'Conversion failed for column transaction_id with type object')
2026-04-14 08:07:29 | include.load.ingest_store_sales | INFO | [line:64] | Processing sales_2026_03_14...
2026-04-14 08:07:29 | include.extract.postgres_sales | INFO | [line:137] | Fetching source sales table public.sales_2026_03_14
2026-04-14 08:07:36 | include.extract.google_sheets | INFO | [line:27] | Fetching from Google Sheet: 164vMPKEZARKeGf1AHyJl33gmkbtUpPfz00hSWd2x1io | Range: Sheet1!A1:F1000
2026-04-14 08:07:36 | include.extract.google_sheets | ERROR | [line:58] | Error extracting from Google Sheets: [Errno 21] Is a directory: '/opt/airflow/service_account.json'
2026-04-14 08:07:51 | include.extract.postgres_sales | INFO | [line:148] | Fetched 200000 rows and 11 columns from sales_2026_03_14
2026-04-14 08:07:52 | include.load.ingest_store_sales | ERROR | [line:85] | Failed to ingest sales_2026_03_14: ("Expected bytes, got a 'UUID' object", 'Conversion failed for column transaction_id with type object')
2026-04-14 08:07:52 | include.load.ingest_store_sales | INFO | [line:64] | Processing sales_2026_03_15...
2026-04-14 08:07:52 | include.extract.postgres_sales | INFO | [line:137] | Fetching source sales table public.sales_2026_03_15
2026-04-14 08:08:01 | include.extract.postgres_sales | INFO | [line:148] | Fetched 200000 rows and 11 columns from sales_2026_03_15
2026-04-14 08:08:01 | include.load.ingest_store_sales | ERROR | [line:85] | Failed to ingest sales_2026_03_15: ("Expected bytes, got a 'UUID' object", 'Conversion failed for column transaction_id with type object')
2026-04-14 08:08:01 | include.load.ingest_store_sales | INFO | [line:64] | Processing sales_2026_03_16...
2026-04-14 08:08:01 | include.extract.postgres_sales | INFO | [line:137] | Fetching source sales table public.sales_2026_03_16
2026-04-14 08:08:11 | include.extract.postgres_sales | INFO | [line:148] | Fetched 200000 rows and 11 columns from sales_2026_03_16
2026-04-14 08:08:11 | include.load.ingest_store_sales | ERROR | [line:85] | Failed to ingest sales_2026_03_16: ("Expected bytes, got a 'UUID' object", 'Conversion failed for column transaction_id with type object')
2026-04-14 09:04:31 | include.load.ingest_store_sales | INFO | [line:50] | Starting Incremental Sales Ingestion to Snowflake
2026-04-14 09:04:31 | include.extract.postgres_sales | INFO | [line:71] | Listing sales tables from source schema public
2026-04-14 09:04:31 | include.load.supplychain_ingestion | INFO | [line:13] | Starting Master Data Ingestion (Google Sheets)...
2026-04-14 09:04:31 | include.extract.google_sheets | INFO | [line:27] | Fetching from Google Sheet: 164vMPKEZARKeGf1AHyJl33gmkbtUpPfz00hSWd2x1io | Range: Sheet1!A1:F1000
2026-04-14 09:04:31 | include.load.ingest_s3_datasets | INFO | [line:24] | Processing S3 Dataset: suppliers
2026-04-14 09:04:31 | include.extract.fetch_s3 | INFO | [line:24] | Fetching csv data from s3://supplychain360-data/raw/suppliers/suppliers.csv
2026-04-14 09:04:33 | include.extract.google_sheets | INFO | [line:54] | Successfully extracted 800 rows.
2026-04-14 09:04:33 | include.utils.write_to_s3 | INFO | [line:47] | Successfully wrote 12 rows to s3://supplychain360-raw-dev/raw/suppliers/source_object=suppliers/data.parquet
2026-04-14 09:04:33 | include.load.snowflake_loader | ERROR | [line:38] | Snowflake Load Error for suppliers: Password was given but private key is not encrypted.
2026-04-14 09:04:33 | include.load.ingest_s3_datasets | ERROR | [line:47] | Failed to ingest S3 dataset suppliers: Password was given but private key is not encrypted.
2026-04-14 09:04:33 | include.load.ingest_s3_datasets | INFO | [line:24] | Processing S3 Dataset: warehouses
2026-04-14 09:04:33 | include.extract.fetch_s3 | INFO | [line:24] | Fetching csv data from s3://supplychain360-data/raw/warehouses/warehouses.csv
2026-04-14 09:04:33 | include.extract.postgres_sales | INFO | [line:89] | Discovered 7 sales tables.
2026-04-14 09:04:33 | include.load.ingest_store_sales | WARNING | [line:41] | Could not fetch metadata from Snowflake (likely table doesn't exist): Password was given but private key is not encrypted.
2026-04-14 09:04:33 | include.load.ingest_store_sales | INFO | [line:64] | Processing sales_2026_03_10...
2026-04-14 09:04:33 | include.extract.postgres_sales | INFO | [line:137] | Fetching source sales table public.sales_2026_03_10
2026-04-14 09:04:35 | include.utils.write_to_s3 | INFO | [line:47] | Successfully wrote 800 rows to s3://supplychain360-raw-dev/raw/master_data/store_locations.parquet
2026-04-14 09:04:35 | include.utils.write_to_s3 | INFO | [line:47] | Successfully wrote 10 rows to s3://supplychain360-raw-dev/raw/warehouses/source_object=warehouses/data.parquet
2026-04-14 09:04:35 | include.load.snowflake_loader | ERROR | [line:38] | Snowflake Load Error for warehouses: Password was given but private key is not encrypted.
2026-04-14 09:04:35 | include.load.ingest_s3_datasets | ERROR | [line:47] | Failed to ingest S3 dataset warehouses: Password was given but private key is not encrypted.
2026-04-14 09:04:35 | include.load.ingest_s3_datasets | INFO | [line:24] | Processing S3 Dataset: products
2026-04-14 09:04:35 | include.extract.fetch_s3 | INFO | [line:24] | Fetching csv data from s3://supplychain360-data/raw/products/products.csv
2026-04-14 09:04:37 | include.utils.write_to_s3 | INFO | [line:47] | Successfully wrote 63 rows to s3://supplychain360-raw-dev/raw/products/source_object=products/data.parquet
2026-04-14 09:04:37 | include.load.snowflake_loader | ERROR | [line:38] | Snowflake Load Error for products: Password was given but private key is not encrypted.
2026-04-14 09:04:37 | include.load.ingest_s3_datasets | ERROR | [line:47] | Failed to ingest S3 dataset products: Password was given but private key is not encrypted.
2026-04-14 09:04:37 | include.load.ingest_s3_datasets | INFO | [line:24] | Processing S3 Dataset: inventory
2026-04-14 09:04:37 | include.extract.fetch_s3 | INFO | [line:24] | Fetching csv data from s3://supplychain360-data/raw/inventory/
2026-04-14 09:04:41 | include.utils.write_to_s3 | INFO | [line:47] | Successfully wrote 56100 rows to s3://supplychain360-raw-dev/raw/inventory/source_object=inventory/data.parquet
2026-04-14 09:04:41 | include.load.snowflake_loader | ERROR | [line:38] | Snowflake Load Error for inventory: Password was given but private key is not encrypted.
2026-04-14 09:04:41 | include.load.ingest_s3_datasets | ERROR | [line:47] | Failed to ingest S3 dataset inventory: Password was given but private key is not encrypted.
2026-04-14 09:04:41 | include.load.ingest_s3_datasets | INFO | [line:24] | Processing S3 Dataset: shipments
2026-04-14 09:04:41 | include.extract.fetch_s3 | INFO | [line:24] | Fetching json data from s3://supplychain360-data/raw/shipments/
2026-04-14 09:05:02 | include.extract.postgres_sales | INFO | [line:148] | Fetched 200000 rows and 11 columns from sales_2026_03_10
2026-04-14 09:05:03 | include.load.ingest_store_sales | ERROR | [line:85] | Failed to ingest sales_2026_03_10: ("Expected bytes, got a 'UUID' object", 'Conversion failed for column transaction_id with type object')
2026-04-14 09:05:03 | include.load.ingest_store_sales | INFO | [line:64] | Processing sales_2026_03_11...
2026-04-14 09:05:03 | include.extract.postgres_sales | INFO | [line:137] | Fetching source sales table public.sales_2026_03_11
2026-04-14 09:05:21 | include.utils.write_to_s3 | INFO | [line:47] | Successfully wrote 350000 rows to s3://supplychain360-raw-dev/raw/shipments/source_object=shipments/data.parquet
2026-04-14 09:05:21 | include.load.snowflake_loader | ERROR | [line:38] | Snowflake Load Error for shipments: Password was given but private key is not encrypted.
2026-04-14 09:05:21 | include.load.ingest_s3_datasets | ERROR | [line:47] | Failed to ingest S3 dataset shipments: Password was given but private key is not encrypted.
2026-04-14 09:05:31 | include.extract.postgres_sales | INFO | [line:148] | Fetched 200000 rows and 11 columns from sales_2026_03_11
2026-04-14 09:05:32 | include.load.ingest_store_sales | ERROR | [line:85] | Failed to ingest sales_2026_03_11: ("Expected bytes, got a 'UUID' object", 'Conversion failed for column transaction_id with type object')
2026-04-14 09:05:32 | include.load.ingest_store_sales | INFO | [line:64] | Processing sales_2026_03_12...
2026-04-14 09:05:32 | include.extract.postgres_sales | INFO | [line:137] | Fetching source sales table public.sales_2026_03_12
2026-04-14 09:05:49 | include.extract.postgres_sales | INFO | [line:148] | Fetched 200000 rows and 11 columns from sales_2026_03_12
2026-04-14 09:05:50 | include.load.ingest_store_sales | ERROR | [line:85] | Failed to ingest sales_2026_03_12: ("Expected bytes, got a 'UUID' object", 'Conversion failed for column transaction_id with type object')
2026-04-14 09:05:50 | include.load.ingest_store_sales | INFO | [line:64] | Processing sales_2026_03_13...
2026-04-14 09:05:50 | include.extract.postgres_sales | INFO | [line:137] | Fetching source sales table public.sales_2026_03_13
2026-04-14 09:06:11 | include.extract.postgres_sales | INFO | [line:148] | Fetched 200000 rows and 11 columns from sales_2026_03_13
2026-04-14 09:06:11 | include.load.ingest_store_sales | ERROR | [line:85] | Failed to ingest sales_2026_03_13: ("Expected bytes, got a 'UUID' object", 'Conversion failed for column transaction_id with type object')
2026-04-14 09:06:11 | include.load.ingest_store_sales | INFO | [line:64] | Processing sales_2026_03_14...
2026-04-14 09:06:11 | include.extract.postgres_sales | INFO | [line:137] | Fetching source sales table public.sales_2026_03_14
2026-04-14 09:06:28 | include.extract.postgres_sales | INFO | [line:148] | Fetched 200000 rows and 11 columns from sales_2026_03_14
2026-04-14 09:06:29 | include.load.ingest_store_sales | ERROR | [line:85] | Failed to ingest sales_2026_03_14: ("Expected bytes, got a 'UUID' object", 'Conversion failed for column transaction_id with type object')
2026-04-14 09:06:29 | include.load.ingest_store_sales | INFO | [line:64] | Processing sales_2026_03_15...
2026-04-14 09:06:29 | include.extract.postgres_sales | INFO | [line:137] | Fetching source sales table public.sales_2026_03_15
2026-04-14 09:06:45 | include.extract.postgres_sales | INFO | [line:148] | Fetched 200000 rows and 11 columns from sales_2026_03_15
2026-04-14 09:06:46 | include.load.ingest_store_sales | ERROR | [line:85] | Failed to ingest sales_2026_03_15: ("Expected bytes, got a 'UUID' object", 'Conversion failed for column transaction_id with type object')
2026-04-14 09:06:46 | include.load.ingest_store_sales | INFO | [line:64] | Processing sales_2026_03_16...
2026-04-14 09:06:46 | include.extract.postgres_sales | INFO | [line:137] | Fetching source sales table public.sales_2026_03_16
2026-04-14 09:07:25 | include.utils.retry | WARNING | [line:30] | (psycopg2.OperationalError) SSL SYSCALL error: EOF detected

[SQL: SELECT * FROM "public"."sales_2026_03_16"]
(Background on this error at: https://sqlalche.me/e/20/e3q8), Retrying in 5 seconds...
2026-04-14 09:07:31 | include.extract.postgres_sales | INFO | [line:137] | Fetching source sales table public.sales_2026_03_16
2026-04-14 09:07:42 | include.extract.postgres_sales | INFO | [line:148] | Fetched 200000 rows and 11 columns from sales_2026_03_16
2026-04-14 09:07:43 | include.load.ingest_store_sales | ERROR | [line:85] | Failed to ingest sales_2026_03_16: ("Expected bytes, got a 'UUID' object", 'Conversion failed for column transaction_id with type object')
2026-04-14 09:19:12 | include.load.ingest_s3_datasets | INFO | [line:24] | Processing S3 Dataset: suppliers
2026-04-14 09:19:12 | include.extract.fetch_s3 | INFO | [line:24] | Fetching csv data from s3://supplychain360-data/raw/suppliers/suppliers.csv
2026-04-14 09:19:12 | include.load.ingest_store_sales | INFO | [line:50] | Starting Incremental Sales Ingestion to Snowflake
2026-04-14 09:19:12 | include.extract.postgres_sales | INFO | [line:71] | Listing sales tables from source schema public
2026-04-14 09:19:12 | include.load.supplychain_ingestion | INFO | [line:13] | Starting Master Data Ingestion (Google Sheets)...
2026-04-14 09:19:12 | include.extract.google_sheets | INFO | [line:27] | Fetching from Google Sheet: 164vMPKEZARKeGf1AHyJl33gmkbtUpPfz00hSWd2x1io | Range: Sheet1!A1:F1000
2026-04-14 09:19:14 | include.extract.google_sheets | INFO | [line:54] | Successfully extracted 800 rows.
2026-04-14 09:19:14 | include.extract.postgres_sales | INFO | [line:89] | Discovered 7 sales tables.
2026-04-14 09:19:14 | include.load.ingest_store_sales | WARNING | [line:41] | Could not fetch metadata from Snowflake (likely table doesn't exist): Password was given but private key is not encrypted.
2026-04-14 09:19:14 | include.load.ingest_store_sales | INFO | [line:64] | Processing sales_2026_03_10...
2026-04-14 09:19:14 | include.extract.postgres_sales | INFO | [line:137] | Fetching source sales table public.sales_2026_03_10
2026-04-14 09:19:15 | include.utils.write_to_s3 | INFO | [line:47] | Successfully wrote 12 rows to s3://supplychain360-raw-dev/raw/suppliers/source_object=suppliers/data.parquet
2026-04-14 09:19:15 | include.utils.write_to_s3 | INFO | [line:47] | Successfully wrote 800 rows to s3://supplychain360-raw-dev/raw/master_data/store_locations.parquet
2026-04-14 09:19:15 | include.load.snowflake_loader | ERROR | [line:38] | Snowflake Load Error for suppliers: Password was given but private key is not encrypted.
2026-04-14 09:19:15 | include.load.ingest_s3_datasets | ERROR | [line:47] | Failed to ingest S3 dataset suppliers: Password was given but private key is not encrypted.
2026-04-14 09:19:15 | include.load.ingest_s3_datasets | INFO | [line:24] | Processing S3 Dataset: warehouses
2026-04-14 09:19:15 | include.extract.fetch_s3 | INFO | [line:24] | Fetching csv data from s3://supplychain360-data/raw/warehouses/warehouses.csv
2026-04-14 09:19:16 | include.utils.write_to_s3 | INFO | [line:47] | Successfully wrote 10 rows to s3://supplychain360-raw-dev/raw/warehouses/source_object=warehouses/data.parquet
2026-04-14 09:19:16 | include.load.snowflake_loader | ERROR | [line:38] | Snowflake Load Error for warehouses: Password was given but private key is not encrypted.
2026-04-14 09:19:16 | include.load.ingest_s3_datasets | ERROR | [line:47] | Failed to ingest S3 dataset warehouses: Password was given but private key is not encrypted.
2026-04-14 09:19:16 | include.load.ingest_s3_datasets | INFO | [line:24] | Processing S3 Dataset: products
2026-04-14 09:19:16 | include.extract.fetch_s3 | INFO | [line:24] | Fetching csv data from s3://supplychain360-data/raw/products/products.csv
2026-04-14 09:19:18 | include.utils.write_to_s3 | INFO | [line:47] | Successfully wrote 63 rows to s3://supplychain360-raw-dev/raw/products/source_object=products/data.parquet
2026-04-14 09:19:18 | include.load.snowflake_loader | ERROR | [line:38] | Snowflake Load Error for products: Password was given but private key is not encrypted.
2026-04-14 09:19:18 | include.load.ingest_s3_datasets | ERROR | [line:47] | Failed to ingest S3 dataset products: Password was given but private key is not encrypted.
2026-04-14 09:19:18 | include.load.ingest_s3_datasets | INFO | [line:24] | Processing S3 Dataset: inventory
2026-04-14 09:19:18 | include.extract.fetch_s3 | INFO | [line:24] | Fetching csv data from s3://supplychain360-data/raw/inventory/
2026-04-14 09:19:21 | include.utils.write_to_s3 | INFO | [line:47] | Successfully wrote 56100 rows to s3://supplychain360-raw-dev/raw/inventory/source_object=inventory/data.parquet
2026-04-14 09:19:21 | include.load.snowflake_loader | ERROR | [line:38] | Snowflake Load Error for inventory: Password was given but private key is not encrypted.
2026-04-14 09:19:21 | include.load.ingest_s3_datasets | ERROR | [line:47] | Failed to ingest S3 dataset inventory: Password was given but private key is not encrypted.
2026-04-14 09:19:21 | include.load.ingest_s3_datasets | INFO | [line:24] | Processing S3 Dataset: shipments
2026-04-14 09:19:21 | include.extract.fetch_s3 | INFO | [line:24] | Fetching json data from s3://supplychain360-data/raw/shipments/
2026-04-14 09:19:59 | include.extract.postgres_sales | INFO | [line:148] | Fetched 200000 rows and 11 columns from sales_2026_03_10
2026-04-14 09:20:00 | include.load.ingest_store_sales | ERROR | [line:85] | Failed to ingest sales_2026_03_10: ("Expected bytes, got a 'UUID' object", 'Conversion failed for column transaction_id with type object')
2026-04-14 09:20:00 | include.load.ingest_store_sales | INFO | [line:64] | Processing sales_2026_03_11...
2026-04-14 09:20:00 | include.extract.postgres_sales | INFO | [line:137] | Fetching source sales table public.sales_2026_03_11
2026-04-14 09:20:00 | include.utils.write_to_s3 | INFO | [line:47] | Successfully wrote 350000 rows to s3://supplychain360-raw-dev/raw/shipments/source_object=shipments/data.parquet
2026-04-14 09:20:00 | include.load.snowflake_loader | ERROR | [line:38] | Snowflake Load Error for shipments: Password was given but private key is not encrypted.
2026-04-14 09:20:00 | include.load.ingest_s3_datasets | ERROR | [line:47] | Failed to ingest S3 dataset shipments: Password was given but private key is not encrypted.
2026-04-14 09:20:19 | include.extract.postgres_sales | INFO | [line:148] | Fetched 200000 rows and 11 columns from sales_2026_03_11
2026-04-14 09:20:19 | include.load.ingest_store_sales | ERROR | [line:85] | Failed to ingest sales_2026_03_11: ("Expected bytes, got a 'UUID' object", 'Conversion failed for column transaction_id with type object')
2026-04-14 09:20:19 | include.load.ingest_store_sales | INFO | [line:64] | Processing sales_2026_03_12...
2026-04-14 09:20:19 | include.extract.postgres_sales | INFO | [line:137] | Fetching source sales table public.sales_2026_03_12
2026-04-14 09:20:51 | include.extract.postgres_sales | INFO | [line:148] | Fetched 200000 rows and 11 columns from sales_2026_03_12
2026-04-14 09:20:52 | include.load.ingest_store_sales | ERROR | [line:85] | Failed to ingest sales_2026_03_12: ("Expected bytes, got a 'UUID' object", 'Conversion failed for column transaction_id with type object')
2026-04-14 09:20:52 | include.load.ingest_store_sales | INFO | [line:64] | Processing sales_2026_03_13...
2026-04-14 09:20:52 | include.extract.postgres_sales | INFO | [line:137] | Fetching source sales table public.sales_2026_03_13
2026-04-14 09:21:06 | include.extract.postgres_sales | INFO | [line:148] | Fetched 200000 rows and 11 columns from sales_2026_03_13
2026-04-14 09:21:07 | include.load.ingest_store_sales | ERROR | [line:85] | Failed to ingest sales_2026_03_13: ("Expected bytes, got a 'UUID' object", 'Conversion failed for column transaction_id with type object')
2026-04-14 09:21:07 | include.load.ingest_store_sales | INFO | [line:64] | Processing sales_2026_03_14...
2026-04-14 09:21:07 | include.extract.postgres_sales | INFO | [line:137] | Fetching source sales table public.sales_2026_03_14
2026-04-14 09:21:21 | include.extract.postgres_sales | INFO | [line:148] | Fetched 200000 rows and 11 columns from sales_2026_03_14
2026-04-14 09:21:21 | include.load.ingest_store_sales | ERROR | [line:85] | Failed to ingest sales_2026_03_14: ("Expected bytes, got a 'UUID' object", 'Conversion failed for column transaction_id with type object')
2026-04-14 09:21:21 | include.load.ingest_store_sales | INFO | [line:64] | Processing sales_2026_03_15...
2026-04-14 09:21:21 | include.extract.postgres_sales | INFO | [line:137] | Fetching source sales table public.sales_2026_03_15
2026-04-14 09:21:38 | include.extract.postgres_sales | INFO | [line:148] | Fetched 200000 rows and 11 columns from sales_2026_03_15
2026-04-14 09:21:39 | include.load.ingest_store_sales | ERROR | [line:85] | Failed to ingest sales_2026_03_15: ("Expected bytes, got a 'UUID' object", 'Conversion failed for column transaction_id with type object')
2026-04-14 09:21:39 | include.load.ingest_store_sales | INFO | [line:64] | Processing sales_2026_03_16...
2026-04-14 09:21:39 | include.extract.postgres_sales | INFO | [line:137] | Fetching source sales table public.sales_2026_03_16
2026-04-14 09:21:54 | include.extract.postgres_sales | INFO | [line:148] | Fetched 200000 rows and 11 columns from sales_2026_03_16
2026-04-14 09:21:55 | include.load.ingest_store_sales | ERROR | [line:85] | Failed to ingest sales_2026_03_16: ("Expected bytes, got a 'UUID' object", 'Conversion failed for column transaction_id with type object')
2026-04-14 10:12:30 | include.load.supplychain_ingestion | INFO | [line:13] | Starting Master Data Ingestion (Google Sheets)...
2026-04-14 10:12:30 | include.extract.google_sheets | INFO | [line:27] | Fetching from Google Sheet: 164vMPKEZARKeGf1AHyJl33gmkbtUpPfz00hSWd2x1io | Range: Sheet1!A1:F1000
2026-04-14 10:12:30 | include.load.ingest_s3_datasets | INFO | [line:24] | Processing S3 Dataset: suppliers
2026-04-14 10:12:30 | include.load.ingest_store_sales | INFO | [line:50] | Starting Incremental Sales Ingestion to Snowflake
2026-04-14 10:12:30 | include.extract.fetch_s3 | INFO | [line:24] | Fetching csv data from s3://supplychain360-data/raw/suppliers/suppliers.csv
2026-04-14 10:12:30 | include.extract.postgres_sales | INFO | [line:71] | Listing sales tables from source schema public
2026-04-14 10:12:32 | include.extract.google_sheets | INFO | [line:54] | Successfully extracted 800 rows.
2026-04-14 10:12:32 | include.utils.write_to_s3 | INFO | [line:47] | Successfully wrote 12 rows to s3://supplychain360-raw-dev/raw/suppliers/source_object=suppliers/data.parquet
2026-04-14 10:12:32 | include.extract.postgres_sales | INFO | [line:89] | Discovered 7 sales tables.
2026-04-14 10:12:32 | include.load.snowflake_loader | ERROR | [line:38] | Snowflake Load Error for suppliers: Password was given but private key is not encrypted.
2026-04-14 10:12:32 | include.load.ingest_s3_datasets | ERROR | [line:47] | Failed to ingest S3 dataset suppliers: Password was given but private key is not encrypted.
2026-04-14 10:12:32 | include.load.ingest_s3_datasets | INFO | [line:24] | Processing S3 Dataset: warehouses
2026-04-14 10:12:32 | include.extract.fetch_s3 | INFO | [line:24] | Fetching csv data from s3://supplychain360-data/raw/warehouses/warehouses.csv
2026-04-14 10:12:32 | include.load.ingest_store_sales | WARNING | [line:41] | Could not fetch metadata from Snowflake (likely table doesn't exist): Password was given but private key is not encrypted.
2026-04-14 10:12:32 | include.load.ingest_store_sales | INFO | [line:64] | Processing sales_2026_03_10...
2026-04-14 10:12:32 | include.extract.postgres_sales | INFO | [line:137] | Fetching source sales table public.sales_2026_03_10
2026-04-14 10:12:32 | include.utils.write_to_s3 | INFO | [line:47] | Successfully wrote 800 rows to s3://supplychain360-raw-dev/raw/master_data/store_locations.parquet
2026-04-14 10:12:33 | include.utils.write_to_s3 | INFO | [line:47] | Successfully wrote 10 rows to s3://supplychain360-raw-dev/raw/warehouses/source_object=warehouses/data.parquet
2026-04-14 10:12:33 | include.load.snowflake_loader | ERROR | [line:38] | Snowflake Load Error for warehouses: Password was given but private key is not encrypted.
2026-04-14 10:12:33 | include.load.ingest_s3_datasets | ERROR | [line:47] | Failed to ingest S3 dataset warehouses: Password was given but private key is not encrypted.
2026-04-14 10:12:33 | include.load.ingest_s3_datasets | INFO | [line:24] | Processing S3 Dataset: products
2026-04-14 10:12:33 | include.extract.fetch_s3 | INFO | [line:24] | Fetching csv data from s3://supplychain360-data/raw/products/products.csv
2026-04-14 10:12:35 | include.utils.write_to_s3 | INFO | [line:47] | Successfully wrote 63 rows to s3://supplychain360-raw-dev/raw/products/source_object=products/data.parquet
2026-04-14 10:12:35 | include.load.snowflake_loader | ERROR | [line:38] | Snowflake Load Error for products: Password was given but private key is not encrypted.
2026-04-14 10:12:35 | include.load.ingest_s3_datasets | ERROR | [line:47] | Failed to ingest S3 dataset products: Password was given but private key is not encrypted.
2026-04-14 10:12:35 | include.load.ingest_s3_datasets | INFO | [line:24] | Processing S3 Dataset: inventory
2026-04-14 10:12:35 | include.extract.fetch_s3 | INFO | [line:24] | Fetching csv data from s3://supplychain360-data/raw/inventory/
2026-04-14 10:12:37 | include.utils.write_to_s3 | INFO | [line:47] | Successfully wrote 56100 rows to s3://supplychain360-raw-dev/raw/inventory/source_object=inventory/data.parquet
2026-04-14 10:12:37 | include.load.snowflake_loader | ERROR | [line:38] | Snowflake Load Error for inventory: Password was given but private key is not encrypted.
2026-04-14 10:12:37 | include.load.ingest_s3_datasets | ERROR | [line:47] | Failed to ingest S3 dataset inventory: Password was given but private key is not encrypted.
2026-04-14 10:12:37 | include.load.ingest_s3_datasets | INFO | [line:24] | Processing S3 Dataset: shipments
2026-04-14 10:12:37 | include.extract.fetch_s3 | INFO | [line:24] | Fetching json data from s3://supplychain360-data/raw/shipments/
2026-04-14 10:12:46 | include.extract.postgres_sales | INFO | [line:148] | Fetched 200000 rows and 11 columns from sales_2026_03_10
2026-04-14 10:12:46 | include.load.ingest_store_sales | ERROR | [line:85] | Failed to ingest sales_2026_03_10: ("Expected bytes, got a 'UUID' object", 'Conversion failed for column transaction_id with type object')
2026-04-14 10:12:46 | include.load.ingest_store_sales | INFO | [line:64] | Processing sales_2026_03_11...
2026-04-14 10:12:46 | include.extract.postgres_sales | INFO | [line:137] | Fetching source sales table public.sales_2026_03_11
2026-04-14 10:13:10 | include.utils.write_to_s3 | INFO | [line:47] | Successfully wrote 350000 rows to s3://supplychain360-raw-dev/raw/shipments/source_object=shipments/data.parquet
2026-04-14 10:13:10 | include.load.snowflake_loader | ERROR | [line:38] | Snowflake Load Error for shipments: Password was given but private key is not encrypted.
2026-04-14 10:13:10 | include.load.ingest_s3_datasets | ERROR | [line:47] | Failed to ingest S3 dataset shipments: Password was given but private key is not encrypted.
2026-04-14 10:13:11 | include.extract.postgres_sales | INFO | [line:148] | Fetched 200000 rows and 11 columns from sales_2026_03_11
2026-04-14 10:13:12 | include.load.ingest_store_sales | ERROR | [line:85] | Failed to ingest sales_2026_03_11: ("Expected bytes, got a 'UUID' object", 'Conversion failed for column transaction_id with type object')
2026-04-14 10:13:12 | include.load.ingest_store_sales | INFO | [line:64] | Processing sales_2026_03_12...
2026-04-14 10:13:12 | include.extract.postgres_sales | INFO | [line:137] | Fetching source sales table public.sales_2026_03_12
2026-04-14 10:13:23 | include.extract.postgres_sales | INFO | [line:148] | Fetched 200000 rows and 11 columns from sales_2026_03_12
2026-04-14 10:13:24 | include.load.ingest_store_sales | ERROR | [line:85] | Failed to ingest sales_2026_03_12: ("Expected bytes, got a 'UUID' object", 'Conversion failed for column transaction_id with type object')
2026-04-14 10:13:24 | include.load.ingest_store_sales | INFO | [line:64] | Processing sales_2026_03_13...
2026-04-14 10:13:24 | include.extract.postgres_sales | INFO | [line:137] | Fetching source sales table public.sales_2026_03_13
2026-04-14 10:13:33 | include.extract.postgres_sales | INFO | [line:148] | Fetched 200000 rows and 11 columns from sales_2026_03_13
2026-04-14 10:13:34 | include.load.ingest_store_sales | ERROR | [line:85] | Failed to ingest sales_2026_03_13: ("Expected bytes, got a 'UUID' object", 'Conversion failed for column transaction_id with type object')
2026-04-14 10:13:34 | include.load.ingest_store_sales | INFO | [line:64] | Processing sales_2026_03_14...
2026-04-14 10:13:34 | include.extract.postgres_sales | INFO | [line:137] | Fetching source sales table public.sales_2026_03_14
2026-04-14 10:13:42 | include.extract.postgres_sales | INFO | [line:148] | Fetched 200000 rows and 11 columns from sales_2026_03_14
2026-04-14 10:13:42 | include.load.ingest_store_sales | ERROR | [line:85] | Failed to ingest sales_2026_03_14: ("Expected bytes, got a 'UUID' object", 'Conversion failed for column transaction_id with type object')
2026-04-14 10:13:42 | include.load.ingest_store_sales | INFO | [line:64] | Processing sales_2026_03_15...
2026-04-14 10:13:42 | include.extract.postgres_sales | INFO | [line:137] | Fetching source sales table public.sales_2026_03_15
2026-04-14 10:13:52 | include.extract.postgres_sales | INFO | [line:148] | Fetched 200000 rows and 11 columns from sales_2026_03_15
2026-04-14 10:13:53 | include.load.ingest_store_sales | ERROR | [line:85] | Failed to ingest sales_2026_03_15: ("Expected bytes, got a 'UUID' object", 'Conversion failed for column transaction_id with type object')
2026-04-14 10:13:53 | include.load.ingest_store_sales | INFO | [line:64] | Processing sales_2026_03_16...
2026-04-14 10:13:53 | include.extract.postgres_sales | INFO | [line:137] | Fetching source sales table public.sales_2026_03_16
2026-04-14 10:14:02 | include.extract.postgres_sales | INFO | [line:148] | Fetched 200000 rows and 11 columns from sales_2026_03_16
2026-04-14 10:14:03 | include.load.ingest_store_sales | ERROR | [line:85] | Failed to ingest sales_2026_03_16: ("Expected bytes, got a 'UUID' object", 'Conversion failed for column transaction_id with type object')
