{"timestamp":"2026-04-14T06:23:14.168240Z","level":"info","event":"DAG bundles loaded: dags-folder, example_dags","logger":"airflow.dag_processing.bundles.manager.DagBundlesManager","filename":"manager.py","lineno":209}
{"timestamp":"2026-04-14T06:23:14.171606Z","level":"info","event":"Filling up the DagBag from /opt/airflow/dags/supplychain360.py","logger":"airflow.dag_processing.dagbag.BundleDagBag","filename":"dagbag.py","lineno":469}
{"timestamp":"2026-04-14T06:23:29.761483Z","level":"warning","event":"urllib3 (2.6.3) or chardet (6.0.0.post1)/charset_normalizer (3.4.6) doesn't match a supported version!","category":"UserWarning","filename":"/home/airflow/.local/lib/python3.13/site-packages/snowflake/connector/vendored/requests/__init__.py","lineno":113,"logger":"py.warnings"}
{"timestamp":"2026-04-14T06:23:29.763678Z","level":"warning","event":"Setting email on a task is deprecated; please migrate to SmtpNotifier.","category":"UserWarning","filename":"/home/airflow/.local/lib/python3.13/site-packages/airflow/providers/standard/operators/python.py","lineno":190,"logger":"py.warnings"}
{"timestamp":"2026-04-14T06:23:29.764008Z","level":"warning","event":"Setting email_on_retry on a task is deprecated; please migrate to SmtpNotifier.","category":"UserWarning","filename":"/home/airflow/.local/lib/python3.13/site-packages/airflow/providers/standard/operators/python.py","lineno":190,"logger":"py.warnings"}
{"timestamp":"2026-04-14T06:23:29.764270Z","level":"warning","event":"Setting email_on_failure on a task is deprecated; please migrate to SmtpNotifier.","category":"UserWarning","filename":"/home/airflow/.local/lib/python3.13/site-packages/airflow/providers/standard/operators/python.py","lineno":190,"logger":"py.warnings"}
{"timestamp":"2026-04-14T06:23:29.764529Z","level":"warning","event":"Setting email on a task is deprecated; please migrate to SmtpNotifier.","category":"UserWarning","filename":"/home/airflow/.local/lib/python3.13/site-packages/airflow/providers/dbt/cloud/operators/dbt.py","lineno":131,"logger":"py.warnings"}
{"timestamp":"2026-04-14T06:23:29.764766Z","level":"warning","event":"Setting email_on_retry on a task is deprecated; please migrate to SmtpNotifier.","category":"UserWarning","filename":"/home/airflow/.local/lib/python3.13/site-packages/airflow/providers/dbt/cloud/operators/dbt.py","lineno":131,"logger":"py.warnings"}
{"timestamp":"2026-04-14T06:23:29.765029Z","level":"warning","event":"Setting email_on_failure on a task is deprecated; please migrate to SmtpNotifier.","category":"UserWarning","filename":"/home/airflow/.local/lib/python3.13/site-packages/airflow/providers/dbt/cloud/operators/dbt.py","lineno":131,"logger":"py.warnings"}
{"timestamp":"2026-04-14T06:23:29.949100Z","level":"info","event":"Task instance is in running state","logger":"task.stdout"}
{"timestamp":"2026-04-14T06:23:29.949398Z","level":"info","event":" Previous state of the Task instance: TaskInstanceState.QUEUED","logger":"task.stdout"}
{"timestamp":"2026-04-14T06:23:29.949775Z","level":"info","event":"Current task name:ingest_google_sheets","logger":"task.stdout"}
{"timestamp":"2026-04-14T06:23:29.949979Z","level":"info","event":"Dag name:supplychain360_dag","logger":"task.stdout"}
{"timestamp":"2026-04-14T06:23:29.952683Z","level":"info","event":"2026-04-14 06:23:29 | include.load.supplychain_ingestion | INFO | [line:13] | Starting Master Data Ingestion (Google Sheets)...","logger":"task.stdout"}
{"timestamp":"2026-04-14T06:23:29.953057Z","level":"info","event":"2026-04-14 06:23:29 | include.extract.google_sheets | INFO | [line:27] | Fetching from Google Sheet: 164vMPKEZARKeGf1AHyJl33gmkbtUpPfz00hSWd2x1io | Range: Sheet1!A1:F1000","logger":"task.stdout"}
{"timestamp":"2026-04-14T06:23:31.626607Z","level":"info","event":"2026-04-14 06:23:31 | include.extract.google_sheets | INFO | [line:54] | Successfully extracted 800 rows.","logger":"task.stdout"}
{"timestamp":"2026-04-14T06:23:31.673012Z","level":"info","event":"AWS Connection (conn_id='aws_destination', conn_type='aws') credentials retrieved from login and password.","logger":"airflow.providers.amazon.aws.utils.connection_wrapper.AwsConnectionWrapper","filename":"connection_wrapper.py","lineno":331}
{"timestamp":"2026-04-14T06:23:32.218930Z","level":"info","event":"2026-04-14 06:23:32 | include.utils.write_to_s3 | INFO | [line:47] | Successfully wrote 800 rows to s3://supplychain360-raw-dev/raw/master_data/store_locations.parquet","logger":"task.stdout"}
{"timestamp":"2026-04-14T06:23:32.219537Z","level":"info","event":"Done. Returned value was: None","logger":"airflow.task.operators.airflow.providers.standard.operators.python.PythonOperator","filename":"python.py","lineno":229}
{"timestamp":"2026-04-14T06:23:32.321561Z","level":"info","event":"Task instance in success state","logger":"task.stdout"}
{"timestamp":"2026-04-14T06:23:32.322046Z","level":"info","event":" Previous state of the Task instance: TaskInstanceState.RUNNING","logger":"task.stdout"}
{"timestamp":"2026-04-14T06:23:32.322284Z","level":"info","event":"Task operator:<Task(PythonOperator): ingest_google_sheets>","logger":"task.stdout"}
