{"timestamp":"2026-04-14T08:06:02.676374Z","level":"info","event":"DAG bundles loaded: dags-folder, example_dags","logger":"airflow.dag_processing.bundles.manager.DagBundlesManager","filename":"manager.py","lineno":209}
{"timestamp":"2026-04-14T08:06:02.679980Z","level":"info","event":"Filling up the DagBag from /opt/airflow/dags/supplychain360.py","logger":"airflow.dag_processing.dagbag.BundleDagBag","filename":"dagbag.py","lineno":469}
{"timestamp":"2026-04-14T08:06:22.992302Z","level":"warning","event":"urllib3 (2.6.3) or chardet (6.0.0.post1)/charset_normalizer (3.4.6) doesn't match a supported version!","category":"UserWarning","filename":"/home/airflow/.local/lib/python3.13/site-packages/snowflake/connector/vendored/requests/__init__.py","lineno":113,"logger":"py.warnings"}
{"timestamp":"2026-04-14T08:06:22.992838Z","level":"warning","event":"Setting email on a task is deprecated; please migrate to SmtpNotifier.","category":"UserWarning","filename":"/home/airflow/.local/lib/python3.13/site-packages/airflow/providers/standard/operators/python.py","lineno":190,"logger":"py.warnings"}
{"timestamp":"2026-04-14T08:06:22.993099Z","level":"warning","event":"Setting email_on_retry on a task is deprecated; please migrate to SmtpNotifier.","category":"UserWarning","filename":"/home/airflow/.local/lib/python3.13/site-packages/airflow/providers/standard/operators/python.py","lineno":190,"logger":"py.warnings"}
{"timestamp":"2026-04-14T08:06:22.993315Z","level":"warning","event":"Setting email_on_failure on a task is deprecated; please migrate to SmtpNotifier.","category":"UserWarning","filename":"/home/airflow/.local/lib/python3.13/site-packages/airflow/providers/standard/operators/python.py","lineno":190,"logger":"py.warnings"}
{"timestamp":"2026-04-14T08:06:22.993613Z","level":"warning","event":"Setting email on a task is deprecated; please migrate to SmtpNotifier.","category":"UserWarning","filename":"/home/airflow/.local/lib/python3.13/site-packages/airflow/providers/dbt/cloud/operators/dbt.py","lineno":131,"logger":"py.warnings"}
{"timestamp":"2026-04-14T08:06:22.994459Z","level":"warning","event":"Setting email_on_retry on a task is deprecated; please migrate to SmtpNotifier.","category":"UserWarning","filename":"/home/airflow/.local/lib/python3.13/site-packages/airflow/providers/dbt/cloud/operators/dbt.py","lineno":131,"logger":"py.warnings"}
{"timestamp":"2026-04-14T08:06:22.994775Z","level":"warning","event":"Setting email_on_failure on a task is deprecated; please migrate to SmtpNotifier.","category":"UserWarning","filename":"/home/airflow/.local/lib/python3.13/site-packages/airflow/providers/dbt/cloud/operators/dbt.py","lineno":131,"logger":"py.warnings"}
{"timestamp":"2026-04-14T08:06:23.171422Z","level":"info","event":"Task instance is in running state","logger":"task.stdout"}
{"timestamp":"2026-04-14T08:06:23.171751Z","level":"info","event":" Previous state of the Task instance: TaskInstanceState.QUEUED","logger":"task.stdout"}
{"timestamp":"2026-04-14T08:06:23.172359Z","level":"info","event":"Current task name:ingest_source_s3_datasets","logger":"task.stdout"}
{"timestamp":"2026-04-14T08:06:23.172983Z","level":"info","event":"Dag name:supplychain360_dag","logger":"task.stdout"}
{"timestamp":"2026-04-14T08:06:23.175541Z","level":"info","event":"2026-04-14 08:06:23 | include.load.ingest_s3_datasets | INFO | [line:24] | Processing S3 Dataset: suppliers","logger":"task.stdout"}
{"timestamp":"2026-04-14T08:06:23.175923Z","level":"info","event":"2026-04-14 08:06:23 | include.extract.fetch_s3 | INFO | [line:24] | Fetching csv data from s3://supplychain360-data/raw/suppliers/suppliers.csv","logger":"task.stdout"}
{"timestamp":"2026-04-14T08:06:23.228837Z","level":"info","event":"AWS Connection (conn_id='aws_source', conn_type='aws') credentials retrieved from login and password.","logger":"airflow.providers.amazon.aws.utils.connection_wrapper.AwsConnectionWrapper","filename":"connection_wrapper.py","lineno":331}
{"timestamp":"2026-04-14T08:06:25.327765Z","level":"info","event":"AWS Connection (conn_id='aws_destination', conn_type='aws') credentials retrieved from login and password.","logger":"airflow.providers.amazon.aws.utils.connection_wrapper.AwsConnectionWrapper","filename":"connection_wrapper.py","lineno":331}
{"timestamp":"2026-04-14T08:06:26.105874Z","level":"info","event":"2026-04-14 08:06:26 | include.utils.write_to_s3 | INFO | [line:47] | Successfully wrote 12 rows to s3://supplychain360-raw-dev/raw/suppliers/source_object=suppliers/data.parquet","logger":"task.stdout"}
{"timestamp":"2026-04-14T08:06:26.157168Z","level":"info","event":"2026-04-14 08:06:26 | include.load.snowflake_loader | ERROR | [line:38] | Snowflake Load Error for suppliers: Password was given but private key is not encrypted.","logger":"task.stdout"}
{"timestamp":"2026-04-14T08:06:26.157570Z","level":"info","event":"2026-04-14 08:06:26 | include.load.ingest_s3_datasets | ERROR | [line:47] | Failed to ingest S3 dataset suppliers: Password was given but private key is not encrypted.","logger":"task.stdout"}
{"timestamp":"2026-04-14T08:06:26.157899Z","level":"info","event":"2026-04-14 08:06:26 | include.load.ingest_s3_datasets | INFO | [line:24] | Processing S3 Dataset: warehouses","logger":"task.stdout"}
{"timestamp":"2026-04-14T08:06:26.158055Z","level":"info","event":"2026-04-14 08:06:26 | include.extract.fetch_s3 | INFO | [line:24] | Fetching csv data from s3://supplychain360-data/raw/warehouses/warehouses.csv","logger":"task.stdout"}
{"timestamp":"2026-04-14T08:06:26.571846Z","level":"info","event":"AWS Connection (conn_id='aws_source', conn_type='aws') credentials retrieved from login and password.","logger":"airflow.providers.amazon.aws.utils.connection_wrapper.AwsConnectionWrapper","filename":"connection_wrapper.py","lineno":331}
{"timestamp":"2026-04-14T08:06:27.186760Z","level":"info","event":"AWS Connection (conn_id='aws_destination', conn_type='aws') credentials retrieved from login and password.","logger":"airflow.providers.amazon.aws.utils.connection_wrapper.AwsConnectionWrapper","filename":"connection_wrapper.py","lineno":331}
{"timestamp":"2026-04-14T08:06:27.735638Z","level":"info","event":"2026-04-14 08:06:27 | include.utils.write_to_s3 | INFO | [line:47] | Successfully wrote 10 rows to s3://supplychain360-raw-dev/raw/warehouses/source_object=warehouses/data.parquet","logger":"task.stdout"}
{"timestamp":"2026-04-14T08:06:27.758730Z","level":"info","event":"2026-04-14 08:06:27 | include.load.snowflake_loader | ERROR | [line:38] | Snowflake Load Error for warehouses: Password was given but private key is not encrypted.","logger":"task.stdout"}
{"timestamp":"2026-04-14T08:06:27.759226Z","level":"info","event":"2026-04-14 08:06:27 | include.load.ingest_s3_datasets | ERROR | [line:47] | Failed to ingest S3 dataset warehouses: Password was given but private key is not encrypted.","logger":"task.stdout"}
{"timestamp":"2026-04-14T08:06:27.759471Z","level":"info","event":"2026-04-14 08:06:27 | include.load.ingest_s3_datasets | INFO | [line:24] | Processing S3 Dataset: products","logger":"task.stdout"}
{"timestamp":"2026-04-14T08:06:27.759631Z","level":"info","event":"2026-04-14 08:06:27 | include.extract.fetch_s3 | INFO | [line:24] | Fetching csv data from s3://supplychain360-data/raw/products/products.csv","logger":"task.stdout"}
{"timestamp":"2026-04-14T08:06:27.779553Z","level":"info","event":"AWS Connection (conn_id='aws_source', conn_type='aws') credentials retrieved from login and password.","logger":"airflow.providers.amazon.aws.utils.connection_wrapper.AwsConnectionWrapper","filename":"connection_wrapper.py","lineno":331}
{"timestamp":"2026-04-14T08:06:28.516361Z","level":"info","event":"AWS Connection (conn_id='aws_destination', conn_type='aws') credentials retrieved from login and password.","logger":"airflow.providers.amazon.aws.utils.connection_wrapper.AwsConnectionWrapper","filename":"connection_wrapper.py","lineno":331}
{"timestamp":"2026-04-14T08:06:28.943235Z","level":"info","event":"2026-04-14 08:06:28 | include.utils.write_to_s3 | INFO | [line:47] | Successfully wrote 63 rows to s3://supplychain360-raw-dev/raw/products/source_object=products/data.parquet","logger":"task.stdout"}
{"timestamp":"2026-04-14T08:06:28.973730Z","level":"info","event":"2026-04-14 08:06:28 | include.load.snowflake_loader | ERROR | [line:38] | Snowflake Load Error for products: Password was given but private key is not encrypted.","logger":"task.stdout"}
{"timestamp":"2026-04-14T08:06:28.974173Z","level":"info","event":"2026-04-14 08:06:28 | include.load.ingest_s3_datasets | ERROR | [line:47] | Failed to ingest S3 dataset products: Password was given but private key is not encrypted.","logger":"task.stdout"}
{"timestamp":"2026-04-14T08:06:28.974401Z","level":"info","event":"2026-04-14 08:06:28 | include.load.ingest_s3_datasets | INFO | [line:24] | Processing S3 Dataset: inventory","logger":"task.stdout"}
{"timestamp":"2026-04-14T08:06:28.974675Z","level":"info","event":"2026-04-14 08:06:28 | include.extract.fetch_s3 | INFO | [line:24] | Fetching csv data from s3://supplychain360-data/raw/inventory/","logger":"task.stdout"}
{"timestamp":"2026-04-14T08:06:28.994990Z","level":"info","event":"AWS Connection (conn_id='aws_source', conn_type='aws') credentials retrieved from login and password.","logger":"airflow.providers.amazon.aws.utils.connection_wrapper.AwsConnectionWrapper","filename":"connection_wrapper.py","lineno":331}
{"timestamp":"2026-04-14T08:06:31.057606Z","level":"info","event":"AWS Connection (conn_id='aws_destination', conn_type='aws') credentials retrieved from login and password.","logger":"airflow.providers.amazon.aws.utils.connection_wrapper.AwsConnectionWrapper","filename":"connection_wrapper.py","lineno":331}
{"timestamp":"2026-04-14T08:06:31.859359Z","level":"info","event":"2026-04-14 08:06:31 | include.utils.write_to_s3 | INFO | [line:47] | Successfully wrote 56100 rows to s3://supplychain360-raw-dev/raw/inventory/source_object=inventory/data.parquet","logger":"task.stdout"}
{"timestamp":"2026-04-14T08:06:31.881505Z","level":"info","event":"2026-04-14 08:06:31 | include.load.snowflake_loader | ERROR | [line:38] | Snowflake Load Error for inventory: Password was given but private key is not encrypted.","logger":"task.stdout"}
{"timestamp":"2026-04-14T08:06:31.881907Z","level":"info","event":"2026-04-14 08:06:31 | include.load.ingest_s3_datasets | ERROR | [line:47] | Failed to ingest S3 dataset inventory: Password was given but private key is not encrypted.","logger":"task.stdout"}
{"timestamp":"2026-04-14T08:06:31.882096Z","level":"info","event":"2026-04-14 08:06:31 | include.load.ingest_s3_datasets | INFO | [line:24] | Processing S3 Dataset: shipments","logger":"task.stdout"}
{"timestamp":"2026-04-14T08:06:31.882335Z","level":"info","event":"2026-04-14 08:06:31 | include.extract.fetch_s3 | INFO | [line:24] | Fetching json data from s3://supplychain360-data/raw/shipments/","logger":"task.stdout"}
{"timestamp":"2026-04-14T08:06:31.907923Z","level":"info","event":"AWS Connection (conn_id='aws_source', conn_type='aws') credentials retrieved from login and password.","logger":"airflow.providers.amazon.aws.utils.connection_wrapper.AwsConnectionWrapper","filename":"connection_wrapper.py","lineno":331}
{"timestamp":"2026-04-14T08:06:57.612879Z","level":"info","event":"AWS Connection (conn_id='aws_destination', conn_type='aws') credentials retrieved from login and password.","logger":"airflow.providers.amazon.aws.utils.connection_wrapper.AwsConnectionWrapper","filename":"connection_wrapper.py","lineno":331}
{"timestamp":"2026-04-14T08:07:03.670792Z","level":"info","event":"2026-04-14 08:07:03 | include.utils.write_to_s3 | INFO | [line:47] | Successfully wrote 350000 rows to s3://supplychain360-raw-dev/raw/shipments/source_object=shipments/data.parquet","logger":"task.stdout"}
{"timestamp":"2026-04-14T08:07:03.821555Z","level":"info","event":"2026-04-14 08:07:03 | include.load.snowflake_loader | ERROR | [line:38] | Snowflake Load Error for shipments: Password was given but private key is not encrypted.","logger":"task.stdout"}
{"timestamp":"2026-04-14T08:07:03.822009Z","level":"info","event":"2026-04-14 08:07:03 | include.load.ingest_s3_datasets | ERROR | [line:47] | Failed to ingest S3 dataset shipments: Password was given but private key is not encrypted.","logger":"task.stdout"}
{"timestamp":"2026-04-14T08:07:04.186048Z","level":"info","event":"Done. Returned value was: None","logger":"airflow.task.operators.airflow.providers.standard.operators.python.PythonOperator","filename":"python.py","lineno":229}
{"timestamp":"2026-04-14T08:07:04.290049Z","level":"info","event":"Task instance in success state","logger":"task.stdout"}
{"timestamp":"2026-04-14T08:07:04.290596Z","level":"info","event":" Previous state of the Task instance: TaskInstanceState.RUNNING","logger":"task.stdout"}
{"timestamp":"2026-04-14T08:07:04.291567Z","level":"info","event":"Task operator:<Task(PythonOperator): ingest_source_s3_datasets>","logger":"task.stdout"}
