{"timestamp":"2026-04-13T07:06:57.686864Z","level":"info","event":"DAG bundles loaded: dags-folder, example_dags","logger":"airflow.dag_processing.bundles.manager.DagBundlesManager","filename":"manager.py","lineno":209}
{"timestamp":"2026-04-13T07:06:57.689297Z","level":"info","event":"Filling up the DagBag from /opt/airflow/dags/supplychain360.py","logger":"airflow.dag_processing.dagbag.BundleDagBag","filename":"dagbag.py","lineno":469}
{"timestamp":"2026-04-13T07:07:13.977878Z","level":"warning","event":"urllib3 (2.6.3) or chardet (6.0.0.post1)/charset_normalizer (3.4.6) doesn't match a supported version!","category":"UserWarning","filename":"/home/airflow/.local/lib/python3.13/site-packages/snowflake/connector/vendored/requests/__init__.py","lineno":113,"logger":"py.warnings"}
{"timestamp":"2026-04-13T07:07:13.978456Z","level":"warning","event":"Setting email on a task is deprecated; please migrate to SmtpNotifier.","category":"UserWarning","filename":"/home/airflow/.local/lib/python3.13/site-packages/airflow/providers/standard/operators/python.py","lineno":190,"logger":"py.warnings"}
{"timestamp":"2026-04-13T07:07:13.978719Z","level":"warning","event":"Setting email_on_retry on a task is deprecated; please migrate to SmtpNotifier.","category":"UserWarning","filename":"/home/airflow/.local/lib/python3.13/site-packages/airflow/providers/standard/operators/python.py","lineno":190,"logger":"py.warnings"}
{"timestamp":"2026-04-13T07:07:13.979037Z","level":"warning","event":"Setting email_on_failure on a task is deprecated; please migrate to SmtpNotifier.","category":"UserWarning","filename":"/home/airflow/.local/lib/python3.13/site-packages/airflow/providers/standard/operators/python.py","lineno":190,"logger":"py.warnings"}
{"timestamp":"2026-04-13T07:07:13.979278Z","level":"warning","event":"Setting email on a task is deprecated; please migrate to SmtpNotifier.","category":"UserWarning","filename":"/home/airflow/.local/lib/python3.13/site-packages/airflow/providers/dbt/cloud/operators/dbt.py","lineno":131,"logger":"py.warnings"}
{"timestamp":"2026-04-13T07:07:13.979543Z","level":"warning","event":"Setting email_on_retry on a task is deprecated; please migrate to SmtpNotifier.","category":"UserWarning","filename":"/home/airflow/.local/lib/python3.13/site-packages/airflow/providers/dbt/cloud/operators/dbt.py","lineno":131,"logger":"py.warnings"}
{"timestamp":"2026-04-13T07:07:13.979930Z","level":"warning","event":"Setting email_on_failure on a task is deprecated; please migrate to SmtpNotifier.","category":"UserWarning","filename":"/home/airflow/.local/lib/python3.13/site-packages/airflow/providers/dbt/cloud/operators/dbt.py","lineno":131,"logger":"py.warnings"}
{"timestamp":"2026-04-13T07:07:14.121592Z","level":"info","event":"Task instance is in running state","logger":"task.stdout"}
{"timestamp":"2026-04-13T07:07:14.122057Z","level":"info","event":" Previous state of the Task instance: TaskInstanceState.QUEUED","logger":"task.stdout"}
{"timestamp":"2026-04-13T07:07:14.126514Z","level":"info","event":"Current task name:ingest_google_sheets","logger":"task.stdout"}
{"timestamp":"2026-04-13T07:07:14.126828Z","level":"info","event":"Dag name:supplychain360_dag","logger":"task.stdout"}
{"timestamp":"2026-04-13T07:07:14.134017Z","level":"info","event":"2026-04-13 07:07:14 | include.load.supplychain_ingestion | INFO | [line:13] | Starting Master Data Ingestion (Google Sheets)...","logger":"task.stdout"}
{"timestamp":"2026-04-13T07:07:14.134532Z","level":"info","event":"2026-04-13 07:07:14 | include.extract.google_sheets | INFO | [line:27] | Fetching from Google Sheet: 164vMPKEZARKeGf1AHyJl33gmkbtUpPfz00hSWd2x1io | Range: Sheet1!A1:F1000","logger":"task.stdout"}
{"timestamp":"2026-04-13T07:07:14.339144Z","level":"info","event":"2026-04-13 07:07:14 | include.extract.google_sheets | ERROR | [line:58] | Error extracting from Google Sheets: GSheetsHook.get_values() got an unexpected keyword argument 'range'. Did you mean 'range_'?","logger":"task.stdout"}
{"timestamp":"2026-04-13T07:07:14.339603Z","level":"info","event":"2026-04-13 07:07:14 | include.utils.retry | WARNING | [line:30] | GSheetsHook.get_values() got an unexpected keyword argument 'range'. Did you mean 'range_'?, Retrying in 5 seconds...","logger":"task.stdout"}
{"timestamp":"2026-04-13T07:07:19.340084Z","level":"info","event":"2026-04-13 07:07:19 | include.extract.google_sheets | INFO | [line:27] | Fetching from Google Sheet: 164vMPKEZARKeGf1AHyJl33gmkbtUpPfz00hSWd2x1io | Range: Sheet1!A1:F1000","logger":"task.stdout"}
{"timestamp":"2026-04-13T07:07:19.393075Z","level":"info","event":"2026-04-13 07:07:19 | include.extract.google_sheets | ERROR | [line:58] | Error extracting from Google Sheets: GSheetsHook.get_values() got an unexpected keyword argument 'range'. Did you mean 'range_'?","logger":"task.stdout"}
{"timestamp":"2026-04-13T07:07:19.393461Z","level":"info","event":"2026-04-13 07:07:19 | include.utils.retry | WARNING | [line:30] | GSheetsHook.get_values() got an unexpected keyword argument 'range'. Did you mean 'range_'?, Retrying in 10 seconds...","logger":"task.stdout"}
{"timestamp":"2026-04-13T07:07:29.395622Z","level":"info","event":"2026-04-13 07:07:29 | include.extract.google_sheets | INFO | [line:27] | Fetching from Google Sheet: 164vMPKEZARKeGf1AHyJl33gmkbtUpPfz00hSWd2x1io | Range: Sheet1!A1:F1000","logger":"task.stdout"}
{"timestamp":"2026-04-13T07:07:29.464943Z","level":"info","event":"2026-04-13 07:07:29 | include.extract.google_sheets | ERROR | [line:58] | Error extracting from Google Sheets: GSheetsHook.get_values() got an unexpected keyword argument 'range'. Did you mean 'range_'?","logger":"task.stdout"}
{"timestamp":"2026-04-13T07:07:29.463939Z","level":"error","event":"Task failed with exception","logger":"task","filename":"task_runner.py","lineno":1347,"error_detail":[{"exc_type":"TypeError","exc_value":"GSheetsHook.get_values() got an unexpected keyword argument 'range'. Did you mean 'range_'?","exc_notes":[],"syntax_error":null,"is_cause":false,"frames":[{"filename":"/home/airflow/.local/lib/python3.13/site-packages/airflow/sdk/execution_time/task_runner.py","lineno":1263,"name":"run"},{"filename":"/home/airflow/.local/lib/python3.13/site-packages/airflow/sdk/execution_time/task_runner.py","lineno":1678,"name":"_execute_task"},{"filename":"/home/airflow/.local/lib/python3.13/site-packages/airflow/sdk/bases/operator.py","lineno":443,"name":"wrapper"},{"filename":"/home/airflow/.local/lib/python3.13/site-packages/airflow/providers/standard/operators/python.py","lineno":227,"name":"execute"},{"filename":"/home/airflow/.local/lib/python3.13/site-packages/airflow/providers/standard/operators/python.py","lineno":250,"name":"execute_callable"},{"filename":"/home/airflow/.local/lib/python3.13/site-packages/airflow/sdk/execution_time/callback_runner.py","lineno":97,"name":"run"},{"filename":"/opt/airflow/dags/include/load/supplychain_ingestion.py","lineno":14,"name":"ingest_master_data"},{"filename":"/opt/airflow/dags/include/utils/retry.py","lineno":34,"name":"wrapper"},{"filename":"/opt/airflow/dags/include/extract/google_sheets.py","lineno":32,"name":"fetch_sheets_data"}],"is_group":false,"exceptions":[]}]}
{"timestamp":"2026-04-13T07:07:29.526881Z","level":"info","event":"Task instance in failure state","logger":"task.stdout"}
{"timestamp":"2026-04-13T07:07:29.527592Z","level":"info","event":"Task start","logger":"task.stdout"}
{"timestamp":"2026-04-13T07:07:29.528204Z","level":"info","event":"Task:<Task(PythonOperator): ingest_google_sheets>","logger":"task.stdout"}
{"timestamp":"2026-04-13T07:07:29.528474Z","level":"info","event":"Failure caused by GSheetsHook.get_values() got an unexpected keyword argument 'range'. Did you mean 'range_'?","logger":"task.stdout"}
