{"timestamp":"2026-04-14T09:18:49.834285Z","level":"info","event":"DAG bundles loaded: dags-folder, example_dags","logger":"airflow.dag_processing.bundles.manager.DagBundlesManager","filename":"manager.py","lineno":209}
{"timestamp":"2026-04-14T09:18:49.836928Z","level":"info","event":"Filling up the DagBag from /opt/airflow/dags/supplychain360.py","logger":"airflow.dag_processing.dagbag.BundleDagBag","filename":"dagbag.py","lineno":469}
{"timestamp":"2026-04-14T09:19:12.021314Z","level":"warning","event":"urllib3 (2.6.3) or chardet (6.0.0.post1)/charset_normalizer (3.4.6) doesn't match a supported version!","category":"UserWarning","filename":"/home/airflow/.local/lib/python3.13/site-packages/snowflake/connector/vendored/requests/__init__.py","lineno":113,"logger":"py.warnings"}
{"timestamp":"2026-04-14T09:19:12.021824Z","level":"warning","event":"Setting email on a task is deprecated; please migrate to SmtpNotifier.","category":"UserWarning","filename":"/home/airflow/.local/lib/python3.13/site-packages/airflow/providers/standard/operators/python.py","lineno":190,"logger":"py.warnings"}
{"timestamp":"2026-04-14T09:19:12.022141Z","level":"warning","event":"Setting email_on_retry on a task is deprecated; please migrate to SmtpNotifier.","category":"UserWarning","filename":"/home/airflow/.local/lib/python3.13/site-packages/airflow/providers/standard/operators/python.py","lineno":190,"logger":"py.warnings"}
{"timestamp":"2026-04-14T09:19:12.022499Z","level":"warning","event":"Setting email_on_failure on a task is deprecated; please migrate to SmtpNotifier.","category":"UserWarning","filename":"/home/airflow/.local/lib/python3.13/site-packages/airflow/providers/standard/operators/python.py","lineno":190,"logger":"py.warnings"}
{"timestamp":"2026-04-14T09:19:12.022782Z","level":"warning","event":"Setting email on a task is deprecated; please migrate to SmtpNotifier.","category":"UserWarning","filename":"/home/airflow/.local/lib/python3.13/site-packages/airflow/providers/dbt/cloud/operators/dbt.py","lineno":131,"logger":"py.warnings"}
{"timestamp":"2026-04-14T09:19:12.023064Z","level":"warning","event":"Setting email_on_retry on a task is deprecated; please migrate to SmtpNotifier.","category":"UserWarning","filename":"/home/airflow/.local/lib/python3.13/site-packages/airflow/providers/dbt/cloud/operators/dbt.py","lineno":131,"logger":"py.warnings"}
{"timestamp":"2026-04-14T09:19:12.023330Z","level":"warning","event":"Setting email_on_failure on a task is deprecated; please migrate to SmtpNotifier.","category":"UserWarning","filename":"/home/airflow/.local/lib/python3.13/site-packages/airflow/providers/dbt/cloud/operators/dbt.py","lineno":131,"logger":"py.warnings"}
{"timestamp":"2026-04-14T09:19:12.229384Z","level":"info","event":"Task instance is in running state","logger":"task.stdout"}
{"timestamp":"2026-04-14T09:19:12.229828Z","level":"info","event":" Previous state of the Task instance: TaskInstanceState.QUEUED","logger":"task.stdout"}
{"timestamp":"2026-04-14T09:19:12.234104Z","level":"info","event":"Current task name:ingest_postgres_sales","logger":"task.stdout"}
{"timestamp":"2026-04-14T09:19:12.234482Z","level":"info","event":"Dag name:supplychain360_dag","logger":"task.stdout"}
{"timestamp":"2026-04-14T09:19:12.237651Z","level":"info","event":"2026-04-14 09:19:12 | include.load.ingest_store_sales | INFO | [line:50] | Starting Incremental Sales Ingestion to Snowflake","logger":"task.stdout"}
{"timestamp":"2026-04-14T09:19:12.238904Z","level":"info","event":"2026-04-14 09:19:12 | include.extract.postgres_sales | INFO | [line:71] | Listing sales tables from source schema public","logger":"task.stdout"}
{"timestamp":"2026-04-14T09:19:12.351965Z","level":"info","event":"AWS Connection (conn_id='aws_source', conn_type='aws') credentials retrieved from login and password.","logger":"airflow.providers.amazon.aws.utils.connection_wrapper.AwsConnectionWrapper","filename":"connection_wrapper.py","lineno":331}
{"timestamp":"2026-04-14T09:19:14.886543Z","level":"info","event":"2026-04-14 09:19:14 | include.extract.postgres_sales | INFO | [line:89] | Discovered 7 sales tables.","logger":"task.stdout"}
{"timestamp":"2026-04-14T09:19:14.937639Z","level":"info","event":"2026-04-14 09:19:14 | include.load.ingest_store_sales | WARNING | [line:41] | Could not fetch metadata from Snowflake (likely table doesn't exist): Password was given but private key is not encrypted.","logger":"task.stdout"}
{"timestamp":"2026-04-14T09:19:14.938165Z","level":"info","event":"2026-04-14 09:19:14 | include.load.ingest_store_sales | INFO | [line:64] | Processing sales_2026_03_10...","logger":"task.stdout"}
{"timestamp":"2026-04-14T09:19:14.938501Z","level":"info","event":"2026-04-14 09:19:14 | include.extract.postgres_sales | INFO | [line:137] | Fetching source sales table public.sales_2026_03_10","logger":"task.stdout"}
{"timestamp":"2026-04-14T09:19:59.805413Z","level":"info","event":"2026-04-14 09:19:59 | include.extract.postgres_sales | INFO | [line:148] | Fetched 200000 rows and 11 columns from sales_2026_03_10","logger":"task.stdout"}
{"timestamp":"2026-04-14T09:19:59.974235Z","level":"info","event":"AWS Connection (conn_id='aws_destination', conn_type='aws') credentials retrieved from login and password.","logger":"airflow.providers.amazon.aws.utils.connection_wrapper.AwsConnectionWrapper","filename":"connection_wrapper.py","lineno":331}
{"timestamp":"2026-04-14T09:20:00.552629Z","level":"info","event":"2026-04-14 09:20:00 | include.load.ingest_store_sales | ERROR | [line:85] | Failed to ingest sales_2026_03_10: (\"Expected bytes, got a 'UUID' object\", 'Conversion failed for column transaction_id with type object')","logger":"task.stdout"}
{"timestamp":"2026-04-14T09:20:00.553148Z","level":"info","event":"2026-04-14 09:20:00 | include.load.ingest_store_sales | INFO | [line:64] | Processing sales_2026_03_11...","logger":"task.stdout"}
{"timestamp":"2026-04-14T09:20:00.553388Z","level":"info","event":"2026-04-14 09:20:00 | include.extract.postgres_sales | INFO | [line:137] | Fetching source sales table public.sales_2026_03_11","logger":"task.stdout"}
{"timestamp":"2026-04-14T09:20:19.203502Z","level":"info","event":"2026-04-14 09:20:19 | include.extract.postgres_sales | INFO | [line:148] | Fetched 200000 rows and 11 columns from sales_2026_03_11","logger":"task.stdout"}
{"timestamp":"2026-04-14T09:20:19.386995Z","level":"info","event":"AWS Connection (conn_id='aws_destination', conn_type='aws') credentials retrieved from login and password.","logger":"airflow.providers.amazon.aws.utils.connection_wrapper.AwsConnectionWrapper","filename":"connection_wrapper.py","lineno":331}
{"timestamp":"2026-04-14T09:20:19.879369Z","level":"info","event":"2026-04-14 09:20:19 | include.load.ingest_store_sales | ERROR | [line:85] | Failed to ingest sales_2026_03_11: (\"Expected bytes, got a 'UUID' object\", 'Conversion failed for column transaction_id with type object')","logger":"task.stdout"}
{"timestamp":"2026-04-14T09:20:19.880075Z","level":"info","event":"2026-04-14 09:20:19 | include.load.ingest_store_sales | INFO | [line:64] | Processing sales_2026_03_12...","logger":"task.stdout"}
{"timestamp":"2026-04-14T09:20:19.880606Z","level":"info","event":"2026-04-14 09:20:19 | include.extract.postgres_sales | INFO | [line:137] | Fetching source sales table public.sales_2026_03_12","logger":"task.stdout"}
{"timestamp":"2026-04-14T09:20:51.759230Z","level":"info","event":"2026-04-14 09:20:51 | include.extract.postgres_sales | INFO | [line:148] | Fetched 200000 rows and 11 columns from sales_2026_03_12","logger":"task.stdout"}
{"timestamp":"2026-04-14T09:20:51.976618Z","level":"info","event":"AWS Connection (conn_id='aws_destination', conn_type='aws') credentials retrieved from login and password.","logger":"airflow.providers.amazon.aws.utils.connection_wrapper.AwsConnectionWrapper","filename":"connection_wrapper.py","lineno":331}
{"timestamp":"2026-04-14T09:20:52.613166Z","level":"info","event":"2026-04-14 09:20:52 | include.load.ingest_store_sales | ERROR | [line:85] | Failed to ingest sales_2026_03_12: (\"Expected bytes, got a 'UUID' object\", 'Conversion failed for column transaction_id with type object')","logger":"task.stdout"}
{"timestamp":"2026-04-14T09:20:52.613721Z","level":"info","event":"2026-04-14 09:20:52 | include.load.ingest_store_sales | INFO | [line:64] | Processing sales_2026_03_13...","logger":"task.stdout"}
{"timestamp":"2026-04-14T09:20:52.613983Z","level":"info","event":"2026-04-14 09:20:52 | include.extract.postgres_sales | INFO | [line:137] | Fetching source sales table public.sales_2026_03_13","logger":"task.stdout"}
{"timestamp":"2026-04-14T09:21:06.988455Z","level":"info","event":"2026-04-14 09:21:06 | include.extract.postgres_sales | INFO | [line:148] | Fetched 200000 rows and 11 columns from sales_2026_03_13","logger":"task.stdout"}
{"timestamp":"2026-04-14T09:21:07.191045Z","level":"info","event":"AWS Connection (conn_id='aws_destination', conn_type='aws') credentials retrieved from login and password.","logger":"airflow.providers.amazon.aws.utils.connection_wrapper.AwsConnectionWrapper","filename":"connection_wrapper.py","lineno":331}
{"timestamp":"2026-04-14T09:21:07.707854Z","level":"info","event":"2026-04-14 09:21:07 | include.load.ingest_store_sales | ERROR | [line:85] | Failed to ingest sales_2026_03_13: (\"Expected bytes, got a 'UUID' object\", 'Conversion failed for column transaction_id with type object')","logger":"task.stdout"}
{"timestamp":"2026-04-14T09:21:07.738560Z","level":"info","event":"2026-04-14 09:21:07 | include.load.ingest_store_sales | INFO | [line:64] | Processing sales_2026_03_14...","logger":"task.stdout"}
{"timestamp":"2026-04-14T09:21:07.739085Z","level":"info","event":"2026-04-14 09:21:07 | include.extract.postgres_sales | INFO | [line:137] | Fetching source sales table public.sales_2026_03_14","logger":"task.stdout"}
{"timestamp":"2026-04-14T09:21:21.069539Z","level":"info","event":"2026-04-14 09:21:21 | include.extract.postgres_sales | INFO | [line:148] | Fetched 200000 rows and 11 columns from sales_2026_03_14","logger":"task.stdout"}
{"timestamp":"2026-04-14T09:21:21.249417Z","level":"info","event":"AWS Connection (conn_id='aws_destination', conn_type='aws') credentials retrieved from login and password.","logger":"airflow.providers.amazon.aws.utils.connection_wrapper.AwsConnectionWrapper","filename":"connection_wrapper.py","lineno":331}
{"timestamp":"2026-04-14T09:21:21.723353Z","level":"info","event":"2026-04-14 09:21:21 | include.load.ingest_store_sales | ERROR | [line:85] | Failed to ingest sales_2026_03_14: (\"Expected bytes, got a 'UUID' object\", 'Conversion failed for column transaction_id with type object')","logger":"task.stdout"}
{"timestamp":"2026-04-14T09:21:21.723893Z","level":"info","event":"2026-04-14 09:21:21 | include.load.ingest_store_sales | INFO | [line:64] | Processing sales_2026_03_15...","logger":"task.stdout"}
{"timestamp":"2026-04-14T09:21:21.724184Z","level":"info","event":"2026-04-14 09:21:21 | include.extract.postgres_sales | INFO | [line:137] | Fetching source sales table public.sales_2026_03_15","logger":"task.stdout"}
{"timestamp":"2026-04-14T09:21:38.474010Z","level":"info","event":"2026-04-14 09:21:38 | include.extract.postgres_sales | INFO | [line:148] | Fetched 200000 rows and 11 columns from sales_2026_03_15","logger":"task.stdout"}
{"timestamp":"2026-04-14T09:21:38.664726Z","level":"info","event":"AWS Connection (conn_id='aws_destination', conn_type='aws') credentials retrieved from login and password.","logger":"airflow.providers.amazon.aws.utils.connection_wrapper.AwsConnectionWrapper","filename":"connection_wrapper.py","lineno":331}
{"timestamp":"2026-04-14T09:21:39.153112Z","level":"info","event":"2026-04-14 09:21:39 | include.load.ingest_store_sales | ERROR | [line:85] | Failed to ingest sales_2026_03_15: (\"Expected bytes, got a 'UUID' object\", 'Conversion failed for column transaction_id with type object')","logger":"task.stdout"}
{"timestamp":"2026-04-14T09:21:39.153781Z","level":"info","event":"2026-04-14 09:21:39 | include.load.ingest_store_sales | INFO | [line:64] | Processing sales_2026_03_16...","logger":"task.stdout"}
{"timestamp":"2026-04-14T09:21:39.154060Z","level":"info","event":"2026-04-14 09:21:39 | include.extract.postgres_sales | INFO | [line:137] | Fetching source sales table public.sales_2026_03_16","logger":"task.stdout"}
{"timestamp":"2026-04-14T09:21:54.955696Z","level":"info","event":"2026-04-14 09:21:54 | include.extract.postgres_sales | INFO | [line:148] | Fetched 200000 rows and 11 columns from sales_2026_03_16","logger":"task.stdout"}
{"timestamp":"2026-04-14T09:21:55.154894Z","level":"info","event":"AWS Connection (conn_id='aws_destination', conn_type='aws') credentials retrieved from login and password.","logger":"airflow.providers.amazon.aws.utils.connection_wrapper.AwsConnectionWrapper","filename":"connection_wrapper.py","lineno":331}
{"timestamp":"2026-04-14T09:21:55.706619Z","level":"info","event":"2026-04-14 09:21:55 | include.load.ingest_store_sales | ERROR | [line:85] | Failed to ingest sales_2026_03_16: (\"Expected bytes, got a 'UUID' object\", 'Conversion failed for column transaction_id with type object')","logger":"task.stdout"}
{"timestamp":"2026-04-14T09:21:55.706755Z","level":"info","event":"Done. Returned value was: None","logger":"airflow.task.operators.airflow.providers.standard.operators.python.PythonOperator","filename":"python.py","lineno":229}
{"timestamp":"2026-04-14T09:21:55.766270Z","level":"info","event":"Task instance in success state","logger":"task.stdout"}
{"timestamp":"2026-04-14T09:21:55.766707Z","level":"info","event":" Previous state of the Task instance: TaskInstanceState.RUNNING","logger":"task.stdout"}
{"timestamp":"2026-04-14T09:21:55.767132Z","level":"info","event":"Task operator:<Task(PythonOperator): ingest_postgres_sales>","logger":"task.stdout"}
