{"timestamp":"2026-04-14T09:04:11.995389Z","level":"info","event":"DAG bundles loaded: dags-folder, example_dags","logger":"airflow.dag_processing.bundles.manager.DagBundlesManager","filename":"manager.py","lineno":209}
{"timestamp":"2026-04-14T09:04:11.999742Z","level":"info","event":"Filling up the DagBag from /opt/airflow/dags/supplychain360.py","logger":"airflow.dag_processing.dagbag.BundleDagBag","filename":"dagbag.py","lineno":469}
{"timestamp":"2026-04-14T09:04:31.493159Z","level":"warning","event":"urllib3 (2.6.3) or chardet (6.0.0.post1)/charset_normalizer (3.4.6) doesn't match a supported version!","category":"UserWarning","filename":"/home/airflow/.local/lib/python3.13/site-packages/snowflake/connector/vendored/requests/__init__.py","lineno":113,"logger":"py.warnings"}
{"timestamp":"2026-04-14T09:04:31.493613Z","level":"warning","event":"Setting email on a task is deprecated; please migrate to SmtpNotifier.","category":"UserWarning","filename":"/home/airflow/.local/lib/python3.13/site-packages/airflow/providers/standard/operators/python.py","lineno":190,"logger":"py.warnings"}
{"timestamp":"2026-04-14T09:04:31.493924Z","level":"warning","event":"Setting email_on_retry on a task is deprecated; please migrate to SmtpNotifier.","category":"UserWarning","filename":"/home/airflow/.local/lib/python3.13/site-packages/airflow/providers/standard/operators/python.py","lineno":190,"logger":"py.warnings"}
{"timestamp":"2026-04-14T09:04:31.494270Z","level":"warning","event":"Setting email_on_failure on a task is deprecated; please migrate to SmtpNotifier.","category":"UserWarning","filename":"/home/airflow/.local/lib/python3.13/site-packages/airflow/providers/standard/operators/python.py","lineno":190,"logger":"py.warnings"}
{"timestamp":"2026-04-14T09:04:31.494676Z","level":"warning","event":"Setting email on a task is deprecated; please migrate to SmtpNotifier.","category":"UserWarning","filename":"/home/airflow/.local/lib/python3.13/site-packages/airflow/providers/dbt/cloud/operators/dbt.py","lineno":131,"logger":"py.warnings"}
{"timestamp":"2026-04-14T09:04:31.494975Z","level":"warning","event":"Setting email_on_retry on a task is deprecated; please migrate to SmtpNotifier.","category":"UserWarning","filename":"/home/airflow/.local/lib/python3.13/site-packages/airflow/providers/dbt/cloud/operators/dbt.py","lineno":131,"logger":"py.warnings"}
{"timestamp":"2026-04-14T09:04:31.495365Z","level":"warning","event":"Setting email_on_failure on a task is deprecated; please migrate to SmtpNotifier.","category":"UserWarning","filename":"/home/airflow/.local/lib/python3.13/site-packages/airflow/providers/dbt/cloud/operators/dbt.py","lineno":131,"logger":"py.warnings"}
{"timestamp":"2026-04-14T09:04:31.715222Z","level":"info","event":"Task instance is in running state","logger":"task.stdout"}
{"timestamp":"2026-04-14T09:04:31.715889Z","level":"info","event":" Previous state of the Task instance: TaskInstanceState.QUEUED","logger":"task.stdout"}
{"timestamp":"2026-04-14T09:04:31.717619Z","level":"info","event":"Current task name:ingest_postgres_sales","logger":"task.stdout"}
{"timestamp":"2026-04-14T09:04:31.717974Z","level":"info","event":"Dag name:supplychain360_dag","logger":"task.stdout"}
{"timestamp":"2026-04-14T09:04:31.724815Z","level":"info","event":"2026-04-14 09:04:31 | include.load.ingest_store_sales | INFO | [line:50] | Starting Incremental Sales Ingestion to Snowflake","logger":"task.stdout"}
{"timestamp":"2026-04-14T09:04:31.727336Z","level":"info","event":"2026-04-14 09:04:31 | include.extract.postgres_sales | INFO | [line:71] | Listing sales tables from source schema public","logger":"task.stdout"}
{"timestamp":"2026-04-14T09:04:31.836304Z","level":"info","event":"AWS Connection (conn_id='aws_source', conn_type='aws') credentials retrieved from login and password.","logger":"airflow.providers.amazon.aws.utils.connection_wrapper.AwsConnectionWrapper","filename":"connection_wrapper.py","lineno":331}
{"timestamp":"2026-04-14T09:04:33.821008Z","level":"info","event":"2026-04-14 09:04:33 | include.extract.postgres_sales | INFO | [line:89] | Discovered 7 sales tables.","logger":"task.stdout"}
{"timestamp":"2026-04-14T09:04:33.896205Z","level":"info","event":"2026-04-14 09:04:33 | include.load.ingest_store_sales | WARNING | [line:41] | Could not fetch metadata from Snowflake (likely table doesn't exist): Password was given but private key is not encrypted.","logger":"task.stdout"}
{"timestamp":"2026-04-14T09:04:33.896762Z","level":"info","event":"2026-04-14 09:04:33 | include.load.ingest_store_sales | INFO | [line:64] | Processing sales_2026_03_10...","logger":"task.stdout"}
{"timestamp":"2026-04-14T09:04:33.897172Z","level":"info","event":"2026-04-14 09:04:33 | include.extract.postgres_sales | INFO | [line:137] | Fetching source sales table public.sales_2026_03_10","logger":"task.stdout"}
{"timestamp":"2026-04-14T09:05:02.950348Z","level":"info","event":"2026-04-14 09:05:02 | include.extract.postgres_sales | INFO | [line:148] | Fetched 200000 rows and 11 columns from sales_2026_03_10","logger":"task.stdout"}
{"timestamp":"2026-04-14T09:05:03.238909Z","level":"info","event":"AWS Connection (conn_id='aws_destination', conn_type='aws') credentials retrieved from login and password.","logger":"airflow.providers.amazon.aws.utils.connection_wrapper.AwsConnectionWrapper","filename":"connection_wrapper.py","lineno":331}
{"timestamp":"2026-04-14T09:05:03.992388Z","level":"info","event":"2026-04-14 09:05:03 | include.load.ingest_store_sales | ERROR | [line:85] | Failed to ingest sales_2026_03_10: (\"Expected bytes, got a 'UUID' object\", 'Conversion failed for column transaction_id with type object')","logger":"task.stdout"}
{"timestamp":"2026-04-14T09:05:03.993183Z","level":"info","event":"2026-04-14 09:05:03 | include.load.ingest_store_sales | INFO | [line:64] | Processing sales_2026_03_11...","logger":"task.stdout"}
{"timestamp":"2026-04-14T09:05:03.993526Z","level":"info","event":"2026-04-14 09:05:03 | include.extract.postgres_sales | INFO | [line:137] | Fetching source sales table public.sales_2026_03_11","logger":"task.stdout"}
{"timestamp":"2026-04-14T09:05:31.624209Z","level":"info","event":"2026-04-14 09:05:31 | include.extract.postgres_sales | INFO | [line:148] | Fetched 200000 rows and 11 columns from sales_2026_03_11","logger":"task.stdout"}
{"timestamp":"2026-04-14T09:05:31.836025Z","level":"info","event":"AWS Connection (conn_id='aws_destination', conn_type='aws') credentials retrieved from login and password.","logger":"airflow.providers.amazon.aws.utils.connection_wrapper.AwsConnectionWrapper","filename":"connection_wrapper.py","lineno":331}
{"timestamp":"2026-04-14T09:05:32.988548Z","level":"info","event":"2026-04-14 09:05:32 | include.load.ingest_store_sales | ERROR | [line:85] | Failed to ingest sales_2026_03_11: (\"Expected bytes, got a 'UUID' object\", 'Conversion failed for column transaction_id with type object')","logger":"task.stdout"}
{"timestamp":"2026-04-14T09:05:32.988886Z","level":"info","event":"2026-04-14 09:05:32 | include.load.ingest_store_sales | INFO | [line:64] | Processing sales_2026_03_12...","logger":"task.stdout"}
{"timestamp":"2026-04-14T09:05:32.989081Z","level":"info","event":"2026-04-14 09:05:32 | include.extract.postgres_sales | INFO | [line:137] | Fetching source sales table public.sales_2026_03_12","logger":"task.stdout"}
{"timestamp":"2026-04-14T09:05:49.177904Z","level":"info","event":"2026-04-14 09:05:49 | include.extract.postgres_sales | INFO | [line:148] | Fetched 200000 rows and 11 columns from sales_2026_03_12","logger":"task.stdout"}
{"timestamp":"2026-04-14T09:05:49.375342Z","level":"info","event":"AWS Connection (conn_id='aws_destination', conn_type='aws') credentials retrieved from login and password.","logger":"airflow.providers.amazon.aws.utils.connection_wrapper.AwsConnectionWrapper","filename":"connection_wrapper.py","lineno":331}
{"timestamp":"2026-04-14T09:05:50.801464Z","level":"info","event":"2026-04-14 09:05:50 | include.load.ingest_store_sales | ERROR | [line:85] | Failed to ingest sales_2026_03_12: (\"Expected bytes, got a 'UUID' object\", 'Conversion failed for column transaction_id with type object')","logger":"task.stdout"}
{"timestamp":"2026-04-14T09:05:50.802002Z","level":"info","event":"2026-04-14 09:05:50 | include.load.ingest_store_sales | INFO | [line:64] | Processing sales_2026_03_13...","logger":"task.stdout"}
{"timestamp":"2026-04-14T09:05:50.802309Z","level":"info","event":"2026-04-14 09:05:50 | include.extract.postgres_sales | INFO | [line:137] | Fetching source sales table public.sales_2026_03_13","logger":"task.stdout"}
{"timestamp":"2026-04-14T09:06:11.098431Z","level":"info","event":"2026-04-14 09:06:11 | include.extract.postgres_sales | INFO | [line:148] | Fetched 200000 rows and 11 columns from sales_2026_03_13","logger":"task.stdout"}
{"timestamp":"2026-04-14T09:06:11.305339Z","level":"info","event":"AWS Connection (conn_id='aws_destination', conn_type='aws') credentials retrieved from login and password.","logger":"airflow.providers.amazon.aws.utils.connection_wrapper.AwsConnectionWrapper","filename":"connection_wrapper.py","lineno":331}
{"timestamp":"2026-04-14T09:06:11.933728Z","level":"info","event":"2026-04-14 09:06:11 | include.load.ingest_store_sales | ERROR | [line:85] | Failed to ingest sales_2026_03_13: (\"Expected bytes, got a 'UUID' object\", 'Conversion failed for column transaction_id with type object')","logger":"task.stdout"}
{"timestamp":"2026-04-14T09:06:11.934134Z","level":"info","event":"2026-04-14 09:06:11 | include.load.ingest_store_sales | INFO | [line:64] | Processing sales_2026_03_14...","logger":"task.stdout"}
{"timestamp":"2026-04-14T09:06:11.934371Z","level":"info","event":"2026-04-14 09:06:11 | include.extract.postgres_sales | INFO | [line:137] | Fetching source sales table public.sales_2026_03_14","logger":"task.stdout"}
{"timestamp":"2026-04-14T09:06:28.672359Z","level":"info","event":"2026-04-14 09:06:28 | include.extract.postgres_sales | INFO | [line:148] | Fetched 200000 rows and 11 columns from sales_2026_03_14","logger":"task.stdout"}
{"timestamp":"2026-04-14T09:06:28.867437Z","level":"info","event":"AWS Connection (conn_id='aws_destination', conn_type='aws') credentials retrieved from login and password.","logger":"airflow.providers.amazon.aws.utils.connection_wrapper.AwsConnectionWrapper","filename":"connection_wrapper.py","lineno":331}
{"timestamp":"2026-04-14T09:06:29.499672Z","level":"info","event":"2026-04-14 09:06:29 | include.load.ingest_store_sales | ERROR | [line:85] | Failed to ingest sales_2026_03_14: (\"Expected bytes, got a 'UUID' object\", 'Conversion failed for column transaction_id with type object')","logger":"task.stdout"}
{"timestamp":"2026-04-14T09:06:29.500243Z","level":"info","event":"2026-04-14 09:06:29 | include.load.ingest_store_sales | INFO | [line:64] | Processing sales_2026_03_15...","logger":"task.stdout"}
{"timestamp":"2026-04-14T09:06:29.500601Z","level":"info","event":"2026-04-14 09:06:29 | include.extract.postgres_sales | INFO | [line:137] | Fetching source sales table public.sales_2026_03_15","logger":"task.stdout"}
{"timestamp":"2026-04-14T09:06:45.950383Z","level":"info","event":"2026-04-14 09:06:45 | include.extract.postgres_sales | INFO | [line:148] | Fetched 200000 rows and 11 columns from sales_2026_03_15","logger":"task.stdout"}
{"timestamp":"2026-04-14T09:06:46.207785Z","level":"info","event":"AWS Connection (conn_id='aws_destination', conn_type='aws') credentials retrieved from login and password.","logger":"airflow.providers.amazon.aws.utils.connection_wrapper.AwsConnectionWrapper","filename":"connection_wrapper.py","lineno":331}
{"timestamp":"2026-04-14T09:06:46.887752Z","level":"info","event":"2026-04-14 09:06:46 | include.load.ingest_store_sales | ERROR | [line:85] | Failed to ingest sales_2026_03_15: (\"Expected bytes, got a 'UUID' object\", 'Conversion failed for column transaction_id with type object')","logger":"task.stdout"}
{"timestamp":"2026-04-14T09:06:46.888328Z","level":"info","event":"2026-04-14 09:06:46 | include.load.ingest_store_sales | INFO | [line:64] | Processing sales_2026_03_16...","logger":"task.stdout"}
{"timestamp":"2026-04-14T09:06:46.888596Z","level":"info","event":"2026-04-14 09:06:46 | include.extract.postgres_sales | INFO | [line:137] | Fetching source sales table public.sales_2026_03_16","logger":"task.stdout"}
{"timestamp":"2026-04-14T09:07:25.708172Z","level":"info","event":"2026-04-14 09:07:25 | include.utils.retry | WARNING | [line:30] | (psycopg2.OperationalError) SSL SYSCALL error: EOF detected","logger":"task.stdout"}
{"timestamp":"2026-04-14T09:07:25.708587Z","level":"info","event":"","logger":"task.stdout"}
{"timestamp":"2026-04-14T09:07:25.708813Z","level":"info","event":"[SQL: SELECT * FROM \"public\".\"sales_2026_03_16\"]","logger":"task.stdout"}
{"timestamp":"2026-04-14T09:07:25.709005Z","level":"info","event":"(Background on this error at: https://sqlalche.me/e/20/e3q8), Retrying in 5 seconds...","logger":"task.stdout"}
{"timestamp":"2026-04-14T09:07:31.535418Z","level":"info","event":"2026-04-14 09:07:31 | include.extract.postgres_sales | INFO | [line:137] | Fetching source sales table public.sales_2026_03_16","logger":"task.stdout"}
{"timestamp":"2026-04-14T09:07:42.708157Z","level":"info","event":"2026-04-14 09:07:42 | include.extract.postgres_sales | INFO | [line:148] | Fetched 200000 rows and 11 columns from sales_2026_03_16","logger":"task.stdout"}
{"timestamp":"2026-04-14T09:07:42.904759Z","level":"info","event":"AWS Connection (conn_id='aws_destination', conn_type='aws') credentials retrieved from login and password.","logger":"airflow.providers.amazon.aws.utils.connection_wrapper.AwsConnectionWrapper","filename":"connection_wrapper.py","lineno":331}
{"timestamp":"2026-04-14T09:07:43.457853Z","level":"info","event":"2026-04-14 09:07:43 | include.load.ingest_store_sales | ERROR | [line:85] | Failed to ingest sales_2026_03_16: (\"Expected bytes, got a 'UUID' object\", 'Conversion failed for column transaction_id with type object')","logger":"task.stdout"}
{"timestamp":"2026-04-14T09:07:43.458053Z","level":"info","event":"Done. Returned value was: None","logger":"airflow.task.operators.airflow.providers.standard.operators.python.PythonOperator","filename":"python.py","lineno":229}
{"timestamp":"2026-04-14T09:07:43.498836Z","level":"info","event":"Task instance in success state","logger":"task.stdout"}
{"timestamp":"2026-04-14T09:07:43.499209Z","level":"info","event":" Previous state of the Task instance: TaskInstanceState.RUNNING","logger":"task.stdout"}
{"timestamp":"2026-04-14T09:07:43.499597Z","level":"info","event":"Task operator:<Task(PythonOperator): ingest_postgres_sales>","logger":"task.stdout"}
