{"timestamp":"2026-04-13T12:44:46.789164Z","level":"info","event":"DAG bundles loaded: dags-folder, example_dags","logger":"airflow.dag_processing.bundles.manager.DagBundlesManager","filename":"manager.py","lineno":209}
{"timestamp":"2026-04-13T12:44:46.791550Z","level":"info","event":"Filling up the DagBag from /opt/airflow/dags/supplychain360.py","logger":"airflow.dag_processing.dagbag.BundleDagBag","filename":"dagbag.py","lineno":469}
{"timestamp":"2026-04-13T12:45:13.195608Z","level":"warning","event":"urllib3 (2.6.3) or chardet (6.0.0.post1)/charset_normalizer (3.4.6) doesn't match a supported version!","category":"UserWarning","filename":"/home/airflow/.local/lib/python3.13/site-packages/snowflake/connector/vendored/requests/__init__.py","lineno":113,"logger":"py.warnings"}
{"timestamp":"2026-04-13T12:45:13.196249Z","level":"warning","event":"Setting email on a task is deprecated; please migrate to SmtpNotifier.","category":"UserWarning","filename":"/home/airflow/.local/lib/python3.13/site-packages/airflow/providers/standard/operators/python.py","lineno":190,"logger":"py.warnings"}
{"timestamp":"2026-04-13T12:45:13.196623Z","level":"warning","event":"Setting email_on_retry on a task is deprecated; please migrate to SmtpNotifier.","category":"UserWarning","filename":"/home/airflow/.local/lib/python3.13/site-packages/airflow/providers/standard/operators/python.py","lineno":190,"logger":"py.warnings"}
{"timestamp":"2026-04-13T12:45:13.196951Z","level":"warning","event":"Setting email_on_failure on a task is deprecated; please migrate to SmtpNotifier.","category":"UserWarning","filename":"/home/airflow/.local/lib/python3.13/site-packages/airflow/providers/standard/operators/python.py","lineno":190,"logger":"py.warnings"}
{"timestamp":"2026-04-13T12:45:13.197271Z","level":"warning","event":"Setting email on a task is deprecated; please migrate to SmtpNotifier.","category":"UserWarning","filename":"/home/airflow/.local/lib/python3.13/site-packages/airflow/providers/dbt/cloud/operators/dbt.py","lineno":131,"logger":"py.warnings"}
{"timestamp":"2026-04-13T12:45:13.197575Z","level":"warning","event":"Setting email_on_retry on a task is deprecated; please migrate to SmtpNotifier.","category":"UserWarning","filename":"/home/airflow/.local/lib/python3.13/site-packages/airflow/providers/dbt/cloud/operators/dbt.py","lineno":131,"logger":"py.warnings"}
{"timestamp":"2026-04-13T12:45:13.197920Z","level":"warning","event":"Setting email_on_failure on a task is deprecated; please migrate to SmtpNotifier.","category":"UserWarning","filename":"/home/airflow/.local/lib/python3.13/site-packages/airflow/providers/dbt/cloud/operators/dbt.py","lineno":131,"logger":"py.warnings"}
{"timestamp":"2026-04-13T12:45:13.664871Z","level":"info","event":"Task instance is in running state","logger":"task.stdout"}
{"timestamp":"2026-04-13T12:45:13.665256Z","level":"info","event":" Previous state of the Task instance: TaskInstanceState.QUEUED","logger":"task.stdout"}
{"timestamp":"2026-04-13T12:45:13.670137Z","level":"info","event":"Current task name:ingest_source_s3_datasets","logger":"task.stdout"}
{"timestamp":"2026-04-13T12:45:13.670502Z","level":"info","event":"Dag name:supplychain360_dag","logger":"task.stdout"}
{"timestamp":"2026-04-13T12:45:13.674383Z","level":"info","event":"2026-04-13 12:45:13 | include.load.ingest_s3_datasets | INFO | [line:24] | Processing S3 Dataset: suppliers","logger":"task.stdout"}
{"timestamp":"2026-04-13T12:45:13.677276Z","level":"info","event":"2026-04-13 12:45:13 | include.extract.fetch_s3 | INFO | [line:21] | Fetching csv data from s3://supplychain360-data/raw/suppliers/suppliers.csv","logger":"task.stdout"}
{"timestamp":"2026-04-13T12:45:13.953919Z","level":"info","event":"AWS Connection (conn_id='aws_source', conn_type='aws') credentials retrieved from login and password.","logger":"airflow.providers.amazon.aws.utils.connection_wrapper.AwsConnectionWrapper","filename":"connection_wrapper.py","lineno":331}
{"timestamp":"2026-04-13T12:45:14.065992Z","level":"info","event":"2026-04-13 12:45:14 | include.utils.retry | WARNING | [line:30] | Following arguments are not supported in distributed mode with engine `EngineEnum.RAY`: `boto3_session`., Retrying in 5 seconds...","logger":"task.stdout"}
{"timestamp":"2026-04-13T12:45:18.430996Z","level":"info","event":"2026-04-13 12:45:18 | include.extract.fetch_s3 | INFO | [line:21] | Fetching csv data from s3://supplychain360-data/raw/suppliers/suppliers.csv","logger":"task.stdout"}
{"timestamp":"2026-04-13T12:45:18.465655Z","level":"info","event":"AWS Connection (conn_id='aws_source', conn_type='aws') credentials retrieved from login and password.","logger":"airflow.providers.amazon.aws.utils.connection_wrapper.AwsConnectionWrapper","filename":"connection_wrapper.py","lineno":331}
{"timestamp":"2026-04-13T12:45:18.553749Z","level":"info","event":"2026-04-13 12:45:18 | include.utils.retry | WARNING | [line:30] | Following arguments are not supported in distributed mode with engine `EngineEnum.RAY`: `boto3_session`., Retrying in 10 seconds...","logger":"task.stdout"}
{"timestamp":"2026-04-13T12:45:28.555130Z","level":"info","event":"2026-04-13 12:45:28 | include.extract.fetch_s3 | INFO | [line:21] | Fetching csv data from s3://supplychain360-data/raw/suppliers/suppliers.csv","logger":"task.stdout"}
{"timestamp":"2026-04-13T12:45:28.626451Z","level":"info","event":"AWS Connection (conn_id='aws_source', conn_type='aws') credentials retrieved from login and password.","logger":"airflow.providers.amazon.aws.utils.connection_wrapper.AwsConnectionWrapper","filename":"connection_wrapper.py","lineno":331}
{"timestamp":"2026-04-13T12:45:28.669599Z","level":"info","event":"2026-04-13 12:45:28 | include.load.ingest_s3_datasets | ERROR | [line:47] | Failed to ingest S3 dataset suppliers: Following arguments are not supported in distributed mode with engine `EngineEnum.RAY`: `boto3_session`.","logger":"task.stdout"}
{"timestamp":"2026-04-13T12:45:28.670121Z","level":"info","event":"2026-04-13 12:45:28 | include.load.ingest_s3_datasets | INFO | [line:24] | Processing S3 Dataset: warehouses","logger":"task.stdout"}
{"timestamp":"2026-04-13T12:45:28.670416Z","level":"info","event":"2026-04-13 12:45:28 | include.extract.fetch_s3 | INFO | [line:21] | Fetching csv data from s3://supplychain360-data/raw/warehouses/warehouses.csv","logger":"task.stdout"}
{"timestamp":"2026-04-13T12:45:28.694895Z","level":"info","event":"AWS Connection (conn_id='aws_source', conn_type='aws') credentials retrieved from login and password.","logger":"airflow.providers.amazon.aws.utils.connection_wrapper.AwsConnectionWrapper","filename":"connection_wrapper.py","lineno":331}
{"timestamp":"2026-04-13T12:45:28.746224Z","level":"info","event":"2026-04-13 12:45:28 | include.utils.retry | WARNING | [line:30] | Following arguments are not supported in distributed mode with engine `EngineEnum.RAY`: `boto3_session`., Retrying in 5 seconds...","logger":"task.stdout"}
{"timestamp":"2026-04-13T12:45:33.747265Z","level":"info","event":"2026-04-13 12:45:33 | include.extract.fetch_s3 | INFO | [line:21] | Fetching csv data from s3://supplychain360-data/raw/warehouses/warehouses.csv","logger":"task.stdout"}
{"timestamp":"2026-04-13T12:45:33.795678Z","level":"info","event":"AWS Connection (conn_id='aws_source', conn_type='aws') credentials retrieved from login and password.","logger":"airflow.providers.amazon.aws.utils.connection_wrapper.AwsConnectionWrapper","filename":"connection_wrapper.py","lineno":331}
{"timestamp":"2026-04-13T12:45:33.847761Z","level":"info","event":"2026-04-13 12:45:33 | include.utils.retry | WARNING | [line:30] | Following arguments are not supported in distributed mode with engine `EngineEnum.RAY`: `boto3_session`., Retrying in 10 seconds...","logger":"task.stdout"}
{"timestamp":"2026-04-13T12:45:43.848433Z","level":"info","event":"2026-04-13 12:45:43 | include.extract.fetch_s3 | INFO | [line:21] | Fetching csv data from s3://supplychain360-data/raw/warehouses/warehouses.csv","logger":"task.stdout"}
{"timestamp":"2026-04-13T12:45:43.952843Z","level":"info","event":"AWS Connection (conn_id='aws_source', conn_type='aws') credentials retrieved from login and password.","logger":"airflow.providers.amazon.aws.utils.connection_wrapper.AwsConnectionWrapper","filename":"connection_wrapper.py","lineno":331}
{"timestamp":"2026-04-13T12:45:44.009185Z","level":"info","event":"2026-04-13 12:45:44 | include.load.ingest_s3_datasets | ERROR | [line:47] | Failed to ingest S3 dataset warehouses: Following arguments are not supported in distributed mode with engine `EngineEnum.RAY`: `boto3_session`.","logger":"task.stdout"}
{"timestamp":"2026-04-13T12:45:44.009742Z","level":"info","event":"2026-04-13 12:45:44 | include.load.ingest_s3_datasets | INFO | [line:24] | Processing S3 Dataset: products","logger":"task.stdout"}
{"timestamp":"2026-04-13T12:45:44.009990Z","level":"info","event":"2026-04-13 12:45:44 | include.extract.fetch_s3 | INFO | [line:21] | Fetching csv data from s3://supplychain360-data/raw/products/products.csv","logger":"task.stdout"}
{"timestamp":"2026-04-13T12:45:44.032494Z","level":"info","event":"AWS Connection (conn_id='aws_source', conn_type='aws') credentials retrieved from login and password.","logger":"airflow.providers.amazon.aws.utils.connection_wrapper.AwsConnectionWrapper","filename":"connection_wrapper.py","lineno":331}
{"timestamp":"2026-04-13T12:45:44.087324Z","level":"info","event":"2026-04-13 12:45:44 | include.utils.retry | WARNING | [line:30] | Following arguments are not supported in distributed mode with engine `EngineEnum.RAY`: `boto3_session`., Retrying in 5 seconds...","logger":"task.stdout"}
{"timestamp":"2026-04-13T12:45:48.409737Z","level":"info","event":"2026-04-13 12:45:48 | include.extract.fetch_s3 | INFO | [line:21] | Fetching csv data from s3://supplychain360-data/raw/products/products.csv","logger":"task.stdout"}
{"timestamp":"2026-04-13T12:45:48.520784Z","level":"info","event":"AWS Connection (conn_id='aws_source', conn_type='aws') credentials retrieved from login and password.","logger":"airflow.providers.amazon.aws.utils.connection_wrapper.AwsConnectionWrapper","filename":"connection_wrapper.py","lineno":331}
{"timestamp":"2026-04-13T12:45:48.615833Z","level":"info","event":"2026-04-13 12:45:48 | include.utils.retry | WARNING | [line:30] | Following arguments are not supported in distributed mode with engine `EngineEnum.RAY`: `boto3_session`., Retrying in 10 seconds...","logger":"task.stdout"}
{"timestamp":"2026-04-13T12:45:58.616914Z","level":"info","event":"2026-04-13 12:45:58 | include.extract.fetch_s3 | INFO | [line:21] | Fetching csv data from s3://supplychain360-data/raw/products/products.csv","logger":"task.stdout"}
{"timestamp":"2026-04-13T12:45:58.717875Z","level":"info","event":"AWS Connection (conn_id='aws_source', conn_type='aws') credentials retrieved from login and password.","logger":"airflow.providers.amazon.aws.utils.connection_wrapper.AwsConnectionWrapper","filename":"connection_wrapper.py","lineno":331}
{"timestamp":"2026-04-13T12:45:58.769819Z","level":"info","event":"2026-04-13 12:45:58 | include.load.ingest_s3_datasets | ERROR | [line:47] | Failed to ingest S3 dataset products: Following arguments are not supported in distributed mode with engine `EngineEnum.RAY`: `boto3_session`.","logger":"task.stdout"}
{"timestamp":"2026-04-13T12:45:58.770584Z","level":"info","event":"2026-04-13 12:45:58 | include.load.ingest_s3_datasets | INFO | [line:24] | Processing S3 Dataset: inventory","logger":"task.stdout"}
{"timestamp":"2026-04-13T12:45:58.770875Z","level":"info","event":"2026-04-13 12:45:58 | include.extract.fetch_s3 | INFO | [line:21] | Fetching csv data from s3://supplychain360-data/raw/inventory/","logger":"task.stdout"}
{"timestamp":"2026-04-13T12:45:58.798145Z","level":"info","event":"AWS Connection (conn_id='aws_source', conn_type='aws') credentials retrieved from login and password.","logger":"airflow.providers.amazon.aws.utils.connection_wrapper.AwsConnectionWrapper","filename":"connection_wrapper.py","lineno":331}
{"timestamp":"2026-04-13T12:45:58.850734Z","level":"info","event":"2026-04-13 12:45:58 | include.utils.retry | WARNING | [line:30] | Following arguments are not supported in distributed mode with engine `EngineEnum.RAY`: `boto3_session`., Retrying in 5 seconds...","logger":"task.stdout"}
{"timestamp":"2026-04-13T12:46:03.852489Z","level":"info","event":"2026-04-13 12:46:03 | include.extract.fetch_s3 | INFO | [line:21] | Fetching csv data from s3://supplychain360-data/raw/inventory/","logger":"task.stdout"}
{"timestamp":"2026-04-13T12:46:03.910887Z","level":"info","event":"AWS Connection (conn_id='aws_source', conn_type='aws') credentials retrieved from login and password.","logger":"airflow.providers.amazon.aws.utils.connection_wrapper.AwsConnectionWrapper","filename":"connection_wrapper.py","lineno":331}
{"timestamp":"2026-04-13T12:46:03.982521Z","level":"info","event":"2026-04-13 12:46:03 | include.utils.retry | WARNING | [line:30] | Following arguments are not supported in distributed mode with engine `EngineEnum.RAY`: `boto3_session`., Retrying in 10 seconds...","logger":"task.stdout"}
{"timestamp":"2026-04-13T12:46:13.983371Z","level":"info","event":"2026-04-13 12:46:13 | include.extract.fetch_s3 | INFO | [line:21] | Fetching csv data from s3://supplychain360-data/raw/inventory/","logger":"task.stdout"}
{"timestamp":"2026-04-13T12:46:14.033884Z","level":"info","event":"AWS Connection (conn_id='aws_source', conn_type='aws') credentials retrieved from login and password.","logger":"airflow.providers.amazon.aws.utils.connection_wrapper.AwsConnectionWrapper","filename":"connection_wrapper.py","lineno":331}
{"timestamp":"2026-04-13T12:46:14.089662Z","level":"info","event":"2026-04-13 12:46:14 | include.load.ingest_s3_datasets | ERROR | [line:47] | Failed to ingest S3 dataset inventory: Following arguments are not supported in distributed mode with engine `EngineEnum.RAY`: `boto3_session`.","logger":"task.stdout"}
{"timestamp":"2026-04-13T12:46:14.090148Z","level":"info","event":"2026-04-13 12:46:14 | include.load.ingest_s3_datasets | INFO | [line:24] | Processing S3 Dataset: shipments","logger":"task.stdout"}
{"timestamp":"2026-04-13T12:46:14.090361Z","level":"info","event":"2026-04-13 12:46:14 | include.extract.fetch_s3 | INFO | [line:21] | Fetching json data from s3://supplychain360-data/raw/shipments/","logger":"task.stdout"}
{"timestamp":"2026-04-13T12:46:14.120492Z","level":"info","event":"AWS Connection (conn_id='aws_source', conn_type='aws') credentials retrieved from login and password.","logger":"airflow.providers.amazon.aws.utils.connection_wrapper.AwsConnectionWrapper","filename":"connection_wrapper.py","lineno":331}
{"timestamp":"2026-04-13T12:46:14.186995Z","level":"info","event":"2026-04-13 12:46:14 | include.utils.retry | WARNING | [line:30] | Following arguments are not supported in distributed mode with engine `EngineEnum.RAY`: `boto3_session`., Retrying in 5 seconds...","logger":"task.stdout"}
{"timestamp":"2026-04-13T12:46:18.530757Z","level":"info","event":"2026-04-13 12:46:18 | include.extract.fetch_s3 | INFO | [line:21] | Fetching json data from s3://supplychain360-data/raw/shipments/","logger":"task.stdout"}
{"timestamp":"2026-04-13T12:46:18.637442Z","level":"info","event":"AWS Connection (conn_id='aws_source', conn_type='aws') credentials retrieved from login and password.","logger":"airflow.providers.amazon.aws.utils.connection_wrapper.AwsConnectionWrapper","filename":"connection_wrapper.py","lineno":331}
{"timestamp":"2026-04-13T12:46:18.702922Z","level":"info","event":"2026-04-13 12:46:18 | include.utils.retry | WARNING | [line:30] | Following arguments are not supported in distributed mode with engine `EngineEnum.RAY`: `boto3_session`., Retrying in 10 seconds...","logger":"task.stdout"}
{"timestamp":"2026-04-13T12:46:28.704816Z","level":"info","event":"2026-04-13 12:46:28 | include.extract.fetch_s3 | INFO | [line:21] | Fetching json data from s3://supplychain360-data/raw/shipments/","logger":"task.stdout"}
{"timestamp":"2026-04-13T12:46:28.758822Z","level":"info","event":"AWS Connection (conn_id='aws_source', conn_type='aws') credentials retrieved from login and password.","logger":"airflow.providers.amazon.aws.utils.connection_wrapper.AwsConnectionWrapper","filename":"connection_wrapper.py","lineno":331}
{"timestamp":"2026-04-13T12:46:28.819635Z","level":"info","event":"2026-04-13 12:46:28 | include.load.ingest_s3_datasets | ERROR | [line:47] | Failed to ingest S3 dataset shipments: Following arguments are not supported in distributed mode with engine `EngineEnum.RAY`: `boto3_session`.","logger":"task.stdout"}
{"timestamp":"2026-04-13T12:46:28.820134Z","level":"info","event":"Done. Returned value was: None","logger":"airflow.task.operators.airflow.providers.standard.operators.python.PythonOperator","filename":"python.py","lineno":229}
{"timestamp":"2026-04-13T12:46:28.865612Z","level":"info","event":"Task instance in success state","logger":"task.stdout"}
{"timestamp":"2026-04-13T12:46:28.865991Z","level":"info","event":" Previous state of the Task instance: TaskInstanceState.RUNNING","logger":"task.stdout"}
{"timestamp":"2026-04-13T12:46:28.866716Z","level":"info","event":"Task operator:<Task(PythonOperator): ingest_source_s3_datasets>","logger":"task.stdout"}
