{"timestamp":"2026-04-14T05:05:49.511371Z","level":"info","event":"DAG bundles loaded: dags-folder, example_dags","logger":"airflow.dag_processing.bundles.manager.DagBundlesManager","filename":"manager.py","lineno":209}
{"timestamp":"2026-04-14T05:05:49.513853Z","level":"info","event":"Filling up the DagBag from /opt/airflow/dags/supplychain360.py","logger":"airflow.dag_processing.dagbag.BundleDagBag","filename":"dagbag.py","lineno":469}
{"timestamp":"2026-04-14T05:05:58.768493Z","level":"warning","event":"urllib3 (2.6.3) or chardet (6.0.0.post1)/charset_normalizer (3.4.6) doesn't match a supported version!","category":"UserWarning","filename":"/home/airflow/.local/lib/python3.13/site-packages/snowflake/connector/vendored/requests/__init__.py","lineno":113,"logger":"py.warnings"}
{"timestamp":"2026-04-14T05:05:58.768752Z","level":"warning","event":"Setting email on a task is deprecated; please migrate to SmtpNotifier.","category":"UserWarning","filename":"/home/airflow/.local/lib/python3.13/site-packages/airflow/providers/standard/operators/python.py","lineno":190,"logger":"py.warnings"}
{"timestamp":"2026-04-14T05:05:58.768928Z","level":"warning","event":"Setting email_on_retry on a task is deprecated; please migrate to SmtpNotifier.","category":"UserWarning","filename":"/home/airflow/.local/lib/python3.13/site-packages/airflow/providers/standard/operators/python.py","lineno":190,"logger":"py.warnings"}
{"timestamp":"2026-04-14T05:05:58.769078Z","level":"warning","event":"Setting email_on_failure on a task is deprecated; please migrate to SmtpNotifier.","category":"UserWarning","filename":"/home/airflow/.local/lib/python3.13/site-packages/airflow/providers/standard/operators/python.py","lineno":190,"logger":"py.warnings"}
{"timestamp":"2026-04-14T05:05:58.769238Z","level":"warning","event":"Setting email on a task is deprecated; please migrate to SmtpNotifier.","category":"UserWarning","filename":"/home/airflow/.local/lib/python3.13/site-packages/airflow/providers/dbt/cloud/operators/dbt.py","lineno":131,"logger":"py.warnings"}
{"timestamp":"2026-04-14T05:05:58.769392Z","level":"warning","event":"Setting email_on_retry on a task is deprecated; please migrate to SmtpNotifier.","category":"UserWarning","filename":"/home/airflow/.local/lib/python3.13/site-packages/airflow/providers/dbt/cloud/operators/dbt.py","lineno":131,"logger":"py.warnings"}
{"timestamp":"2026-04-14T05:05:58.769545Z","level":"warning","event":"Setting email_on_failure on a task is deprecated; please migrate to SmtpNotifier.","category":"UserWarning","filename":"/home/airflow/.local/lib/python3.13/site-packages/airflow/providers/dbt/cloud/operators/dbt.py","lineno":131,"logger":"py.warnings"}
{"timestamp":"2026-04-14T05:05:58.884970Z","level":"info","event":"Task instance is in running state","logger":"task.stdout"}
{"timestamp":"2026-04-14T05:05:58.885185Z","level":"info","event":" Previous state of the Task instance: TaskInstanceState.QUEUED","logger":"task.stdout"}
{"timestamp":"2026-04-14T05:05:58.885400Z","level":"info","event":"Current task name:ingest_google_sheets","logger":"task.stdout"}
{"timestamp":"2026-04-14T05:05:58.885517Z","level":"info","event":"Dag name:supplychain360_dag","logger":"task.stdout"}
{"timestamp":"2026-04-14T05:05:58.888516Z","level":"info","event":"2026-04-14 05:05:58 | include.load.supplychain_ingestion | INFO | [line:13] | Starting Master Data Ingestion (Google Sheets)...","logger":"task.stdout"}
{"timestamp":"2026-04-14T05:05:58.889468Z","level":"info","event":"2026-04-14 05:05:58 | include.extract.google_sheets | INFO | [line:27] | Fetching from Google Sheet: 164vMPKEZARKeGf1AHyJl33gmkbtUpPfz00hSWd2x1io | Range: Sheet1!A1:F1000","logger":"task.stdout"}
{"timestamp":"2026-04-14T05:06:00.611654Z","level":"info","event":"2026-04-14 05:06:00 | include.extract.google_sheets | INFO | [line:54] | Successfully extracted 800 rows.","logger":"task.stdout"}
{"timestamp":"2026-04-14T05:06:00.693711Z","level":"info","event":"AWS Connection (conn_id='aws_destination', conn_type='aws') credentials retrieved from login and password.","logger":"airflow.providers.amazon.aws.utils.connection_wrapper.AwsConnectionWrapper","filename":"connection_wrapper.py","lineno":331}
{"timestamp":"2026-04-14T05:06:01.207171Z","level":"info","event":"2026-04-14 05:06:01 | include.utils.write_to_s3 | INFO | [line:47] | Successfully wrote 800 rows to s3://supplychain360-raw-dev/raw/master_data/store_locations.parquet","logger":"task.stdout"}
{"timestamp":"2026-04-14T05:06:01.207480Z","level":"info","event":"Done. Returned value was: None","logger":"airflow.task.operators.airflow.providers.standard.operators.python.PythonOperator","filename":"python.py","lineno":229}
{"timestamp":"2026-04-14T05:06:01.272912Z","level":"info","event":"Task instance in success state","logger":"task.stdout"}
{"timestamp":"2026-04-14T05:06:01.273102Z","level":"info","event":" Previous state of the Task instance: TaskInstanceState.RUNNING","logger":"task.stdout"}
{"timestamp":"2026-04-14T05:06:01.273269Z","level":"info","event":"Task operator:<Task(PythonOperator): ingest_google_sheets>","logger":"task.stdout"}
