{"timestamp":"2026-04-13T05:17:30.238268Z","level":"info","event":"DAG bundles loaded: dags-folder, example_dags","logger":"airflow.dag_processing.bundles.manager.DagBundlesManager","filename":"manager.py","lineno":209}
{"timestamp":"2026-04-13T05:17:30.241462Z","level":"info","event":"Filling up the DagBag from /opt/airflow/dags/supplychain360.py","logger":"airflow.dag_processing.dagbag.BundleDagBag","filename":"dagbag.py","lineno":469}
{"timestamp":"2026-04-13T05:17:57.181024Z","level":"warning","event":"urllib3 (2.6.3) or chardet (6.0.0.post1)/charset_normalizer (3.4.6) doesn't match a supported version!","category":"UserWarning","filename":"/home/airflow/.local/lib/python3.13/site-packages/snowflake/connector/vendored/requests/__init__.py","lineno":113,"logger":"py.warnings"}
{"timestamp":"2026-04-13T05:17:57.181631Z","level":"warning","event":"Setting email on a task is deprecated; please migrate to SmtpNotifier.","category":"UserWarning","filename":"/home/airflow/.local/lib/python3.13/site-packages/airflow/providers/standard/operators/python.py","lineno":190,"logger":"py.warnings"}
{"timestamp":"2026-04-13T05:17:57.181977Z","level":"warning","event":"Setting email_on_retry on a task is deprecated; please migrate to SmtpNotifier.","category":"UserWarning","filename":"/home/airflow/.local/lib/python3.13/site-packages/airflow/providers/standard/operators/python.py","lineno":190,"logger":"py.warnings"}
{"timestamp":"2026-04-13T05:17:57.182286Z","level":"warning","event":"Setting email_on_failure on a task is deprecated; please migrate to SmtpNotifier.","category":"UserWarning","filename":"/home/airflow/.local/lib/python3.13/site-packages/airflow/providers/standard/operators/python.py","lineno":190,"logger":"py.warnings"}
{"timestamp":"2026-04-13T05:17:57.182638Z","level":"warning","event":"Setting email on a task is deprecated; please migrate to SmtpNotifier.","category":"UserWarning","filename":"/home/airflow/.local/lib/python3.13/site-packages/airflow/providers/dbt/cloud/operators/dbt.py","lineno":131,"logger":"py.warnings"}
{"timestamp":"2026-04-13T05:17:57.182978Z","level":"warning","event":"Setting email_on_retry on a task is deprecated; please migrate to SmtpNotifier.","category":"UserWarning","filename":"/home/airflow/.local/lib/python3.13/site-packages/airflow/providers/dbt/cloud/operators/dbt.py","lineno":131,"logger":"py.warnings"}
{"timestamp":"2026-04-13T05:17:57.183278Z","level":"warning","event":"Setting email_on_failure on a task is deprecated; please migrate to SmtpNotifier.","category":"UserWarning","filename":"/home/airflow/.local/lib/python3.13/site-packages/airflow/providers/dbt/cloud/operators/dbt.py","lineno":131,"logger":"py.warnings"}
{"timestamp":"2026-04-13T05:17:57.510673Z","level":"info","event":"Task instance is in running state","logger":"task.stdout"}
{"timestamp":"2026-04-13T05:17:57.510986Z","level":"info","event":" Previous state of the Task instance: TaskInstanceState.QUEUED","logger":"task.stdout"}
{"timestamp":"2026-04-13T05:17:57.511432Z","level":"info","event":"Current task name:ingest_source_s3_datasets","logger":"task.stdout"}
{"timestamp":"2026-04-13T05:17:57.511647Z","level":"info","event":"Dag name:supplychain360_dag","logger":"task.stdout"}
{"timestamp":"2026-04-13T05:17:57.518634Z","level":"info","event":"2026-04-13 05:17:57 | include.load.ingest_s3_datasets | INFO | [line:24] | Processing S3 Dataset: suppliers","logger":"task.stdout"}
{"timestamp":"2026-04-13T05:17:57.520109Z","level":"info","event":"2026-04-13 05:17:57 | include.utils.retry | WARNING | [line:30] | module 'include.utils.config' has no attribute 'PROJECT_S3_BUCKET_NAME', Retrying in 5 seconds...","logger":"task.stdout"}
{"timestamp":"2026-04-13T05:18:02.520749Z","level":"info","event":"2026-04-13 05:18:02 | include.utils.retry | WARNING | [line:30] | module 'include.utils.config' has no attribute 'PROJECT_S3_BUCKET_NAME', Retrying in 10 seconds...","logger":"task.stdout"}
{"timestamp":"2026-04-13T05:18:13.402905Z","level":"info","event":"2026-04-13 05:18:13 | include.load.ingest_s3_datasets | ERROR | [line:47] | Failed to ingest S3 dataset suppliers: module 'include.utils.config' has no attribute 'PROJECT_S3_BUCKET_NAME'","logger":"task.stdout"}
{"timestamp":"2026-04-13T05:18:13.403485Z","level":"info","event":"2026-04-13 05:18:13 | include.load.ingest_s3_datasets | INFO | [line:24] | Processing S3 Dataset: warehouses","logger":"task.stdout"}
{"timestamp":"2026-04-13T05:18:13.403645Z","level":"info","event":"2026-04-13 05:18:13 | include.utils.retry | WARNING | [line:30] | module 'include.utils.config' has no attribute 'PROJECT_S3_BUCKET_NAME', Retrying in 5 seconds...","logger":"task.stdout"}
{"timestamp":"2026-04-13T05:18:18.404003Z","level":"info","event":"2026-04-13 05:18:18 | include.utils.retry | WARNING | [line:30] | module 'include.utils.config' has no attribute 'PROJECT_S3_BUCKET_NAME', Retrying in 10 seconds...","logger":"task.stdout"}
{"timestamp":"2026-04-13T05:18:28.404684Z","level":"info","event":"2026-04-13 05:18:28 | include.load.ingest_s3_datasets | ERROR | [line:47] | Failed to ingest S3 dataset warehouses: module 'include.utils.config' has no attribute 'PROJECT_S3_BUCKET_NAME'","logger":"task.stdout"}
{"timestamp":"2026-04-13T05:18:28.405247Z","level":"info","event":"2026-04-13 05:18:28 | include.load.ingest_s3_datasets | INFO | [line:24] | Processing S3 Dataset: products","logger":"task.stdout"}
{"timestamp":"2026-04-13T05:18:28.405509Z","level":"info","event":"2026-04-13 05:18:28 | include.utils.retry | WARNING | [line:30] | module 'include.utils.config' has no attribute 'PROJECT_S3_BUCKET_NAME', Retrying in 5 seconds...","logger":"task.stdout"}
{"timestamp":"2026-04-13T05:18:33.405924Z","level":"info","event":"2026-04-13 05:18:33 | include.utils.retry | WARNING | [line:30] | module 'include.utils.config' has no attribute 'PROJECT_S3_BUCKET_NAME', Retrying in 10 seconds...","logger":"task.stdout"}
{"timestamp":"2026-04-13T05:18:44.290193Z","level":"info","event":"2026-04-13 05:18:44 | include.load.ingest_s3_datasets | ERROR | [line:47] | Failed to ingest S3 dataset products: module 'include.utils.config' has no attribute 'PROJECT_S3_BUCKET_NAME'","logger":"task.stdout"}
{"timestamp":"2026-04-13T05:18:44.290744Z","level":"info","event":"2026-04-13 05:18:44 | include.load.ingest_s3_datasets | INFO | [line:24] | Processing S3 Dataset: inventory","logger":"task.stdout"}
{"timestamp":"2026-04-13T05:18:44.291005Z","level":"info","event":"2026-04-13 05:18:44 | include.utils.retry | WARNING | [line:30] | module 'include.utils.config' has no attribute 'PROJECT_S3_BUCKET_NAME', Retrying in 5 seconds...","logger":"task.stdout"}
{"timestamp":"2026-04-13T05:18:49.291476Z","level":"info","event":"2026-04-13 05:18:49 | include.utils.retry | WARNING | [line:30] | module 'include.utils.config' has no attribute 'PROJECT_S3_BUCKET_NAME', Retrying in 10 seconds...","logger":"task.stdout"}
{"timestamp":"2026-04-13T05:18:59.293106Z","level":"info","event":"2026-04-13 05:18:59 | include.load.ingest_s3_datasets | ERROR | [line:47] | Failed to ingest S3 dataset inventory: module 'include.utils.config' has no attribute 'PROJECT_S3_BUCKET_NAME'","logger":"task.stdout"}
{"timestamp":"2026-04-13T05:18:59.293853Z","level":"info","event":"2026-04-13 05:18:59 | include.load.ingest_s3_datasets | INFO | [line:24] | Processing S3 Dataset: shipments","logger":"task.stdout"}
{"timestamp":"2026-04-13T05:18:59.294121Z","level":"info","event":"2026-04-13 05:18:59 | include.utils.retry | WARNING | [line:30] | module 'include.utils.config' has no attribute 'PROJECT_S3_BUCKET_NAME', Retrying in 5 seconds...","logger":"task.stdout"}
{"timestamp":"2026-04-13T05:19:04.295018Z","level":"info","event":"2026-04-13 05:19:04 | include.utils.retry | WARNING | [line:30] | module 'include.utils.config' has no attribute 'PROJECT_S3_BUCKET_NAME', Retrying in 10 seconds...","logger":"task.stdout"}
{"timestamp":"2026-04-13T05:19:14.295994Z","level":"info","event":"2026-04-13 05:19:14 | include.load.ingest_s3_datasets | ERROR | [line:47] | Failed to ingest S3 dataset shipments: module 'include.utils.config' has no attribute 'PROJECT_S3_BUCKET_NAME'","logger":"task.stdout"}
{"timestamp":"2026-04-13T05:19:14.296451Z","level":"info","event":"Done. Returned value was: None","logger":"airflow.task.operators.airflow.providers.standard.operators.python.PythonOperator","filename":"python.py","lineno":229}
{"timestamp":"2026-04-13T05:19:14.425153Z","level":"info","event":"Task instance in success state","logger":"task.stdout"}
{"timestamp":"2026-04-13T05:19:14.425495Z","level":"info","event":" Previous state of the Task instance: TaskInstanceState.RUNNING","logger":"task.stdout"}
{"timestamp":"2026-04-13T05:19:14.425792Z","level":"info","event":"Task operator:<Task(PythonOperator): ingest_source_s3_datasets>","logger":"task.stdout"}
