{"timestamp":"2026-04-14T07:01:33.609068Z","level":"info","event":"DAG bundles loaded: dags-folder, example_dags","logger":"airflow.dag_processing.bundles.manager.DagBundlesManager","filename":"manager.py","lineno":209}
{"timestamp":"2026-04-14T07:01:33.615794Z","level":"info","event":"Filling up the DagBag from /opt/airflow/dags/supplychain360.py","logger":"airflow.dag_processing.dagbag.BundleDagBag","filename":"dagbag.py","lineno":469}
{"timestamp":"2026-04-14T07:02:00.564958Z","level":"warning","event":"urllib3 (2.6.3) or chardet (6.0.0.post1)/charset_normalizer (3.4.6) doesn't match a supported version!","category":"UserWarning","filename":"/home/airflow/.local/lib/python3.13/site-packages/snowflake/connector/vendored/requests/__init__.py","lineno":113,"logger":"py.warnings"}
{"timestamp":"2026-04-14T07:02:00.565397Z","level":"warning","event":"Setting email on a task is deprecated; please migrate to SmtpNotifier.","category":"UserWarning","filename":"/home/airflow/.local/lib/python3.13/site-packages/airflow/providers/standard/operators/python.py","lineno":190,"logger":"py.warnings"}
{"timestamp":"2026-04-14T07:02:00.565738Z","level":"warning","event":"Setting email_on_retry on a task is deprecated; please migrate to SmtpNotifier.","category":"UserWarning","filename":"/home/airflow/.local/lib/python3.13/site-packages/airflow/providers/standard/operators/python.py","lineno":190,"logger":"py.warnings"}
{"timestamp":"2026-04-14T07:02:00.565984Z","level":"warning","event":"Setting email_on_failure on a task is deprecated; please migrate to SmtpNotifier.","category":"UserWarning","filename":"/home/airflow/.local/lib/python3.13/site-packages/airflow/providers/standard/operators/python.py","lineno":190,"logger":"py.warnings"}
{"timestamp":"2026-04-14T07:02:00.566259Z","level":"warning","event":"Setting email on a task is deprecated; please migrate to SmtpNotifier.","category":"UserWarning","filename":"/home/airflow/.local/lib/python3.13/site-packages/airflow/providers/dbt/cloud/operators/dbt.py","lineno":131,"logger":"py.warnings"}
{"timestamp":"2026-04-14T07:02:00.566490Z","level":"warning","event":"Setting email_on_retry on a task is deprecated; please migrate to SmtpNotifier.","category":"UserWarning","filename":"/home/airflow/.local/lib/python3.13/site-packages/airflow/providers/dbt/cloud/operators/dbt.py","lineno":131,"logger":"py.warnings"}
{"timestamp":"2026-04-14T07:02:00.566719Z","level":"warning","event":"Setting email_on_failure on a task is deprecated; please migrate to SmtpNotifier.","category":"UserWarning","filename":"/home/airflow/.local/lib/python3.13/site-packages/airflow/providers/dbt/cloud/operators/dbt.py","lineno":131,"logger":"py.warnings"}
{"timestamp":"2026-04-14T07:02:01.719558Z","level":"info","event":"Task instance is in running state","logger":"task.stdout"}
{"timestamp":"2026-04-14T07:02:01.720295Z","level":"info","event":" Previous state of the Task instance: TaskInstanceState.QUEUED","logger":"task.stdout"}
{"timestamp":"2026-04-14T07:02:01.720821Z","level":"info","event":"Current task name:ingest_postgres_sales","logger":"task.stdout"}
{"timestamp":"2026-04-14T07:02:01.721068Z","level":"info","event":"Dag name:supplychain360_dag","logger":"task.stdout"}
{"timestamp":"2026-04-14T07:02:01.741235Z","level":"info","event":"2026-04-14 07:02:01 | include.load.ingest_store_sales | INFO | [line:50] | Starting Incremental Sales Ingestion to Snowflake","logger":"task.stdout"}
{"timestamp":"2026-04-14T07:02:01.745791Z","level":"info","event":"2026-04-14 07:02:01 | include.extract.postgres_sales | INFO | [line:71] | Listing sales tables from source schema public","logger":"task.stdout"}
{"timestamp":"2026-04-14T07:02:01.894239Z","level":"info","event":"AWS Connection (conn_id='aws_source', conn_type='aws') credentials retrieved from login and password.","logger":"airflow.providers.amazon.aws.utils.connection_wrapper.AwsConnectionWrapper","filename":"connection_wrapper.py","lineno":331}
{"timestamp":"2026-04-14T07:02:04.025335Z","level":"info","event":"2026-04-14 07:02:04 | include.extract.postgres_sales | INFO | [line:89] | Discovered 7 sales tables.","logger":"task.stdout"}
{"timestamp":"2026-04-14T07:02:04.090902Z","level":"info","event":"2026-04-14 07:02:04 | include.load.ingest_store_sales | WARNING | [line:41] | Could not fetch metadata from Snowflake (likely table doesn't exist): Password was given but private key is not encrypted.","logger":"task.stdout"}
{"timestamp":"2026-04-14T07:02:04.091365Z","level":"info","event":"2026-04-14 07:02:04 | include.load.ingest_store_sales | INFO | [line:64] | Processing sales_2026_03_10...","logger":"task.stdout"}
{"timestamp":"2026-04-14T07:02:04.091569Z","level":"info","event":"2026-04-14 07:02:04 | include.extract.postgres_sales | INFO | [line:137] | Fetching source sales table public.sales_2026_03_10","logger":"task.stdout"}
{"timestamp":"2026-04-14T07:02:17.501672Z","level":"info","event":"2026-04-14 07:02:17 | include.extract.postgres_sales | INFO | [line:148] | Fetched 200000 rows and 11 columns from sales_2026_03_10","logger":"task.stdout"}
{"timestamp":"2026-04-14T07:02:17.767270Z","level":"info","event":"AWS Connection (conn_id='aws_destination', conn_type='aws') credentials retrieved from login and password.","logger":"airflow.providers.amazon.aws.utils.connection_wrapper.AwsConnectionWrapper","filename":"connection_wrapper.py","lineno":331}
{"timestamp":"2026-04-14T07:02:18.423742Z","level":"info","event":"2026-04-14 07:02:18 | include.load.ingest_store_sales | ERROR | [line:85] | Failed to ingest sales_2026_03_10: (\"Expected bytes, got a 'UUID' object\", 'Conversion failed for column transaction_id with type object')","logger":"task.stdout"}
{"timestamp":"2026-04-14T07:02:18.424144Z","level":"info","event":"2026-04-14 07:02:18 | include.load.ingest_store_sales | INFO | [line:64] | Processing sales_2026_03_11...","logger":"task.stdout"}
{"timestamp":"2026-04-14T07:02:18.424468Z","level":"info","event":"2026-04-14 07:02:18 | include.extract.postgres_sales | INFO | [line:137] | Fetching source sales table public.sales_2026_03_11","logger":"task.stdout"}
{"timestamp":"2026-04-14T07:07:27.562680Z","level":"info","event":"2026-04-14 07:07:27 | include.extract.postgres_sales | INFO | [line:148] | Fetched 200000 rows and 11 columns from sales_2026_03_11","logger":"task.stdout"}
{"timestamp":"2026-04-14T07:07:28.728449Z","level":"info","event":"AWS Connection (conn_id='aws_destination', conn_type='aws') credentials retrieved from login and password.","logger":"airflow.providers.amazon.aws.utils.connection_wrapper.AwsConnectionWrapper","filename":"connection_wrapper.py","lineno":331}
{"timestamp":"2026-04-14T07:07:32.282184Z","level":"info","event":"2026-04-14 07:07:32 | include.load.ingest_store_sales | ERROR | [line:85] | Failed to ingest sales_2026_03_11: (\"Expected bytes, got a 'UUID' object\", 'Conversion failed for column transaction_id with type object')","logger":"task.stdout"}
{"timestamp":"2026-04-14T07:07:32.364176Z","level":"info","event":"2026-04-14 07:07:32 | include.load.ingest_store_sales | INFO | [line:64] | Processing sales_2026_03_12...","logger":"task.stdout"}
{"timestamp":"2026-04-14T07:07:32.364986Z","level":"info","event":"2026-04-14 07:07:32 | include.extract.postgres_sales | INFO | [line:137] | Fetching source sales table public.sales_2026_03_12","logger":"task.stdout"}
{"timestamp":"2026-04-14T07:08:01.297246Z","level":"info","event":"2026-04-14 07:08:01 | include.extract.postgres_sales | INFO | [line:148] | Fetched 200000 rows and 11 columns from sales_2026_03_12","logger":"task.stdout"}
{"timestamp":"2026-04-14T07:08:01.753797Z","level":"info","event":"AWS Connection (conn_id='aws_destination', conn_type='aws') credentials retrieved from login and password.","logger":"airflow.providers.amazon.aws.utils.connection_wrapper.AwsConnectionWrapper","filename":"connection_wrapper.py","lineno":331}
{"timestamp":"2026-04-14T07:08:02.822170Z","level":"info","event":"2026-04-14 07:08:02 | include.load.ingest_store_sales | ERROR | [line:85] | Failed to ingest sales_2026_03_12: (\"Expected bytes, got a 'UUID' object\", 'Conversion failed for column transaction_id with type object')","logger":"task.stdout"}
{"timestamp":"2026-04-14T07:08:02.822570Z","level":"info","event":"2026-04-14 07:08:02 | include.load.ingest_store_sales | INFO | [line:64] | Processing sales_2026_03_13...","logger":"task.stdout"}
{"timestamp":"2026-04-14T07:08:02.822795Z","level":"info","event":"2026-04-14 07:08:02 | include.extract.postgres_sales | INFO | [line:137] | Fetching source sales table public.sales_2026_03_13","logger":"task.stdout"}
{"timestamp":"2026-04-14T07:08:15.458488Z","level":"info","event":"2026-04-14 07:08:15 | include.extract.postgres_sales | INFO | [line:148] | Fetched 200000 rows and 11 columns from sales_2026_03_13","logger":"task.stdout"}
{"timestamp":"2026-04-14T07:08:15.682785Z","level":"info","event":"AWS Connection (conn_id='aws_destination', conn_type='aws') credentials retrieved from login and password.","logger":"airflow.providers.amazon.aws.utils.connection_wrapper.AwsConnectionWrapper","filename":"connection_wrapper.py","lineno":331}
{"timestamp":"2026-04-14T07:08:16.081974Z","level":"info","event":"2026-04-14 07:08:16 | include.load.ingest_store_sales | ERROR | [line:85] | Failed to ingest sales_2026_03_13: (\"Expected bytes, got a 'UUID' object\", 'Conversion failed for column transaction_id with type object')","logger":"task.stdout"}
{"timestamp":"2026-04-14T07:08:16.082369Z","level":"info","event":"2026-04-14 07:08:16 | include.load.ingest_store_sales | INFO | [line:64] | Processing sales_2026_03_14...","logger":"task.stdout"}
{"timestamp":"2026-04-14T07:08:16.082607Z","level":"info","event":"2026-04-14 07:08:16 | include.extract.postgres_sales | INFO | [line:137] | Fetching source sales table public.sales_2026_03_14","logger":"task.stdout"}
{"timestamp":"2026-04-14T07:08:27.636188Z","level":"info","event":"2026-04-14 07:08:27 | include.extract.postgres_sales | INFO | [line:148] | Fetched 200000 rows and 11 columns from sales_2026_03_14","logger":"task.stdout"}
{"timestamp":"2026-04-14T07:08:27.806648Z","level":"info","event":"AWS Connection (conn_id='aws_destination', conn_type='aws') credentials retrieved from login and password.","logger":"airflow.providers.amazon.aws.utils.connection_wrapper.AwsConnectionWrapper","filename":"connection_wrapper.py","lineno":331}
{"timestamp":"2026-04-14T07:08:28.205290Z","level":"info","event":"2026-04-14 07:08:28 | include.load.ingest_store_sales | ERROR | [line:85] | Failed to ingest sales_2026_03_14: (\"Expected bytes, got a 'UUID' object\", 'Conversion failed for column transaction_id with type object')","logger":"task.stdout"}
{"timestamp":"2026-04-14T07:08:28.205648Z","level":"info","event":"2026-04-14 07:08:28 | include.load.ingest_store_sales | INFO | [line:64] | Processing sales_2026_03_15...","logger":"task.stdout"}
{"timestamp":"2026-04-14T07:08:28.205782Z","level":"info","event":"2026-04-14 07:08:28 | include.extract.postgres_sales | INFO | [line:137] | Fetching source sales table public.sales_2026_03_15","logger":"task.stdout"}
{"timestamp":"2026-04-14T07:08:39.338786Z","level":"info","event":"2026-04-14 07:08:39 | include.extract.postgres_sales | INFO | [line:148] | Fetched 200000 rows and 11 columns from sales_2026_03_15","logger":"task.stdout"}
{"timestamp":"2026-04-14T07:08:39.516792Z","level":"info","event":"AWS Connection (conn_id='aws_destination', conn_type='aws') credentials retrieved from login and password.","logger":"airflow.providers.amazon.aws.utils.connection_wrapper.AwsConnectionWrapper","filename":"connection_wrapper.py","lineno":331}
{"timestamp":"2026-04-14T07:08:39.878627Z","level":"info","event":"2026-04-14 07:08:39 | include.load.ingest_store_sales | ERROR | [line:85] | Failed to ingest sales_2026_03_15: (\"Expected bytes, got a 'UUID' object\", 'Conversion failed for column transaction_id with type object')","logger":"task.stdout"}
{"timestamp":"2026-04-14T07:08:39.878959Z","level":"info","event":"2026-04-14 07:08:39 | include.load.ingest_store_sales | INFO | [line:64] | Processing sales_2026_03_16...","logger":"task.stdout"}
{"timestamp":"2026-04-14T07:08:39.879293Z","level":"info","event":"2026-04-14 07:08:39 | include.extract.postgres_sales | INFO | [line:137] | Fetching source sales table public.sales_2026_03_16","logger":"task.stdout"}
{"timestamp":"2026-04-14T07:08:51.265364Z","level":"info","event":"2026-04-14 07:08:51 | include.extract.postgres_sales | INFO | [line:148] | Fetched 200000 rows and 11 columns from sales_2026_03_16","logger":"task.stdout"}
{"timestamp":"2026-04-14T07:08:51.499497Z","level":"info","event":"AWS Connection (conn_id='aws_destination', conn_type='aws') credentials retrieved from login and password.","logger":"airflow.providers.amazon.aws.utils.connection_wrapper.AwsConnectionWrapper","filename":"connection_wrapper.py","lineno":331}
{"timestamp":"2026-04-14T07:08:51.889013Z","level":"info","event":"2026-04-14 07:08:51 | include.load.ingest_store_sales | ERROR | [line:85] | Failed to ingest sales_2026_03_16: (\"Expected bytes, got a 'UUID' object\", 'Conversion failed for column transaction_id with type object')","logger":"task.stdout"}
{"timestamp":"2026-04-14T07:08:51.889079Z","level":"info","event":"Done. Returned value was: None","logger":"airflow.task.operators.airflow.providers.standard.operators.python.PythonOperator","filename":"python.py","lineno":229}
{"timestamp":"2026-04-14T07:08:51.947002Z","level":"info","event":"Task instance in success state","logger":"task.stdout"}
{"timestamp":"2026-04-14T07:08:51.947632Z","level":"info","event":" Previous state of the Task instance: TaskInstanceState.RUNNING","logger":"task.stdout"}
{"timestamp":"2026-04-14T07:08:51.947918Z","level":"info","event":"Task operator:<Task(PythonOperator): ingest_postgres_sales>","logger":"task.stdout"}
