{"timestamp":"2026-04-13T10:30:18.916912Z","level":"info","event":"DAG bundles loaded: dags-folder, example_dags","logger":"airflow.dag_processing.bundles.manager.DagBundlesManager","filename":"manager.py","lineno":209}
{"timestamp":"2026-04-13T10:30:18.937851Z","level":"info","event":"Filling up the DagBag from /opt/airflow/dags/supplychain360.py","logger":"airflow.dag_processing.dagbag.BundleDagBag","filename":"dagbag.py","lineno":469}
{"timestamp":"2026-04-13T10:30:31.931113Z","level":"warning","event":"urllib3 (2.6.3) or chardet (6.0.0.post1)/charset_normalizer (3.4.6) doesn't match a supported version!","category":"UserWarning","filename":"/home/airflow/.local/lib/python3.13/site-packages/snowflake/connector/vendored/requests/__init__.py","lineno":113,"logger":"py.warnings"}
{"timestamp":"2026-04-13T10:30:31.931405Z","level":"warning","event":"Setting email on a task is deprecated; please migrate to SmtpNotifier.","category":"UserWarning","filename":"/home/airflow/.local/lib/python3.13/site-packages/airflow/providers/standard/operators/python.py","lineno":190,"logger":"py.warnings"}
{"timestamp":"2026-04-13T10:30:31.931551Z","level":"warning","event":"Setting email_on_retry on a task is deprecated; please migrate to SmtpNotifier.","category":"UserWarning","filename":"/home/airflow/.local/lib/python3.13/site-packages/airflow/providers/standard/operators/python.py","lineno":190,"logger":"py.warnings"}
{"timestamp":"2026-04-13T10:30:31.931667Z","level":"warning","event":"Setting email_on_failure on a task is deprecated; please migrate to SmtpNotifier.","category":"UserWarning","filename":"/home/airflow/.local/lib/python3.13/site-packages/airflow/providers/standard/operators/python.py","lineno":190,"logger":"py.warnings"}
{"timestamp":"2026-04-13T10:30:31.931773Z","level":"warning","event":"Setting email on a task is deprecated; please migrate to SmtpNotifier.","category":"UserWarning","filename":"/home/airflow/.local/lib/python3.13/site-packages/airflow/providers/dbt/cloud/operators/dbt.py","lineno":131,"logger":"py.warnings"}
{"timestamp":"2026-04-13T10:30:31.931875Z","level":"warning","event":"Setting email_on_retry on a task is deprecated; please migrate to SmtpNotifier.","category":"UserWarning","filename":"/home/airflow/.local/lib/python3.13/site-packages/airflow/providers/dbt/cloud/operators/dbt.py","lineno":131,"logger":"py.warnings"}
{"timestamp":"2026-04-13T10:30:31.932028Z","level":"warning","event":"Setting email_on_failure on a task is deprecated; please migrate to SmtpNotifier.","category":"UserWarning","filename":"/home/airflow/.local/lib/python3.13/site-packages/airflow/providers/dbt/cloud/operators/dbt.py","lineno":131,"logger":"py.warnings"}
{"timestamp":"2026-04-13T10:30:31.967135Z","level":"info","event":"Task instance is in running state","logger":"task.stdout"}
{"timestamp":"2026-04-13T10:30:31.967366Z","level":"info","event":" Previous state of the Task instance: TaskInstanceState.QUEUED","logger":"task.stdout"}
{"timestamp":"2026-04-13T10:30:31.967618Z","level":"info","event":"Current task name:ingest_source_s3_datasets","logger":"task.stdout"}
{"timestamp":"2026-04-13T10:30:31.967778Z","level":"info","event":"Dag name:supplychain360_dag","logger":"task.stdout"}
{"timestamp":"2026-04-13T10:30:31.971089Z","level":"info","event":"2026-04-13 10:30:31 | include.load.ingest_s3_datasets | INFO | [line:24] | Processing S3 Dataset: suppliers","logger":"task.stdout"}
{"timestamp":"2026-04-13T10:30:31.971666Z","level":"info","event":"2026-04-13 10:30:31 | include.utils.retry | WARNING | [line:30] | module 'include.utils.config' has no attribute 'PROJECT_S3_BUCKET_NAME', Retrying in 5 seconds...","logger":"task.stdout"}
{"timestamp":"2026-04-13T10:30:36.972372Z","level":"info","event":"2026-04-13 10:30:36 | include.utils.retry | WARNING | [line:30] | module 'include.utils.config' has no attribute 'PROJECT_S3_BUCKET_NAME', Retrying in 10 seconds...","logger":"task.stdout"}
{"timestamp":"2026-04-13T10:30:46.993150Z","level":"info","event":"2026-04-13 10:30:46 | include.load.ingest_s3_datasets | ERROR | [line:47] | Failed to ingest S3 dataset suppliers: module 'include.utils.config' has no attribute 'PROJECT_S3_BUCKET_NAME'","logger":"task.stdout"}
{"timestamp":"2026-04-13T10:30:46.993487Z","level":"info","event":"2026-04-13 10:30:46 | include.load.ingest_s3_datasets | INFO | [line:24] | Processing S3 Dataset: warehouses","logger":"task.stdout"}
{"timestamp":"2026-04-13T10:30:46.993824Z","level":"info","event":"2026-04-13 10:30:46 | include.utils.retry | WARNING | [line:30] | module 'include.utils.config' has no attribute 'PROJECT_S3_BUCKET_NAME', Retrying in 5 seconds...","logger":"task.stdout"}
{"timestamp":"2026-04-13T10:30:52.498317Z","level":"info","event":"2026-04-13 10:30:52 | include.utils.retry | WARNING | [line:30] | module 'include.utils.config' has no attribute 'PROJECT_S3_BUCKET_NAME', Retrying in 10 seconds...","logger":"task.stdout"}
{"timestamp":"2026-04-13T10:30:57.542206Z","level":"error","event":"Server indicated the task shouldn't be running anymore. Terminating process","detail":{"reason":"not_running","message":"TI is no longer in the running state and task should terminate","current_state":"failed"},"logger":"task"}
{"timestamp":"2026-04-13T10:31:02.499155Z","level":"info","event":"2026-04-13 10:31:02 | include.load.ingest_s3_datasets | ERROR | [line:47] | Failed to ingest S3 dataset warehouses: module 'include.utils.config' has no attribute 'PROJECT_S3_BUCKET_NAME'","logger":"task.stdout"}
{"timestamp":"2026-04-13T10:31:02.499752Z","level":"info","event":"2026-04-13 10:31:02 | include.load.ingest_s3_datasets | INFO | [line:24] | Processing S3 Dataset: products","logger":"task.stdout"}
{"timestamp":"2026-04-13T10:31:02.499999Z","level":"info","event":"2026-04-13 10:31:02 | include.utils.retry | WARNING | [line:30] | module 'include.utils.config' has no attribute 'PROJECT_S3_BUCKET_NAME', Retrying in 5 seconds...","logger":"task.stdout"}
{"timestamp":"2026-04-13T10:31:02.594483Z","level":"error","event":"Task killed!","logger":"task"}
